<?xml version="1.0" encoding="utf-8"?>
<coverage line-rate="0.49200000000000005" branch-rate="0.1565" version="1.9" timestamp="1786816014" lines-covered="832" lines-valid="1691" branches-covered="137" branches-valid="875">
  <sources>
    <source>C:\repo\SAP_B1_ApprovalCenter\src\</source>
  </sources>
  <packages>
    <package name="Approval.Application" line-rate="0.4153" branch-rate="0.2266" complexity="512">
      <classes>
        <class name="Approval.Application.Services.WorkflowEngine" filename="Approval.Application\Services\WorkflowEngine.cs" line-rate="0.7794" branch-rate="0.629" complexity="64">
          <methods>
            <method name="ParseAndValidateGraph" signature="(System.String)" line-rate="0.7142000000000001" branch-rate="0.5" complexity="16">
              <lines>
                <line number="494" hits="7" branch="True" condition-coverage="50% (1/2)">
                  <conditions>
                    <condition number="19" type="jump" coverage="50%" />
                  </conditions>
                </line>
                <line number="495" hits="7" branch="False" />
                <line number="496" hits="7" branch="True" condition-coverage="50% (1/2)">
                  <conditions>
                    <condition number="54" type="jump" coverage="50%" />
                  </conditions>
                </line>
                <line number="497" hits="65" branch="True" condition-coverage="50% (2/4)">
                  <conditions>
                    <condition number="150" type="jump" coverage="50%" />
                    <condition number="11" type="jump" coverage="50%" />
                  </conditions>
                </line>
                <line number="498" hits="0" branch="False" />
                <line number="499" hits="36" branch="True" condition-coverage="50% (1/2)">
                  <conditions>
                    <condition number="211" type="jump" coverage="50%" />
                  </conditions>
                </line>
                <line number="500" hits="0" branch="False" />
                <line number="501" hits="7" branch="False" />
                <line number="502" hits="36" branch="False" />
                <line number="503" hits="7" branch="True" condition-coverage="50% (1/2)">
                  <conditions>
                    <condition number="277" type="jump" coverage="50%" />
                  </conditions>
                </line>
                <line number="504" hits="0" branch="False" />
                <line number="505" hits="181" branch="True" condition-coverage="50% (2/4)">
                  <conditions>
                    <condition number="392" type="jump" coverage="50%" />
                    <condition number="41" type="jump" coverage="50%" />
                  </conditions>
                </line>
                <line number="506" hits="0" branch="False" />
                <line number="507" hits="7" branch="False" />
              </lines>
            </method>
            <method name="ResolveNextExecutableNode" signature="(Approval.Application.Common.Models.WorkflowGraphDefinition,System.String,System.Decimal,System.String)" line-rate="0.9333" branch-rate="0.85" complexity="20">
              <lines>
                <line number="516" hits="7" branch="False" />
                <line number="517" hits="7" branch="False" />
                <line number="518" hits="7" branch="False" />
                <line number="519" hits="2" branch="False" />
                <line number="521" hits="9" branch="True" condition-coverage="50% (1/2)">
                  <conditions>
                    <condition number="49" type="jump" coverage="50%" />
                  </conditions>
                </line>
                <line number="522" hits="45" branch="True" condition-coverage="100% (2/2)">
                  <conditions>
                    <condition number="75" type="jump" coverage="100%" />
                  </conditions>
                </line>
                <line number="523" hits="19" branch="True" condition-coverage="100% (4/4)">
                  <conditions>
                    <condition number="121" type="jump" coverage="100%" />
                    <condition number="153" type="jump" coverage="100%" />
                  </conditions>
                </line>
                <line number="524" hits="11" branch="False" />
                <line number="525" hits="9" branch="True" condition-coverage="50% (1/2)">
                  <conditions>
                    <condition number="204" type="jump" coverage="50%" />
                  </conditions>
                </line>
                <line number="526" hits="48" branch="False" />
                <line number="527" hits="16" branch="True" condition-coverage="100% (6/6)">
                  <conditions>
                    <condition number="270" type="jump" coverage="100%" />
                    <condition number="275" type="jump" coverage="100%" />
                    <condition number="287" type="jump" coverage="100%" />
                  </conditions>
                </line>
                <line number="528" hits="2" branch="True" condition-coverage="50% (1/2)">
                  <conditions>
                    <condition number="300" type="jump" coverage="50%" />
                  </conditions>
                </line>
                <line number="529" hits="2" branch="True" condition-coverage="100% (2/2)">
                  <conditions>
                    <condition number="316" type="jump" coverage="100%" />
                  </conditions>
                </line>
                <line number="531" hits="0" branch="False" />
                <line number="532" hits="2" branch="False" />
              </lines>
            </method>
            <method name="EvaluateExpression" signature="(System.String,System.Decimal)" line-rate="0.6111" branch-rate="0.44439999999999996" complexity="18">
              <lines>
                <line number="538" hits="2" branch="True" condition-coverage="50% (1/2)">
                  <conditions>
                    <condition number="6" type="jump" coverage="50%" />
                  </conditions>
                </line>
                <line number="539" hits="2" branch="False" />
                <line number="541" hits="2" branch="True" condition-coverage="50% (1/2)">
                  <conditions>
                    <condition number="39" type="jump" coverage="50%" />
                  </conditions>
                </line>
                <line number="542" hits="0" branch="False" />
                <line number="543" hits="2" branch="False" />
                <line number="544" hits="2" branch="True" condition-coverage="50% (1/2)">
                  <conditions>
                    <condition number="153" type="jump" coverage="50%" />
                  </conditions>
                </line>
                <line number="545" hits="2" branch="False" />
                <line number="546" hits="2" branch="True" condition-coverage="50% (1/2)">
                  <conditions>
                    <condition number="215" type="jump" coverage="50%" />
                  </conditions>
                </line>
                <line number="547" hits="0" branch="False" />
                <line number="548" hits="2" branch="True" condition-coverage="40% (4/10)">
                  <conditions>
                    <condition number="245" type="jump" coverage="50%" />
                    <condition number="258" type="jump" coverage="50%" />
                    <condition number="271" type="jump" coverage="50%" />
                    <condition number="284" type="jump" coverage="50%" />
                    <condition number="297" type="jump" coverage="0%" />
                  </conditions>
                </line>
                <line number="549" hits="2" branch="False" />
                <line number="550" hits="0" branch="False" />
                <line number="551" hits="0" branch="False" />
                <line number="552" hits="0" branch="False" />
                <line number="553" hits="2" branch="False" />
                <line number="554" hits="0" branch="False" />
                <line number="555" hits="0" branch="False" />
                <line number="556" hits="2" branch="False" />
              </lines>
            </method>
            <method name="ExtractDocTotal" signature="(System.String)" line-rate="0.7" branch-rate="0.75" complexity="8">
              <lines>
                <line number="563" hits="2" branch="False" />
                <line number="564" hits="2" branch="False" />
                <line number="565" hits="2" branch="True" condition-coverage="50% (1/2)">
                  <conditions>
                    <condition number="36" type="jump" coverage="50%" />
                  </conditions>
                </line>
                <line number="566" hits="10" branch="True" condition-coverage="50% (1/2)">
                  <conditions>
                    <condition number="136" type="jump" coverage="50%" />
                  </conditions>
                </line>
                <line number="567" hits="4" branch="True" condition-coverage="100% (4/4)">
                  <conditions>
                    <condition number="103" type="jump" coverage="100%" />
                    <condition number="122" type="jump" coverage="100%" />
                  </conditions>
                </line>
                <line number="568" hits="2" branch="False" />
                <line number="569" hits="0" branch="False" />
                <line number="571" hits="0" branch="False" />
                <line number="573" hits="0" branch="False" />
                <line number="575" hits="2" branch="False" />
              </lines>
            </method>
            <method name=".ctor" signature="(Approval.Application.Common.Interfaces.IApprovalDbContext,Approval.Application.Common.Interfaces.ITraceContext,Approval.Application.Common.Interfaces.IUserDirectoryService,Approval.Application.Common.Interfaces.IWorkflowRuleMatcher)" line-rate="1" branch-rate="1" complexity="1">
              <lines>
                <line number="24" hits="4" branch="False" />
                <line number="25" hits="4" branch="False" />
                <line number="26" hits="4" branch="False" />
                <line number="27" hits="4" branch="False" />
                <line number="28" hits="4" branch="False" />
                <line number="30" hits="4" branch="False" />
                <line number="31" hits="4" branch="False" />
                <line number="32" hits="4" branch="False" />
                <line number="33" hits="4" branch="False" />
                <line number="34" hits="4" branch="False" />
              </lines>
            </method>
            <method name=".cctor" signature="()" line-rate="1" branch-rate="1" complexity="1">
              <lines>
                <line number="18" hits="1" branch="False" />
              </lines>
            </method>
          </methods>
          <lines>
            <line number="494" hits="7" branch="True" condition-coverage="50% (1/2)">
              <conditions>
                <condition number="19" type="jump" coverage="50%" />
              </conditions>
            </line>
            <line number="495" hits="7" branch="False" />
            <line number="496" hits="7" branch="True" condition-coverage="50% (1/2)">
              <conditions>
                <condition number="54" type="jump" coverage="50%" />
              </conditions>
            </line>
            <line number="497" hits="65" branch="True" condition-coverage="50% (2/4)">
              <conditions>
                <condition number="150" type="jump" coverage="50%" />
                <condition number="11" type="jump" coverage="50%" />
              </conditions>
            </line>
            <line number="498" hits="0" branch="False" />
            <line number="499" hits="36" branch="True" condition-coverage="50% (1/2)">
              <conditions>
                <condition number="211" type="jump" coverage="50%" />
              </conditions>
            </line>
            <line number="500" hits="0" branch="False" />
            <line number="501" hits="7" branch="False" />
            <line number="502" hits="36" branch="False" />
            <line number="503" hits="7" branch="True" condition-coverage="50% (1/2)">
              <conditions>
                <condition number="277" type="jump" coverage="50%" />
              </conditions>
            </line>
            <line number="504" hits="0" branch="False" />
            <line number="505" hits="181" branch="True" condition-coverage="50% (2/4)">
              <conditions>
                <condition number="392" type="jump" coverage="50%" />
                <condition number="41" type="jump" coverage="50%" />
              </conditions>
            </line>
            <line number="506" hits="0" branch="False" />
            <line number="507" hits="7" branch="False" />
            <line number="516" hits="7" branch="False" />
            <line number="517" hits="7" branch="False" />
            <line number="518" hits="7" branch="False" />
            <line number="519" hits="2" branch="False" />
            <line number="521" hits="9" branch="True" condition-coverage="50% (1/2)">
              <conditions>
                <condition number="49" type="jump" coverage="50%" />
              </conditions>
            </line>
            <line number="522" hits="45" branch="True" condition-coverage="100% (2/2)">
              <conditions>
                <condition number="75" type="jump" coverage="100%" />
              </conditions>
            </line>
            <line number="523" hits="19" branch="True" condition-coverage="100% (4/4)">
              <conditions>
                <condition number="121" type="jump" coverage="100%" />
                <condition number="153" type="jump" coverage="100%" />
              </conditions>
            </line>
            <line number="524" hits="11" branch="False" />
            <line number="525" hits="9" branch="True" condition-coverage="50% (1/2)">
              <conditions>
                <condition number="204" type="jump" coverage="50%" />
              </conditions>
            </line>
            <line number="526" hits="48" branch="False" />
            <line number="527" hits="16" branch="True" condition-coverage="100% (6/6)">
              <conditions>
                <condition number="270" type="jump" coverage="100%" />
                <condition number="275" type="jump" coverage="100%" />
                <condition number="287" type="jump" coverage="100%" />
              </conditions>
            </line>
            <line number="528" hits="2" branch="True" condition-coverage="50% (1/2)">
              <conditions>
                <condition number="300" type="jump" coverage="50%" />
              </conditions>
            </line>
            <line number="529" hits="2" branch="True" condition-coverage="100% (2/2)">
              <conditions>
                <condition number="316" type="jump" coverage="100%" />
              </conditions>
            </line>
            <line number="531" hits="0" branch="False" />
            <line number="532" hits="2" branch="False" />
            <line number="538" hits="2" branch="True" condition-coverage="50% (1/2)">
              <conditions>
                <condition number="6" type="jump" coverage="50%" />
              </conditions>
            </line>
            <line number="539" hits="2" branch="False" />
            <line number="541" hits="2" branch="True" condition-coverage="50% (1/2)">
              <conditions>
                <condition number="39" type="jump" coverage="50%" />
              </conditions>
            </line>
            <line number="542" hits="0" branch="False" />
            <line number="543" hits="2" branch="False" />
            <line number="544" hits="2" branch="True" condition-coverage="50% (1/2)">
              <conditions>
                <condition number="153" type="jump" coverage="50%" />
              </conditions>
            </line>
            <line number="545" hits="2" branch="False" />
            <line number="546" hits="2" branch="True" condition-coverage="50% (1/2)">
              <conditions>
                <condition number="215" type="jump" coverage="50%" />
              </conditions>
            </line>
            <line number="547" hits="0" branch="False" />
            <line number="548" hits="2" branch="True" condition-coverage="40% (4/10)">
              <conditions>
                <condition number="245" type="jump" coverage="50%" />
                <condition number="258" type="jump" coverage="50%" />
                <condition number="271" type="jump" coverage="50%" />
                <condition number="284" type="jump" coverage="50%" />
                <condition number="297" type="jump" coverage="0%" />
              </conditions>
            </line>
            <line number="549" hits="2" branch="False" />
            <line number="550" hits="0" branch="False" />
            <line number="551" hits="0" branch="False" />
            <line number="552" hits="0" branch="False" />
            <line number="553" hits="2" branch="False" />
            <line number="554" hits="0" branch="False" />
            <line number="555" hits="0" branch="False" />
            <line number="556" hits="2" branch="False" />
            <line number="563" hits="2" branch="False" />
            <line number="564" hits="2" branch="False" />
            <line number="565" hits="2" branch="True" condition-coverage="50% (1/2)">
              <conditions>
                <condition number="36" type="jump" coverage="50%" />
              </conditions>
            </line>
            <line number="566" hits="10" branch="True" condition-coverage="50% (1/2)">
              <conditions>
                <condition number="136" type="jump" coverage="50%" />
              </conditions>
            </line>
            <line number="567" hits="4" branch="True" condition-coverage="100% (4/4)">
              <conditions>
                <condition number="103" type="jump" coverage="100%" />
                <condition number="122" type="jump" coverage="100%" />
              </conditions>
            </line>
            <line number="568" hits="2" branch="False" />
            <line number="569" hits="0" branch="False" />
            <line number="571" hits="0" branch="False" />
            <line number="573" hits="0" branch="False" />
            <line number="575" hits="2" branch="False" />
            <line number="24" hits="4" branch="False" />
            <line number="25" hits="4" branch="False" />
            <line number="26" hits="4" branch="False" />
            <line number="27" hits="4" branch="False" />
            <line number="28" hits="4" branch="False" />
            <line number="30" hits="4" branch="False" />
            <line number="31" hits="4" branch="False" />
            <line number="32" hits="4" branch="False" />
            <line number="33" hits="4" branch="False" />
            <line number="34" hits="4" branch="False" />
            <line number="18" hits="1" branch="False" />
          </lines>
        </class>
        <class name="Approval.Application.Services.WorkflowEngine/&lt;&gt;c__DisplayClass9_0" filename="Approval.Application\Services\WorkflowEngine.cs" line-rate="0" branch-rate="1" complexity="1">
          <methods>
            <method name="&lt;RevokeWorkflowAsync&gt;b__8" signature="(System.String)" line-rate="0" branch-rate="1" complexity="1">
              <lines>
                <line number="386" hits="0" branch="False" />
              </lines>
            </method>
          </methods>
          <lines>
            <line number="386" hits="0" branch="False" />
          </lines>
        </class>
        <class name="Approval.Application.Services.WorkflowEngine/&lt;AddApprovalTaskAsync&gt;d__10" filename="Approval.Application\Services\WorkflowEngine.cs" line-rate="0.9523" branch-rate="0.6666" complexity="6">
          <methods>
            <method name="MoveNext" signature="()" line-rate="0.9523" branch-rate="0.6666" complexity="6">
              <lines>
                <line number="421" hits="5" branch="True" condition-coverage="50% (1/2)">
                  <conditions>
                    <condition number="32" type="jump" coverage="50%" />
                  </conditions>
                </line>
                <line number="422" hits="0" branch="False" />
                <line number="424" hits="5" branch="False" />
                <line number="425" hits="5" branch="False" />
                <line number="426" hits="5" branch="False" />
                <line number="427" hits="5" branch="False" />
                <line number="428" hits="5" branch="False" />
                <line number="430" hits="5" branch="True" condition-coverage="50% (1/2)">
                  <conditions>
                    <condition number="210" type="jump" coverage="50%" />
                  </conditions>
                </line>
                <line number="431" hits="0" branch="False" />
                <line number="433" hits="5" branch="False" />
                <line number="434" hits="5" branch="False" />
                <line number="435" hits="5" branch="False" />
                <line number="436" hits="5" branch="False" />
                <line number="437" hits="5" branch="False" />
                <line number="438" hits="5" branch="False" />
                <line number="439" hits="5" branch="False" />
                <line number="440" hits="5" branch="False" />
                <line number="441" hits="5" branch="False" />
                <line number="442" hits="5" branch="False" />
                <line number="443" hits="5" branch="False" />
                <line number="444" hits="5" branch="False" />
                <line number="445" hits="5" branch="False" />
                <line number="446" hits="5" branch="False" />
                <line number="447" hits="5" branch="False" />
                <line number="448" hits="5" branch="False" />
                <line number="449" hits="5" branch="False" />
                <line number="450" hits="5" branch="False" />
                <line number="451" hits="5" branch="False" />
                <line number="452" hits="5" branch="False" />
                <line number="453" hits="28" branch="True" condition-coverage="100% (2/2)">
                  <conditions>
                    <condition number="583" type="jump" coverage="100%" />
                  </conditions>
                </line>
                <line number="455" hits="9" branch="False" />
                <line number="456" hits="9" branch="False" />
                <line number="457" hits="9" branch="False" />
                <line number="458" hits="9" branch="False" />
                <line number="459" hits="9" branch="False" />
                <line number="460" hits="9" branch="False" />
                <line number="461" hits="9" branch="False" />
                <line number="464" hits="5" branch="False" />
                <line number="465" hits="5" branch="False" />
                <line number="466" hits="5" branch="False" />
                <line number="467" hits="5" branch="False" />
                <line number="468" hits="5" branch="False" />
              </lines>
            </method>
          </methods>
          <lines>
            <line number="421" hits="5" branch="True" condition-coverage="50% (1/2)">
              <conditions>
                <condition number="32" type="jump" coverage="50%" />
              </conditions>
            </line>
            <line number="422" hits="0" branch="False" />
            <line number="424" hits="5" branch="False" />
            <line number="425" hits="5" branch="False" />
            <line number="426" hits="5" branch="False" />
            <line number="427" hits="5" branch="False" />
            <line number="428" hits="5" branch="False" />
            <line number="430" hits="5" branch="True" condition-coverage="50% (1/2)">
              <conditions>
                <condition number="210" type="jump" coverage="50%" />
              </conditions>
            </line>
            <line number="431" hits="0" branch="False" />
            <line number="433" hits="5" branch="False" />
            <line number="434" hits="5" branch="False" />
            <line number="435" hits="5" branch="False" />
            <line number="436" hits="5" branch="False" />
            <line number="437" hits="5" branch="False" />
            <line number="438" hits="5" branch="False" />
            <line number="439" hits="5" branch="False" />
            <line number="440" hits="5" branch="False" />
            <line number="441" hits="5" branch="False" />
            <line number="442" hits="5" branch="False" />
            <line number="443" hits="5" branch="False" />
            <line number="444" hits="5" branch="False" />
            <line number="445" hits="5" branch="False" />
            <line number="446" hits="5" branch="False" />
            <line number="447" hits="5" branch="False" />
            <line number="448" hits="5" branch="False" />
            <line number="449" hits="5" branch="False" />
            <line number="450" hits="5" branch="False" />
            <line number="451" hits="5" branch="False" />
            <line number="452" hits="5" branch="False" />
            <line number="453" hits="28" branch="True" condition-coverage="100% (2/2)">
              <conditions>
                <condition number="583" type="jump" coverage="100%" />
              </conditions>
            </line>
            <line number="455" hits="9" branch="False" />
            <line number="456" hits="9" branch="False" />
            <line number="457" hits="9" branch="False" />
            <line number="458" hits="9" branch="False" />
            <line number="459" hits="9" branch="False" />
            <line number="460" hits="9" branch="False" />
            <line number="461" hits="9" branch="False" />
            <line number="464" hits="5" branch="False" />
            <line number="465" hits="5" branch="False" />
            <line number="466" hits="5" branch="False" />
            <line number="467" hits="5" branch="False" />
            <line number="468" hits="5" branch="False" />
          </lines>
        </class>
        <class name="Approval.Application.Services.WorkflowEngine/&lt;AddOutboxAsync&gt;d__11" filename="Approval.Application\Services\WorkflowEngine.cs" line-rate="1" branch-rate="1" complexity="1">
          <methods>
            <method name="MoveNext" signature="()" line-rate="1" branch-rate="1" complexity="1">
              <lines>
                <line number="472" hits="8" branch="False" />
                <line number="473" hits="8" branch="False" />
                <line number="474" hits="8" branch="False" />
                <line number="475" hits="8" branch="False" />
                <line number="476" hits="8" branch="False" />
                <line number="477" hits="8" branch="False" />
                <line number="478" hits="8" branch="False" />
                <line number="479" hits="8" branch="False" />
                <line number="480" hits="8" branch="False" />
                <line number="481" hits="8" branch="False" />
                <line number="482" hits="8" branch="False" />
                <line number="483" hits="8" branch="False" />
                <line number="484" hits="8" branch="False" />
                <line number="485" hits="8" branch="False" />
                <line number="486" hits="8" branch="False" />
                <line number="487" hits="8" branch="False" />
                <line number="488" hits="8" branch="False" />
                <line number="489" hits="8" branch="False" />
                <line number="490" hits="8" branch="False" />
              </lines>
            </method>
          </methods>
          <lines>
            <line number="472" hits="8" branch="False" />
            <line number="473" hits="8" branch="False" />
            <line number="474" hits="8" branch="False" />
            <line number="475" hits="8" branch="False" />
            <line number="476" hits="8" branch="False" />
            <line number="477" hits="8" branch="False" />
            <line number="478" hits="8" branch="False" />
            <line number="479" hits="8" branch="False" />
            <line number="480" hits="8" branch="False" />
            <line number="481" hits="8" branch="False" />
            <line number="482" hits="8" branch="False" />
            <line number="483" hits="8" branch="False" />
            <line number="484" hits="8" branch="False" />
            <line number="485" hits="8" branch="False" />
            <line number="486" hits="8" branch="False" />
            <line number="487" hits="8" branch="False" />
            <line number="488" hits="8" branch="False" />
            <line number="489" hits="8" branch="False" />
            <line number="490" hits="8" branch="False" />
          </lines>
        </class>
        <class name="Approval.Application.Services.WorkflowEngine/&lt;ForwardTaskAsync&gt;d__8" filename="Approval.Application\Services\WorkflowEngine.cs" line-rate="0" branch-rate="0" complexity="20">
          <methods>
            <method name="MoveNext" signature="()" line-rate="0" branch-rate="0" complexity="20">
              <lines>
                <line number="255" hits="0" branch="True" condition-coverage="0% (0/2)">
                  <conditions>
                    <condition number="110" type="jump" coverage="0%" />
                  </conditions>
                </line>
                <line number="256" hits="0" branch="False" />
                <line number="257" hits="0" branch="True" condition-coverage="0% (0/2)">
                  <conditions>
                    <condition number="139" type="jump" coverage="0%" />
                  </conditions>
                </line>
                <line number="258" hits="0" branch="False" />
                <line number="260" hits="0" branch="True" condition-coverage="0% (0/2)">
                  <conditions>
                    <condition number="273" type="jump" coverage="0%" />
                  </conditions>
                </line>
                <line number="261" hits="0" branch="False" />
                <line number="262" hits="0" branch="True" condition-coverage="0% (0/2)">
                  <conditions>
                    <condition number="325" type="jump" coverage="0%" />
                  </conditions>
                </line>
                <line number="263" hits="0" branch="False" />
                <line number="265" hits="0" branch="False" />
                <line number="266" hits="0" branch="True" condition-coverage="0% (0/2)">
                  <conditions>
                    <condition number="607" type="jump" coverage="0%" />
                  </conditions>
                </line>
                <line number="267" hits="0" branch="False" />
                <line number="269" hits="0" branch="True" condition-coverage="0% (0/2)">
                  <conditions>
                    <condition number="839" type="jump" coverage="0%" />
                  </conditions>
                </line>
                <line number="270" hits="0" branch="False" />
                <line number="272" hits="0" branch="False" />
                <line number="275" hits="0" branch="True" condition-coverage="0% (0/2)">
                  <conditions>
                    <condition number="1071" type="jump" coverage="0%" />
                  </conditions>
                </line>
                <line number="277" hits="0" branch="True" condition-coverage="0% (0/2)">
                  <conditions>
                    <condition number="1134" type="jump" coverage="0%" />
                  </conditions>
                </line>
                <line number="278" hits="0" branch="False" />
                <line number="279" hits="0" branch="False" />
                <line number="280" hits="0" branch="False" />
                <line number="281" hits="0" branch="False" />
                <line number="282" hits="0" branch="False" />
                <line number="283" hits="0" branch="False" />
                <line number="287" hits="0" branch="True" condition-coverage="0% (0/4)">
                  <conditions>
                    <condition number="1419" type="jump" coverage="0%" />
                    <condition number="1459" type="jump" coverage="0%" />
                  </conditions>
                </line>
                <line number="288" hits="0" branch="False" />
                <line number="289" hits="0" branch="False" />
                <line number="290" hits="0" branch="False" />
                <line number="291" hits="0" branch="False" />
                <line number="292" hits="0" branch="False" />
                <line number="293" hits="0" branch="False" />
                <line number="294" hits="0" branch="False" />
                <line number="295" hits="0" branch="False" />
                <line number="296" hits="0" branch="False" />
                <line number="297" hits="0" branch="False" />
                <line number="298" hits="0" branch="False" />
                <line number="299" hits="0" branch="False" />
                <line number="300" hits="0" branch="False" />
                <line number="302" hits="0" branch="False" />
                <line number="303" hits="0" branch="False" />
              </lines>
            </method>
          </methods>
          <lines>
            <line number="255" hits="0" branch="True" condition-coverage="0% (0/2)">
              <conditions>
                <condition number="110" type="jump" coverage="0%" />
              </conditions>
            </line>
            <line number="256" hits="0" branch="False" />
            <line number="257" hits="0" branch="True" condition-coverage="0% (0/2)">
              <conditions>
                <condition number="139" type="jump" coverage="0%" />
              </conditions>
            </line>
            <line number="258" hits="0" branch="False" />
            <line number="260" hits="0" branch="True" condition-coverage="0% (0/2)">
              <conditions>
                <condition number="273" type="jump" coverage="0%" />
              </conditions>
            </line>
            <line number="261" hits="0" branch="False" />
            <line number="262" hits="0" branch="True" condition-coverage="0% (0/2)">
              <conditions>
                <condition number="325" type="jump" coverage="0%" />
              </conditions>
            </line>
            <line number="263" hits="0" branch="False" />
            <line number="265" hits="0" branch="False" />
            <line number="266" hits="0" branch="True" condition-coverage="0% (0/2)">
              <conditions>
                <condition number="607" type="jump" coverage="0%" />
              </conditions>
            </line>
            <line number="267" hits="0" branch="False" />
            <line number="269" hits="0" branch="True" condition-coverage="0% (0/2)">
              <conditions>
                <condition number="839" type="jump" coverage="0%" />
              </conditions>
            </line>
            <line number="270" hits="0" branch="False" />
            <line number="272" hits="0" branch="False" />
            <line number="275" hits="0" branch="True" condition-coverage="0% (0/2)">
              <conditions>
                <condition number="1071" type="jump" coverage="0%" />
              </conditions>
            </line>
            <line number="277" hits="0" branch="True" condition-coverage="0% (0/2)">
              <conditions>
                <condition number="1134" type="jump" coverage="0%" />
              </conditions>
            </line>
            <line number="278" hits="0" branch="False" />
            <line number="279" hits="0" branch="False" />
            <line number="280" hits="0" branch="False" />
            <line number="281" hits="0" branch="False" />
            <line number="282" hits="0" branch="False" />
            <line number="283" hits="0" branch="False" />
            <line number="287" hits="0" branch="True" condition-coverage="0% (0/4)">
              <conditions>
                <condition number="1419" type="jump" coverage="0%" />
                <condition number="1459" type="jump" coverage="0%" />
              </conditions>
            </line>
            <line number="288" hits="0" branch="False" />
            <line number="289" hits="0" branch="False" />
            <line number="290" hits="0" branch="False" />
            <line number="291" hits="0" branch="False" />
            <line number="292" hits="0" branch="False" />
            <line number="293" hits="0" branch="False" />
            <line number="294" hits="0" branch="False" />
            <line number="295" hits="0" branch="False" />
            <line number="296" hits="0" branch="False" />
            <line number="297" hits="0" branch="False" />
            <line number="298" hits="0" branch="False" />
            <line number="299" hits="0" branch="False" />
            <line number="300" hits="0" branch="False" />
            <line number="302" hits="0" branch="False" />
            <line number="303" hits="0" branch="False" />
          </lines>
        </class>
        <class name="Approval.Application.Services.WorkflowEngine/&lt;ProcessDecisionAsync&gt;d__7" filename="Approval.Application\Services\WorkflowEngine.cs" line-rate="0.8787" branch-rate="0.6666" complexity="30">
          <methods>
            <method name="MoveNext" signature="()" line-rate="0.8787" branch-rate="0.6666" complexity="30">
              <lines>
                <line number="158" hits="5" branch="True" condition-coverage="50% (1/2)">
                  <conditions>
                    <condition number="105" type="jump" coverage="50%" />
                  </conditions>
                </line>
                <line number="159" hits="0" branch="False" />
                <line number="161" hits="5" branch="True" condition-coverage="50% (1/2)">
                  <conditions>
                    <condition number="242" type="jump" coverage="50%" />
                  </conditions>
                </line>
                <line number="162" hits="5" branch="False" />
                <line number="163" hits="5" branch="True" condition-coverage="100% (2/2)">
                  <conditions>
                    <condition number="294" type="jump" coverage="100%" />
                  </conditions>
                </line>
                <line number="164" hits="1" branch="False" />
                <line number="166" hits="4" branch="True" condition-coverage="50% (1/2)">
                  <conditions>
                    <condition number="418" type="jump" coverage="50%" />
                  </conditions>
                </line>
                <line number="167" hits="4" branch="False" />
                <line number="169" hits="4" branch="True" condition-coverage="100% (4/4)">
                  <conditions>
                    <condition number="445" type="jump" coverage="100%" />
                    <condition number="635" type="jump" coverage="100%" />
                  </conditions>
                </line>
                <line number="170" hits="1" branch="False" />
                <line number="172" hits="3" branch="True" condition-coverage="50% (1/2)">
                  <conditions>
                    <condition number="876" type="jump" coverage="50%" />
                  </conditions>
                </line>
                <line number="173" hits="3" branch="False" />
                <line number="174" hits="3" branch="True" condition-coverage="50% (1/2)">
                  <conditions>
                    <condition number="933" type="jump" coverage="50%" />
                  </conditions>
                </line>
                <line number="175" hits="0" branch="False" />
                <line number="176" hits="3" branch="True" condition-coverage="50% (1/2)">
                  <conditions>
                    <condition number="1143" type="jump" coverage="50%" />
                  </conditions>
                </line>
                <line number="177" hits="3" branch="False" />
                <line number="178" hits="3" branch="True" condition-coverage="50% (1/2)">
                  <conditions>
                    <condition number="1317" type="jump" coverage="50%" />
                  </conditions>
                </line>
                <line number="179" hits="3" branch="False" />
                <line number="181" hits="3" branch="False" />
                <line number="182" hits="3" branch="True" condition-coverage="100% (2/2)">
                  <conditions>
                    <condition number="1343" type="jump" coverage="100%" />
                  </conditions>
                </line>
                <line number="184" hits="2" branch="True" condition-coverage="50% (1/2)">
                  <conditions>
                    <condition number="1486" type="jump" coverage="50%" />
                  </conditions>
                </line>
                <line number="185" hits="2" branch="False" />
                <line number="186" hits="2" branch="False" />
                <line number="187" hits="2" branch="False" />
                <line number="190" hits="3" branch="False" />
                <line number="191" hits="3" branch="False" />
                <line number="192" hits="3" branch="False" />
                <line number="193" hits="3" branch="False" />
                <line number="194" hits="3" branch="False" />
                <line number="195" hits="3" branch="False" />
                <line number="196" hits="3" branch="False" />
                <line number="197" hits="3" branch="False" />
                <line number="200" hits="3" branch="True" condition-coverage="50% (1/2)">
                  <conditions>
                    <condition number="1728" type="jump" coverage="50%" />
                  </conditions>
                </line>
                <line number="202" hits="0" branch="False" />
                <line number="203" hits="0" branch="False" />
                <line number="204" hits="0" branch="False" />
                <line number="205" hits="0" branch="False" />
                <line number="207" hits="3" branch="True" condition-coverage="100% (2/2)">
                  <conditions>
                    <condition number="1940" type="jump" coverage="100%" />
                  </conditions>
                </line>
                <line number="209" hits="1" branch="False" />
                <line number="210" hits="1" branch="False" />
                <line number="211" hits="1" branch="False" />
                <line number="212" hits="1" branch="False" />
                <line number="214" hits="2" branch="True" condition-coverage="50% (1/2)">
                  <conditions>
                    <condition number="2153" type="jump" coverage="50%" />
                  </conditions>
                </line>
                <line number="216" hits="2" branch="False" />
                <line number="217" hits="2" branch="False" />
                <line number="218" hits="2" branch="False" />
                <line number="219" hits="2" branch="False" />
                <line number="223" hits="0" branch="False" />
                <line number="224" hits="0" branch="False" />
                <line number="227" hits="3" branch="False" />
                <line number="228" hits="3" branch="False" />
                <line number="229" hits="3" branch="False" />
                <line number="230" hits="3" branch="False" />
                <line number="231" hits="3" branch="False" />
                <line number="232" hits="3" branch="False" />
                <line number="233" hits="3" branch="False" />
                <line number="234" hits="3" branch="False" />
                <line number="235" hits="3" branch="False" />
                <line number="236" hits="3" branch="False" />
                <line number="237" hits="3" branch="False" />
                <line number="238" hits="3" branch="False" />
                <line number="239" hits="3" branch="False" />
                <line number="240" hits="3" branch="False" />
                <line number="242" hits="3" branch="False" />
                <line number="243" hits="3" branch="False" />
                <line number="244" hits="3" branch="False" />
              </lines>
            </method>
          </methods>
          <lines>
            <line number="158" hits="5" branch="True" condition-coverage="50% (1/2)">
              <conditions>
                <condition number="105" type="jump" coverage="50%" />
              </conditions>
            </line>
            <line number="159" hits="0" branch="False" />
            <line number="161" hits="5" branch="True" condition-coverage="50% (1/2)">
              <conditions>
                <condition number="242" type="jump" coverage="50%" />
              </conditions>
            </line>
            <line number="162" hits="5" branch="False" />
            <line number="163" hits="5" branch="True" condition-coverage="100% (2/2)">
              <conditions>
                <condition number="294" type="jump" coverage="100%" />
              </conditions>
            </line>
            <line number="164" hits="1" branch="False" />
            <line number="166" hits="4" branch="True" condition-coverage="50% (1/2)">
              <conditions>
                <condition number="418" type="jump" coverage="50%" />
              </conditions>
            </line>
            <line number="167" hits="4" branch="False" />
            <line number="169" hits="4" branch="True" condition-coverage="100% (4/4)">
              <conditions>
                <condition number="445" type="jump" coverage="100%" />
                <condition number="635" type="jump" coverage="100%" />
              </conditions>
            </line>
            <line number="170" hits="1" branch="False" />
            <line number="172" hits="3" branch="True" condition-coverage="50% (1/2)">
              <conditions>
                <condition number="876" type="jump" coverage="50%" />
              </conditions>
            </line>
            <line number="173" hits="3" branch="False" />
            <line number="174" hits="3" branch="True" condition-coverage="50% (1/2)">
              <conditions>
                <condition number="933" type="jump" coverage="50%" />
              </conditions>
            </line>
            <line number="175" hits="0" branch="False" />
            <line number="176" hits="3" branch="True" condition-coverage="50% (1/2)">
              <conditions>
                <condition number="1143" type="jump" coverage="50%" />
              </conditions>
            </line>
            <line number="177" hits="3" branch="False" />
            <line number="178" hits="3" branch="True" condition-coverage="50% (1/2)">
              <conditions>
                <condition number="1317" type="jump" coverage="50%" />
              </conditions>
            </line>
            <line number="179" hits="3" branch="False" />
            <line number="181" hits="3" branch="False" />
            <line number="182" hits="3" branch="True" condition-coverage="100% (2/2)">
              <conditions>
                <condition number="1343" type="jump" coverage="100%" />
              </conditions>
            </line>
            <line number="184" hits="2" branch="True" condition-coverage="50% (1/2)">
              <conditions>
                <condition number="1486" type="jump" coverage="50%" />
              </conditions>
            </line>
            <line number="185" hits="2" branch="False" />
            <line number="186" hits="2" branch="False" />
            <line number="187" hits="2" branch="False" />
            <line number="190" hits="3" branch="False" />
            <line number="191" hits="3" branch="False" />
            <line number="192" hits="3" branch="False" />
            <line number="193" hits="3" branch="False" />
            <line number="194" hits="3" branch="False" />
            <line number="195" hits="3" branch="False" />
            <line number="196" hits="3" branch="False" />
            <line number="197" hits="3" branch="False" />
            <line number="200" hits="3" branch="True" condition-coverage="50% (1/2)">
              <conditions>
                <condition number="1728" type="jump" coverage="50%" />
              </conditions>
            </line>
            <line number="202" hits="0" branch="False" />
            <line number="203" hits="0" branch="False" />
            <line number="204" hits="0" branch="False" />
            <line number="205" hits="0" branch="False" />
            <line number="207" hits="3" branch="True" condition-coverage="100% (2/2)">
              <conditions>
                <condition number="1940" type="jump" coverage="100%" />
              </conditions>
            </line>
            <line number="209" hits="1" branch="False" />
            <line number="210" hits="1" branch="False" />
            <line number="211" hits="1" branch="False" />
            <line number="212" hits="1" branch="False" />
            <line number="214" hits="2" branch="True" condition-coverage="50% (1/2)">
              <conditions>
                <condition number="2153" type="jump" coverage="50%" />
              </conditions>
            </line>
            <line number="216" hits="2" branch="False" />
            <line number="217" hits="2" branch="False" />
            <line number="218" hits="2" branch="False" />
            <line number="219" hits="2" branch="False" />
            <line number="223" hits="0" branch="False" />
            <line number="224" hits="0" branch="False" />
            <line number="227" hits="3" branch="False" />
            <line number="228" hits="3" branch="False" />
            <line number="229" hits="3" branch="False" />
            <line number="230" hits="3" branch="False" />
            <line number="231" hits="3" branch="False" />
            <line number="232" hits="3" branch="False" />
            <line number="233" hits="3" branch="False" />
            <line number="234" hits="3" branch="False" />
            <line number="235" hits="3" branch="False" />
            <line number="236" hits="3" branch="False" />
            <line number="237" hits="3" branch="False" />
            <line number="238" hits="3" branch="False" />
            <line number="239" hits="3" branch="False" />
            <line number="240" hits="3" branch="False" />
            <line number="242" hits="3" branch="False" />
            <line number="243" hits="3" branch="False" />
            <line number="244" hits="3" branch="False" />
          </lines>
        </class>
        <class name="Approval.Application.Services.WorkflowEngine/&lt;RevokeWorkflowAsync&gt;d__9" filename="Approval.Application\Services\WorkflowEngine.cs" line-rate="0" branch-rate="0" complexity="30">
          <methods>
            <method name="MoveNext" signature="()" line-rate="0" branch-rate="0" complexity="30">
              <lines>
                <line number="312" hits="0" branch="True" condition-coverage="0% (0/2)">
                  <conditions>
                    <condition number="201" type="jump" coverage="0%" />
                  </conditions>
                </line>
                <line number="313" hits="0" branch="False" />
                <line number="315" hits="0" branch="True" condition-coverage="0% (0/2)">
                  <conditions>
                    <condition number="258" type="jump" coverage="0%" />
                  </conditions>
                </line>
                <line number="317" hits="0" branch="False" />
                <line number="321" hits="0" branch="False" />
                <line number="322" hits="0" branch="False" />
                <line number="323" hits="0" branch="True" condition-coverage="0% (0/4)">
                  <conditions>
                    <condition number="386" type="jump" coverage="0%" />
                    <condition number="389" type="jump" coverage="0%" />
                  </conditions>
                </line>
                <line number="325" hits="0" branch="False" />
                <line number="329" hits="0" branch="False" />
                <line number="330" hits="0" branch="True" condition-coverage="0% (0/2)">
                  <conditions>
                    <condition number="569" type="jump" coverage="0%" />
                  </conditions>
                </line>
                <line number="332" hits="0" branch="False" />
                <line number="333" hits="0" branch="True" condition-coverage="0% (0/4)">
                  <conditions>
                    <condition number="588" type="jump" coverage="0%" />
                    <condition number="591" type="jump" coverage="0%" />
                  </conditions>
                </line>
                <line number="335" hits="0" branch="False" />
                <line number="339" hits="0" branch="False" />
                <line number="342" hits="0" branch="False" />
                <line number="343" hits="0" branch="False" />
                <line number="345" hits="0" branch="False" />
                <line number="347" hits="0" branch="True" condition-coverage="0% (0/2)">
                  <conditions>
                    <condition number="987" type="jump" coverage="0%" />
                  </conditions>
                </line>
                <line number="349" hits="0" branch="False" />
                <line number="350" hits="0" branch="True" condition-coverage="0% (0/2)">
                  <conditions>
                    <condition number="962" type="jump" coverage="0%" />
                  </conditions>
                </line>
                <line number="354" hits="0" branch="True" condition-coverage="0% (0/2)">
                  <conditions>
                    <condition number="1165" type="jump" coverage="0%" />
                  </conditions>
                </line>
                <line number="355" hits="0" branch="False" />
                <line number="356" hits="0" branch="False" />
                <line number="357" hits="0" branch="False" />
                <line number="358" hits="0" branch="False" />
                <line number="359" hits="0" branch="False" />
                <line number="360" hits="0" branch="False" />
                <line number="361" hits="0" branch="False" />
                <line number="362" hits="0" branch="False" />
                <line number="363" hits="0" branch="False" />
                <line number="364" hits="0" branch="False" />
                <line number="365" hits="0" branch="False" />
                <line number="366" hits="0" branch="False" />
                <line number="369" hits="0" branch="False" />
                <line number="370" hits="0" branch="False" />
                <line number="371" hits="0" branch="False" />
                <line number="372" hits="0" branch="False" />
                <line number="374" hits="0" branch="False" />
                <line number="375" hits="0" branch="False" />
                <line number="376" hits="0" branch="False" />
                <line number="377" hits="0" branch="False" />
                <line number="379" hits="0" branch="False" />
                <line number="380" hits="0" branch="False" />
                <line number="381" hits="0" branch="False" />
                <line number="382" hits="0" branch="False" />
                <line number="385" hits="0" branch="False" />
                <line number="387" hits="0" branch="False" />
                <line number="389" hits="0" branch="True" condition-coverage="0% (0/2)">
                  <conditions>
                    <condition number="1844" type="jump" coverage="0%" />
                  </conditions>
                </line>
                <line number="390" hits="0" branch="False" />
                <line number="391" hits="0" branch="True" condition-coverage="0% (0/2)">
                  <conditions>
                    <condition number="2053" type="jump" coverage="0%" />
                  </conditions>
                </line>
                <line number="393" hits="0" branch="True" condition-coverage="0% (0/2)">
                  <conditions>
                    <condition number="2419" type="jump" coverage="0%" />
                  </conditions>
                </line>
                <line number="395" hits="0" branch="False" />
                <line number="396" hits="0" branch="False" />
                <line number="397" hits="0" branch="False" />
                <line number="398" hits="0" branch="False" />
                <line number="399" hits="0" branch="False" />
                <line number="400" hits="0" branch="False" />
                <line number="401" hits="0" branch="False" />
                <line number="402" hits="0" branch="False" />
                <line number="403" hits="0" branch="False" />
                <line number="404" hits="0" branch="False" />
                <line number="405" hits="0" branch="False" />
                <line number="406" hits="0" branch="False" />
                <line number="407" hits="0" branch="False" />
                <line number="408" hits="0" branch="False" />
                <line number="412" hits="0" branch="False" />
                <line number="413" hits="0" branch="True" condition-coverage="0% (0/4)">
                  <conditions>
                    <condition number="2623" type="jump" coverage="0%" />
                    <condition number="2636" type="jump" coverage="0%" />
                  </conditions>
                </line>
                <line number="415" hits="0" branch="False" />
                <line number="416" hits="0" branch="False" />
                <line number="417" hits="0" branch="False" />
              </lines>
            </method>
          </methods>
          <lines>
            <line number="312" hits="0" branch="True" condition-coverage="0% (0/2)">
              <conditions>
                <condition number="201" type="jump" coverage="0%" />
              </conditions>
            </line>
            <line number="313" hits="0" branch="False" />
            <line number="315" hits="0" branch="True" condition-coverage="0% (0/2)">
              <conditions>
                <condition number="258" type="jump" coverage="0%" />
              </conditions>
            </line>
            <line number="317" hits="0" branch="False" />
            <line number="321" hits="0" branch="False" />
            <line number="322" hits="0" branch="False" />
            <line number="323" hits="0" branch="True" condition-coverage="0% (0/4)">
              <conditions>
                <condition number="386" type="jump" coverage="0%" />
                <condition number="389" type="jump" coverage="0%" />
              </conditions>
            </line>
            <line number="325" hits="0" branch="False" />
            <line number="329" hits="0" branch="False" />
            <line number="330" hits="0" branch="True" condition-coverage="0% (0/2)">
              <conditions>
                <condition number="569" type="jump" coverage="0%" />
              </conditions>
            </line>
            <line number="332" hits="0" branch="False" />
            <line number="333" hits="0" branch="True" condition-coverage="0% (0/4)">
              <conditions>
                <condition number="588" type="jump" coverage="0%" />
                <condition number="591" type="jump" coverage="0%" />
              </conditions>
            </line>
            <line number="335" hits="0" branch="False" />
            <line number="339" hits="0" branch="False" />
            <line number="342" hits="0" branch="False" />
            <line number="343" hits="0" branch="False" />
            <line number="345" hits="0" branch="False" />
            <line number="347" hits="0" branch="True" condition-coverage="0% (0/2)">
              <conditions>
                <condition number="987" type="jump" coverage="0%" />
              </conditions>
            </line>
            <line number="349" hits="0" branch="False" />
            <line number="350" hits="0" branch="True" condition-coverage="0% (0/2)">
              <conditions>
                <condition number="962" type="jump" coverage="0%" />
              </conditions>
            </line>
            <line number="354" hits="0" branch="True" condition-coverage="0% (0/2)">
              <conditions>
                <condition number="1165" type="jump" coverage="0%" />
              </conditions>
            </line>
            <line number="355" hits="0" branch="False" />
            <line number="356" hits="0" branch="False" />
            <line number="357" hits="0" branch="False" />
            <line number="358" hits="0" branch="False" />
            <line number="359" hits="0" branch="False" />
            <line number="360" hits="0" branch="False" />
            <line number="361" hits="0" branch="False" />
            <line number="362" hits="0" branch="False" />
            <line number="363" hits="0" branch="False" />
            <line number="364" hits="0" branch="False" />
            <line number="365" hits="0" branch="False" />
            <line number="366" hits="0" branch="False" />
            <line number="369" hits="0" branch="False" />
            <line number="370" hits="0" branch="False" />
            <line number="371" hits="0" branch="False" />
            <line number="372" hits="0" branch="False" />
            <line number="374" hits="0" branch="False" />
            <line number="375" hits="0" branch="False" />
            <line number="376" hits="0" branch="False" />
            <line number="377" hits="0" branch="False" />
            <line number="379" hits="0" branch="False" />
            <line number="380" hits="0" branch="False" />
            <line number="381" hits="0" branch="False" />
            <line number="382" hits="0" branch="False" />
            <line number="385" hits="0" branch="False" />
            <line number="387" hits="0" branch="False" />
            <line number="389" hits="0" branch="True" condition-coverage="0% (0/2)">
              <conditions>
                <condition number="1844" type="jump" coverage="0%" />
              </conditions>
            </line>
            <line number="390" hits="0" branch="False" />
            <line number="391" hits="0" branch="True" condition-coverage="0% (0/2)">
              <conditions>
                <condition number="2053" type="jump" coverage="0%" />
              </conditions>
            </line>
            <line number="393" hits="0" branch="True" condition-coverage="0% (0/2)">
              <conditions>
                <condition number="2419" type="jump" coverage="0%" />
              </conditions>
            </line>
            <line number="395" hits="0" branch="False" />
            <line number="396" hits="0" branch="False" />
            <line number="397" hits="0" branch="False" />
            <line number="398" hits="0" branch="False" />
            <line number="399" hits="0" branch="False" />
            <line number="400" hits="0" branch="False" />
            <line number="401" hits="0" branch="False" />
            <line number="402" hits="0" branch="False" />
            <line number="403" hits="0" branch="False" />
            <line number="404" hits="0" branch="False" />
            <line number="405" hits="0" branch="False" />
            <line number="406" hits="0" branch="False" />
            <line number="407" hits="0" branch="False" />
            <line number="408" hits="0" branch="False" />
            <line number="412" hits="0" branch="False" />
            <line number="413" hits="0" branch="True" condition-coverage="0% (0/4)">
              <conditions>
                <condition number="2623" type="jump" coverage="0%" />
                <condition number="2636" type="jump" coverage="0%" />
              </conditions>
            </line>
            <line number="415" hits="0" branch="False" />
            <line number="416" hits="0" branch="False" />
            <line number="417" hits="0" branch="False" />
          </lines>
        </class>
        <class name="Approval.Application.Services.WorkflowEngine/&lt;StartWorkflowAsync&gt;d__6" filename="Approval.Application\Services\WorkflowEngine.cs" line-rate="0.6962" branch-rate="0.35" complexity="20">
          <methods>
            <method name="MoveNext" signature="()" line-rate="0.6962" branch-rate="0.35" complexity="20">
              <lines>
                <line number="45" hits="5" branch="False" />
                <line number="46" hits="5" branch="False" />
                <line number="49" hits="5" branch="False" />
                <line number="50" hits="5" branch="False" />
                <line number="51" hits="5" branch="False" />
                <line number="53" hits="5" branch="True" condition-coverage="50% (1/2)">
                  <conditions>
                    <condition number="500" type="jump" coverage="50%" />
                  </conditions>
                </line>
                <line number="55" hits="0" branch="False" />
                <line number="57" hits="0" branch="True" condition-coverage="0% (0/4)">
                  <conditions>
                    <condition number="646" type="jump" coverage="0%" />
                    <condition number="669" type="jump" coverage="0%" />
                  </conditions>
                </line>
                <line number="59" hits="0" branch="False" />
                <line number="63" hits="0" branch="False" />
                <line number="64" hits="0" branch="False" />
                <line number="67" hits="0" branch="False" />
                <line number="68" hits="0" branch="True" condition-coverage="0% (0/2)">
                  <conditions>
                    <condition number="1098" type="jump" coverage="0%" />
                  </conditions>
                </line>
                <line number="70" hits="0" branch="False" />
                <line number="71" hits="0" branch="False" />
                <line number="74" hits="0" branch="False" />
                <line number="75" hits="0" branch="False" />
                <line number="76" hits="0" branch="False" />
                <line number="77" hits="0" branch="False" />
                <line number="78" hits="0" branch="False" />
                <line number="79" hits="0" branch="False" />
                <line number="80" hits="0" branch="False" />
                <line number="81" hits="0" branch="False" />
                <line number="82" hits="0" branch="False" />
                <line number="83" hits="0" branch="False" />
                <line number="84" hits="0" branch="False" />
                <line number="85" hits="0" branch="False" />
                <line number="86" hits="0" branch="False" />
                <line number="90" hits="5" branch="False" />
                <line number="91" hits="5" branch="True" condition-coverage="50% (2/4)">
                  <conditions>
                    <condition number="1527" type="jump" coverage="50%" />
                    <condition number="1550" type="jump" coverage="50%" />
                  </conditions>
                </line>
                <line number="93" hits="0" branch="True" condition-coverage="0% (0/2)">
                  <conditions>
                    <condition number="1569" type="jump" coverage="0%" />
                  </conditions>
                </line>
                <line number="96" hits="5" branch="True" condition-coverage="50% (1/2)">
                  <conditions>
                    <condition number="1794" type="jump" coverage="50%" />
                  </conditions>
                </line>
                <line number="97" hits="5" branch="False" />
                <line number="98" hits="5" branch="False" />
                <line number="100" hits="5" branch="False" />
                <line number="102" hits="5" branch="False" />
                <line number="103" hits="5" branch="True" condition-coverage="50% (1/2)">
                  <conditions>
                    <condition number="1924" type="jump" coverage="50%" />
                  </conditions>
                </line>
                <line number="104" hits="0" branch="False" />
                <line number="106" hits="5" branch="True" condition-coverage="100% (2/2)">
                  <conditions>
                    <condition number="2036" type="jump" coverage="100%" />
                  </conditions>
                </line>
                <line number="107" hits="5" branch="False" />
                <line number="108" hits="5" branch="False" />
                <line number="109" hits="5" branch="False" />
                <line number="110" hits="5" branch="False" />
                <line number="111" hits="5" branch="False" />
                <line number="112" hits="5" branch="False" />
                <line number="113" hits="5" branch="False" />
                <line number="114" hits="5" branch="False" />
                <line number="115" hits="5" branch="False" />
                <line number="116" hits="5" branch="False" />
                <line number="117" hits="5" branch="False" />
                <line number="118" hits="5" branch="False" />
                <line number="119" hits="5" branch="False" />
                <line number="120" hits="5" branch="False" />
                <line number="121" hits="5" branch="False" />
                <line number="122" hits="5" branch="False" />
                <line number="123" hits="5" branch="False" />
                <line number="124" hits="5" branch="False" />
                <line number="125" hits="5" branch="False" />
                <line number="126" hits="5" branch="False" />
                <line number="128" hits="5" branch="False" />
                <line number="129" hits="5" branch="False" />
                <line number="130" hits="5" branch="False" />
                <line number="131" hits="5" branch="False" />
                <line number="132" hits="5" branch="False" />
                <line number="133" hits="5" branch="False" />
                <line number="134" hits="5" branch="False" />
                <line number="135" hits="5" branch="False" />
                <line number="136" hits="5" branch="False" />
                <line number="137" hits="5" branch="False" />
                <line number="138" hits="5" branch="False" />
                <line number="139" hits="5" branch="False" />
                <line number="140" hits="5" branch="False" />
                <line number="141" hits="5" branch="False" />
                <line number="142" hits="5" branch="False" />
                <line number="144" hits="5" branch="False" />
                <line number="145" hits="5" branch="False" />
                <line number="146" hits="5" branch="False" />
                <line number="147" hits="5" branch="False" />
                <line number="148" hits="5" branch="False" />
              </lines>
            </method>
          </methods>
          <lines>
            <line number="45" hits="5" branch="False" />
            <line number="46" hits="5" branch="False" />
            <line number="49" hits="5" branch="False" />
            <line number="50" hits="5" branch="False" />
            <line number="51" hits="5" branch="False" />
            <line number="53" hits="5" branch="True" condition-coverage="50% (1/2)">
              <conditions>
                <condition number="500" type="jump" coverage="50%" />
              </conditions>
            </line>
            <line number="55" hits="0" branch="False" />
            <line number="57" hits="0" branch="True" condition-coverage="0% (0/4)">
              <conditions>
                <condition number="646" type="jump" coverage="0%" />
                <condition number="669" type="jump" coverage="0%" />
              </conditions>
            </line>
            <line number="59" hits="0" branch="False" />
            <line number="63" hits="0" branch="False" />
            <line number="64" hits="0" branch="False" />
            <line number="67" hits="0" branch="False" />
            <line number="68" hits="0" branch="True" condition-coverage="0% (0/2)">
              <conditions>
                <condition number="1098" type="jump" coverage="0%" />
              </conditions>
            </line>
            <line number="70" hits="0" branch="False" />
            <line number="71" hits="0" branch="False" />
            <line number="74" hits="0" branch="False" />
            <line number="75" hits="0" branch="False" />
            <line number="76" hits="0" branch="False" />
            <line number="77" hits="0" branch="False" />
            <line number="78" hits="0" branch="False" />
            <line number="79" hits="0" branch="False" />
            <line number="80" hits="0" branch="False" />
            <line number="81" hits="0" branch="False" />
            <line number="82" hits="0" branch="False" />
            <line number="83" hits="0" branch="False" />
            <line number="84" hits="0" branch="False" />
            <line number="85" hits="0" branch="False" />
            <line number="86" hits="0" branch="False" />
            <line number="90" hits="5" branch="False" />
            <line number="91" hits="5" branch="True" condition-coverage="50% (2/4)">
              <conditions>
                <condition number="1527" type="jump" coverage="50%" />
                <condition number="1550" type="jump" coverage="50%" />
              </conditions>
            </line>
            <line number="93" hits="0" branch="True" condition-coverage="0% (0/2)">
              <conditions>
                <condition number="1569" type="jump" coverage="0%" />
              </conditions>
            </line>
            <line number="96" hits="5" branch="True" condition-coverage="50% (1/2)">
              <conditions>
                <condition number="1794" type="jump" coverage="50%" />
              </conditions>
            </line>
            <line number="97" hits="5" branch="False" />
            <line number="98" hits="5" branch="False" />
            <line number="100" hits="5" branch="False" />
            <line number="102" hits="5" branch="False" />
            <line number="103" hits="5" branch="True" condition-coverage="50% (1/2)">
              <conditions>
                <condition number="1924" type="jump" coverage="50%" />
              </conditions>
            </line>
            <line number="104" hits="0" branch="False" />
            <line number="106" hits="5" branch="True" condition-coverage="100% (2/2)">
              <conditions>
                <condition number="2036" type="jump" coverage="100%" />
              </conditions>
            </line>
            <line number="107" hits="5" branch="False" />
            <line number="108" hits="5" branch="False" />
            <line number="109" hits="5" branch="False" />
            <line number="110" hits="5" branch="False" />
            <line number="111" hits="5" branch="False" />
            <line number="112" hits="5" branch="False" />
            <line number="113" hits="5" branch="False" />
            <line number="114" hits="5" branch="False" />
            <line number="115" hits="5" branch="False" />
            <line number="116" hits="5" branch="False" />
            <line number="117" hits="5" branch="False" />
            <line number="118" hits="5" branch="False" />
            <line number="119" hits="5" branch="False" />
            <line number="120" hits="5" branch="False" />
            <line number="121" hits="5" branch="False" />
            <line number="122" hits="5" branch="False" />
            <line number="123" hits="5" branch="False" />
            <line number="124" hits="5" branch="False" />
            <line number="125" hits="5" branch="False" />
            <line number="126" hits="5" branch="False" />
            <line number="128" hits="5" branch="False" />
            <line number="129" hits="5" branch="False" />
            <line number="130" hits="5" branch="False" />
            <line number="131" hits="5" branch="False" />
            <line number="132" hits="5" branch="False" />
            <line number="133" hits="5" branch="False" />
            <line number="134" hits="5" branch="False" />
            <line number="135" hits="5" branch="False" />
            <line number="136" hits="5" branch="False" />
            <line number="137" hits="5" branch="False" />
            <line number="138" hits="5" branch="False" />
            <line number="139" hits="5" branch="False" />
            <line number="140" hits="5" branch="False" />
            <line number="141" hits="5" branch="False" />
            <line number="142" hits="5" branch="False" />
            <line number="144" hits="5" branch="False" />
            <line number="145" hits="5" branch="False" />
            <line number="146" hits="5" branch="False" />
            <line number="147" hits="5" branch="False" />
            <line number="148" hits="5" branch="False" />
          </lines>
        </class>
        <class name="Approval.Application.Services.WorkflowRuleMatcher" filename="Approval.Application\Services\WorkflowRuleMatcher.cs" line-rate="0.0909" branch-rate="0.0753" complexity="253">
          <methods>
            <method name="EvaluateRule" signature="(Approval.Domain.Entities.WorkflowRule,Approval.Application.Common.Models.SapObjectPayload,System.String&amp;)" line-rate="0.387" branch-rate="0.3809" complexity="42">
              <lines>
                <line number="111" hits="5" branch="False" />
                <line number="114" hits="5" branch="True" condition-coverage="50% (1/2)">
                  <conditions>
                    <condition number="24" type="jump" coverage="50%" />
                  </conditions>
                </line>
                <line number="116" hits="0" branch="True" condition-coverage="0% (0/2)">
                  <conditions>
                    <condition number="37" type="jump" coverage="0%" />
                  </conditions>
                </line>
                <line number="117" hits="0" branch="True" condition-coverage="50% (2/4)">
                  <conditions>
                    <condition number="62" type="jump" coverage="50%" />
                    <condition number="66" type="jump" coverage="50%" />
                  </conditions>
                </line>
                <line number="119" hits="0" branch="True" condition-coverage="0% (0/2)">
                  <conditions>
                    <condition number="76" type="jump" coverage="0%" />
                  </conditions>
                </line>
                <line number="120" hits="0" branch="True" condition-coverage="0% (0/4)">
                  <conditions>
                    <condition number="102" type="jump" coverage="0%" />
                    <condition number="117" type="jump" coverage="0%" />
                  </conditions>
                </line>
[...]
                <line number="298" hits="2" branch="False" />
                <line number="301" hits="1" branch="False" />
                <line number="302" hits="1" branch="False" />
                <line number="303" hits="1" branch="False" />
                <line number="304" hits="1" branch="False" />
                <line number="305" hits="1" branch="False" />
                <line number="306" hits="1" branch="False" />
                <line number="307" hits="1" branch="False" />
                <line number="308" hits="1" branch="False" />
                <line number="309" hits="1" branch="False" />
                <line number="310" hits="1" branch="False" />
                <line number="311" hits="1" branch="False" />
                <line number="312" hits="2" branch="False" />
                <line number="315" hits="34" branch="True" condition-coverage="100% (2/2)">
                  <conditions>
                    <condition number="701" type="jump" coverage="100%" />
                  </conditions>
                </line>
                <line number="316" hits="358" branch="True" condition-coverage="100% (2/2)">
                  <conditions>
                    <condition number="681" type="jump" coverage="100%" />
                  </conditions>
                </line>
                <line number="317" hits="163" branch="False" />
                <line number="318" hits="1" branch="False" />
              </lines>
            </method>
            <method name="ToSnakeCase" signature="(System.String)" line-rate="1" branch-rate="1" complexity="6">
              <lines>
                <line number="322" hits="163" branch="False" />
                <line number="323" hits="3340" branch="True" condition-coverage="100% (2/2)">
                  <conditions>
                    <condition number="71" type="jump" coverage="100%" />
                  </conditions>
                </line>
                <line number="325" hits="1507" branch="False" />
                <line number="326" hits="1659" branch="True" condition-coverage="100% (4/4)">
                  <conditions>
                    <condition number="32" type="jump" coverage="100%" />
                    <condition number="36" type="jump" coverage="100%" />
                  </conditions>
                </line>
                <line number="327" hits="1507" branch="False" />
                <line number="329" hits="163" branch="False" />
              </lines>
            </method>
            <method name=".ctor" signature="(Microsoft.EntityFrameworkCore.DbContextOptions`1&lt;Approval.Infrastructure.Persistence.ApprovalDbContext&gt;)" line-rate="1" branch-rate="1" complexity="1">
              <lines>
                <line number="13" hits="4" branch="False" />
                <line number="15" hits="4" branch="False" />
              </lines>
            </method>
          </methods>
          <lines>
            <line number="17" hits="8" branch="False" />
            <line number="18" hits="11" branch="False" />
            <line number="19" hits="9" branch="False" />
            <line number="20" hits="9" branch="False" />
            <line number="21" hits="11" branch="False" />
            <line number="22" hits="3" branch="False" />
            <line number="23" hits="3" branch="False" />
            <line number="24" hits="5" branch="False" />
            <line number="25" hits="3" branch="False" />
            <line number="26" hits="0" branch="False" />
            <line number="27" hits="1" branch="False" />
            <line number="28" hits="0" branch="False" />
            <line number="29" hits="0" branch="False" />
            <line number="30" hits="9" branch="False" />
            <line number="31" hits="0" branch="False" />
            <line number="32" hits="0" branch="False" />
            <line number="34" hits="0" branch="False" />
            <line number="35" hits="7" branch="False" />
            <line number="36" hits="5" branch="False" />
            <line number="37" hits="5" branch="False" />
            <line number="38" hits="8" branch="False" />
            <line number="39" hits="3" branch="False" />
            <line number="40" hits="3" branch="False" />
            <line number="41" hits="5" branch="False" />
            <line number="42" hits="3" branch="False" />
            <line number="43" hits="0" branch="False" />
            <line number="44" hits="0" branch="False" />
            <line number="45" hits="0" branch="False" />
            <line number="46" hits="0" branch="False" />
            <line number="47" hits="9" branch="False" />
            <line number="48" hits="0" branch="False" />
            <line number="49" hits="0" branch="False" />
            <line number="58" hits="1" branch="False" />
            <line number="61" hits="1" branch="False" />
            <line number="62" hits="1" branch="False" />
            <line number="63" hits="1" branch="False" />
            <line number="64" hits="1" branch="False" />
            <line number="65" hits="1" branch="False" />
            <line number="66" hits="1" branch="False" />
            <line number="67" hits="1" branch="False" />
            <line number="68" hits="1" branch="False" />
            <line number="69" hits="2" branch="False" />
            <line number="72" hits="1" branch="False" />
            <line number="73" hits="1" branch="False" />
            <line number="74" hits="1" branch="False" />
            <line number="75" hits="1" branch="False" />
            <line number="76" hits="1" branch="False" />
            <line number="77" hits="1" branch="False" />
            <line number="78" hits="1" branch="False" />
            <line number="79" hits="1" branch="False" />
            <line number="80" hits="1" branch="False" />
            <line number="81" hits="1" branch="False" />
            <line number="82" hits="2" branch="False" />
            <line number="85" hits="1" branch="False" />
            <line number="86" hits="1" branch="False" />
            <line number="87" hits="1" branch="False" />
            <line number="88" hits="1" branch="False" />
            <line number="89" hits="1" branch="False" />
            <line number="90" hits="1" branch="False" />
            <line number="91" hits="1" branch="False" />
            <line number="92" hits="1" branch="False" />
            <line number="93" hits="1" branch="False" />
            <line number="94" hits="1" branch="False" />
            <line number="95" hits="1" branch="False" />
            <line number="96" hits="2" branch="False" />
            <line number="99" hits="1" branch="False" />
            <line number="100" hits="1" branch="False" />
            <line number="101" hits="1" branch="False" />
            <line number="102" hits="1" branch="False" />
            <line number="103" hits="1" branch="False" />
            <line number="104" hits="1" branch="False" />
            <line number="105" hits="1" branch="False" />
            <line number="106" hits="1" branch="False" />
            <line number="107" hits="1" branch="False" />
            <line number="108" hits="1" branch="False" />
            <line number="109" hits="1" branch="False" />
            <line number="110" hits="1" branch="False" />
            <line number="111" hits="1" branch="False" />
            <line number="112" hits="1" branch="False" />
            <line number="113" hits="1" branch="False" />
            <line number="114" hits="1" branch="False" />
            <line number="115" hits="1" branch="False" />
            <line number="116" hits="1" branch="False" />
            <line number="117" hits="2" branch="False" />
            <line number="120" hits="1" branch="False" />
            <line number="121" hits="1" branch="False" />
            <line number="122" hits="1" branch="False" />
            <line number="123" hits="1" branch="False" />
            <line number="124" hits="1" branch="False" />
            <line number="125" hits="1" branch="False" />
            <line number="126" hits="1" branch="False" />
            <line number="127" hits="1" branch="False" />
            <line number="128" hits="1" branch="False" />
            <line number="129" hits="1" branch="False" />
            <line number="130" hits="1" branch="False" />
            <line number="131" hits="1" branch="False" />
            <line number="132" hits="1" branch="False" />
            <line number="133" hits="1" branch="False" />
            <line number="134" hits="1" branch="False" />
            <line number="135" hits="1" branch="False" />
            <line number="136" hits="1" branch="False" />
            <line number="137" hits="1" branch="False" />
            <line number="138" hits="1" branch="False" />
            <line number="139" hits="1" branch="False" />
            <line number="140" hits="1" branch="False" />
            <line number="141" hits="1" branch="False" />
            <line number="142" hits="1" branch="False" />
            <line number="143" hits="2" branch="False" />
            <line number="146" hits="1" branch="False" />
            <line number="147" hits="1" branch="False" />
            <line number="148" hits="1" branch="False" />
            <line number="149" hits="1" branch="False" />
            <line number="150" hits="1" branch="False" />
            <line number="151" hits="1" branch="False" />
            <line number="152" hits="1" branch="False" />
            <line number="153" hits="2" branch="False" />
            <line number="156" hits="1" branch="False" />
            <line number="157" hits="1" branch="False" />
            <line number="158" hits="1" branch="False" />
            <line number="159" hits="1" branch="False" />
            <line number="160" hits="1" branch="False" />
            <line number="161" hits="1" branch="False" />
            <line number="162" hits="1" branch="False" />
            <line number="163" hits="1" branch="False" />
            <line number="164" hits="1" branch="False" />
            <line number="165" hits="1" branch="False" />
            <line number="166" hits="1" branch="False" />
            <line number="167" hits="2" branch="False" />
            <line number="170" hits="1" branch="False" />
            <line number="171" hits="1" branch="False" />
            <line number="172" hits="1" branch="False" />
            <line number="173" hits="1" branch="False" />
            <line number="174" hits="1" branch="False" />
            <line number="175" hits="1" branch="False" />
            <line number="176" hits="1" branch="False" />
            <line number="177" hits="1" branch="False" />
            <line number="178" hits="1" branch="False" />
            <line number="179" hits="1" branch="False" />
            <line number="180" hits="1" branch="False" />
            <line number="181" hits="1" branch="False" />
            <line number="182" hits="1" branch="False" />
            <line number="183" hits="1" branch="False" />
            <line number="184" hits="1" branch="False" />
            <line number="185" hits="1" branch="False" />
            <line number="186" hits="1" branch="False" />
            <line number="187" hits="1" branch="False" />
            <line number="188" hits="1" branch="False" />
            <line number="189" hits="1" branch="False" />
            <line number="190" hits="2" branch="False" />
            <line number="193" hits="1" branch="False" />
            <line number="194" hits="1" branch="False" />
            <line number="195" hits="1" branch="False" />
            <line number="196" hits="1" branch="False" />
            <line number="197" hits="1" branch="False" />
            <line number="198" hits="1" branch="False" />
            <line number="199" hits="1" branch="False" />
            <line number="200" hits="1" branch="False" />
            <line number="201" hits="1" branch="False" />
            <line number="202" hits="1" branch="False" />
            <line number="203" hits="1" branch="False" />
            <line number="204" hits="2" branch="False" />
            <line number="207" hits="1" branch="False" />
            <line number="208" hits="1" branch="False" />
            <line number="209" hits="1" branch="False" />
            <line number="210" hits="1" branch="False" />
            <line number="211" hits="1" branch="False" />
            <line number="212" hits="1" branch="False" />
            <line number="213" hits="1" branch="False" />
            <line number="214" hits="1" branch="False" />
            <line number="215" hits="1" branch="False" />
            <line number="216" hits="1" branch="False" />
            <line number="217" hits="1" branch="False" />
            <line number="218" hits="1" branch="False" />
            <line number="219" hits="1" branch="False" />
            <line number="220" hits="1" branch="False" />
            <line number="221" hits="1" branch="False" />
            <line number="222" hits="1" branch="False" />
            <line number="223" hits="2" branch="False" />
            <line number="226" hits="1" branch="False" />
            <line number="227" hits="1" branch="False" />
            <line number="228" hits="1" branch="False" />
            <line number="229" hits="1" branch="False" />
            <line number="230" hits="1" branch="False" />
            <line number="231" hits="1" branch="False" />
            <line number="232" hits="1" branch="False" />
            <line number="233" hits="1" branch="False" />
            <line number="234" hits="1" branch="False" />
            <line number="235" hits="1" branch="False" />
            <line number="236" hits="1" branch="False" />
            <line number="237" hits="1" branch="False" />
            <line number="238" hits="1" branch="False" />
            <line number="239" hits="1" branch="False" />
            <line number="240" hits="2" branch="False" />
            <line number="243" hits="1" branch="False" />
            <line number="244" hits="1" branch="False" />
            <line number="245" hits="1" branch="False" />
            <line number="246" hits="1" branch="False" />
            <line number="247" hits="1" branch="False" />
            <line number="248" hits="1" branch="False" />
            <line number="249" hits="1" branch="False" />
            <line number="250" hits="2" branch="False" />
            <line number="253" hits="1" branch="False" />
            <line number="254" hits="1" branch="False" />
            <line number="255" hits="1" branch="False" />
            <line number="256" hits="1" branch="False" />
            <line number="257" hits="1" branch="False" />
            <line number="258" hits="1" branch="False" />
            <line number="259" hits="1" branch="False" />
            <line number="260" hits="1" branch="False" />
            <line number="261" hits="1" branch="False" />
            <line number="262" hits="1" branch="False" />
            <line number="263" hits="1" branch="False" />
            <line number="264" hits="1" branch="False" />
            <line number="265" hits="2" branch="False" />
            <line number="268" hits="1" branch="False" />
            <line number="269" hits="1" branch="False" />
            <line number="270" hits="1" branch="False" />
            <line number="271" hits="1" branch="False" />
            <line number="272" hits="1" branch="False" />
            <line number="273" hits="1" branch="False" />
            <line number="274" hits="1" branch="False" />
            <line number="275" hits="1" branch="False" />
            <line number="276" hits="1" branch="False" />
            <line number="277" hits="1" branch="False" />
            <line number="278" hits="1" branch="False" />
            <line number="279" hits="1" branch="False" />
            <line number="280" hits="1" branch="False" />
            <line number="281" hits="1" branch="False" />
            <line number="282" hits="2" branch="False" />
            <line number="285" hits="1" branch="False" />
            <line number="286" hits="1" branch="False" />
            <line number="287" hits="1" branch="False" />
            <line number="288" hits="1" branch="False" />
            <line number="289" hits="1" branch="False" />
            <line number="290" hits="1" branch="False" />
            <line number="291" hits="1" branch="False" />
            <line number="292" hits="1" branch="False" />
            <line number="293" hits="1" branch="False" />
            <line number="294" hits="1" branch="False" />
            <line number="295" hits="1" branch="False" />
            <line number="296" hits="1" branch="False" />
            <line number="297" hits="1" branch="False" />
            <line number="298" hits="2" branch="False" />
            <line number="301" hits="1" branch="False" />
            <line number="302" hits="1" branch="False" />
            <line number="303" hits="1" branch="False" />
            <line number="304" hits="1" branch="False" />
            <line number="305" hits="1" branch="False" />
            <line number="306" hits="1" branch="False" />
            <line number="307" hits="1" branch="False" />
            <line number="308" hits="1" branch="False" />
            <line number="309" hits="1" branch="False" />
            <line number="310" hits="1" branch="False" />
            <line number="311" hits="1" branch="False" />
            <line number="312" hits="2" branch="False" />
            <line number="315" hits="34" branch="True" condition-coverage="100% (2/2)">
              <conditions>
                <condition number="701" type="jump" coverage="100%" />
              </conditions>
            </line>
            <line number="316" hits="358" branch="True" condition-coverage="100% (2/2)">
              <conditions>
                <condition number="681" type="jump" coverage="100%" />
              </conditions>
            </line>
            <line number="317" hits="163" branch="False" />
            <line number="318" hits="1" branch="False" />
            <line number="322" hits="163" branch="False" />
            <line number="323" hits="3340" branch="True" condition-coverage="100% (2/2)">
              <conditions>
                <condition number="71" type="jump" coverage="100%" />
              </conditions>
            </line>
            <line number="325" hits="1507" branch="False" />
            <line number="326" hits="1659" branch="True" condition-coverage="100% (4/4)">
              <conditions>
                <condition number="32" type="jump" coverage="100%" />
                <condition number="36" type="jump" coverage="100%" />
              </conditions>
            </line>
            <line number="327" hits="1507" branch="False" />
            <line number="329" hits="163" branch="False" />
            <line number="13" hits="4" branch="False" />
            <line number="15" hits="4" branch="False" />
          </lines>
        </class>
        <class name="Approval.Infrastructure.Persistence.ApprovalDbContext/&lt;AddAsync&gt;d__65`1" filename="Approval.Infrastructure\Persistence\ApprovalDbContext.cs" line-rate="1" branch-rate="1" complexity="1">
          <methods>
            <method name="MoveNext" signature="()" line-rate="1" branch-rate="1" complexity="1">
              <lines>
                <line number="53" hits="16" branch="False" />
                <line number="54" hits="16" branch="False" />
              </lines>
            </method>
          </methods>
          <lines>
            <line number="53" hits="16" branch="False" />
            <line number="54" hits="16" branch="False" />
          </lines>
        </class>
      </classes>
    </package>
  </packages>
</coverage>