<?xml version="1.0" encoding="utf-8"?>
<coverage line-rate="0.7061" branch-rate="0.3711" version="1.9" timestamp="1786818317" lines-covered="1401" lines-valid="1984" branches-covered="370" branches-valid="997">
  <sources>
    <source>C:\repo\SAP_B1_ApprovalCenter\src\</source>
  </sources>
  <packages>
    <package name="Approval.Application" line-rate="0.7452" branch-rate="0.4672" complexity="502">
      <classes>
        <class name="Approval.Application.Services.WorkflowEngine" filename="Approval.Application\Services\WorkflowEngine.cs" line-rate="0.7916" branch-rate="0.629" complexity="64">
          <methods>
            <method name="ParseAndValidateGraph" signature="(System.String)" line-rate="0.7142000000000001" branch-rate="0.5" complexity="16">
              <lines>
                <line number="498" hits="18" branch="True" condition-coverage="50% (1/2)">
                  <conditions>
                    <condition number="19" type="jump" coverage="50%" />
                  </conditions>
                </line>
                <line number="499" hits="18" branch="False" />
                <line number="500" hits="18" branch="True" condition-coverage="50% (1/2)">
                  <conditions>
                    <condition number="54" type="jump" coverage="50%" />
                  </conditions>
                </line>
                <line number="501" hits="150" branch="True" condition-coverage="50% (2/4)">
                  <conditions>
                    <condition number="150" type="jump" coverage="50%" />
                    <condition number="11" type="jump" coverage="50%" />
                  </conditions>
                </line>
                <line number="502" hits="0" branch="False" />
                <line number="503" hits="84" branch="True" condition-coverage="50% (1/2)">
                  <conditions>
                    <condition number="211" type="jump" coverage="50%" />
                  </conditions>
                </line>
                <line number="504" hits="0" branch="False" />
                <line number="505" hits="18" branch="False" />
                <line number="506" hits="84" branch="False" />
                <line number="507" hits="18" branch="True" condition-coverage="50% (1/2)">
                  <conditions>
                    <condition number="277" type="jump" coverage="50%" />
                  </conditions>
                </line>
                <line number="508" hits="0" branch="False" />
                <line number="509" hits="354" branch="True" condition-coverage="50% (2/4)">
                  <conditions>
                    <condition number="392" type="jump" coverage="50%" />
                    <condition number="41" type="jump" coverage="50%" />
                  </conditions>
                </line>
                <line number="510" hits="0" branch="False" />
                <line number="511" hits="18" branch="False" />
              </lines>
            </method>
            <method name="ResolveNextExecutableNode" signature="(Approval.Application.Common.Models.WorkflowGraphDefinition,System.String,System.Decimal,System.String)" line-rate="0.9333" branch-rate="0.85" complexity="20">
              <lines>
                <line number="520" hits="17" branch="False" />
                <line number="521" hits="17" branch="False" />
                <line number="522" hits="17" branch="False" />
                <line number="523" hits="4" branch="False" />
                <line number="525" hits="21" branch="True" condition-coverage="50% (1/2)">
                  <conditions>
                    <condition number="49" type="jump" coverage="50%" />
                  </conditions>
                </line>
                <line number="526" hits="93" branch="True" condition-coverage="100% (2/2)">
                  <conditions>
                    <condition number="75" type="jump" coverage="100%" />
                  </conditions>
                </line>
                <line number="527" hits="44" branch="True" condition-coverage="100% (4/4)">
                  <conditions>
                    <condition number="121" type="jump" coverage="100%" />
                    <condition number="153" type="jump" coverage="100%" />
                  </conditions>
                </line>
                <line number="528" hits="24" branch="False" />
                <line number="529" hits="21" branch="True" condition-coverage="50% (1/2)">
                  <conditions>
                    <condition number="204" type="jump" coverage="50%" />
                  </conditions>
                </line>
                <line number="530" hits="104" branch="False" />
                <line number="531" hits="38" branch="True" condition-coverage="100% (6/6)">
                  <conditions>
                    <condition number="270" type="jump" coverage="100%" />
                    <condition number="275" type="jump" coverage="100%" />
                    <condition number="287" type="jump" coverage="100%" />
                  </conditions>
                </line>
                <line number="532" hits="4" branch="True" condition-coverage="50% (1/2)">
                  <conditions>
                    <condition number="300" type="jump" coverage="50%" />
                  </conditions>
                </line>
                <line number="533" hits="4" branch="True" condition-coverage="100% (2/2)">
                  <conditions>
                    <condition number="316" type="jump" coverage="100%" />
                  </conditions>
                </line>
                <line number="535" hits="0" branch="False" />
                <line number="536" hits="4" branch="False" />
              </lines>
            </method>
            <method name="EvaluateExpression" signature="(System.String,System.Decimal)" line-rate="0.6111" branch-rate="0.44439999999999996" complexity="18">
              <lines>
                <line number="542" hits="4" branch="True" condition-coverage="50% (1/2)">
                  <conditions>
                    <condition number="6" type="jump" coverage="50%" />
                  </conditions>
                </line>
                <line number="543" hits="4" branch="False" />
                <line number="545" hits="4" branch="True" condition-coverage="50% (1/2)">
                  <conditions>
                    <condition number="39" type="jump" coverage="50%" />
                  </conditions>
                </line>
                <line number="546" hits="0" branch="False" />
                <line number="547" hits="4" branch="False" />
                <line number="548" hits="4" branch="True" condition-coverage="50% (1/2)">
                  <conditions>
                    <condition number="153" type="jump" coverage="50%" />
                  </conditions>
                </line>
                <line number="549" hits="4" branch="False" />
                <line number="550" hits="4" branch="True" condition-coverage="50% (1/2)">
                  <conditions>
                    <condition number="215" type="jump" coverage="50%" />
                  </conditions>
                </line>
                <line number="551" hits="0" branch="False" />
                <line number="552" hits="4" branch="True" condition-coverage="40% (4/10)">
                  <conditions>
                    <condition number="245" type="jump" coverage="50%" />
                    <condition number="258" type="jump" coverage="50%" />
                    <condition number="271" type="jump" coverage="50%" />
                    <condition number="284" type="jump" coverage="50%" />
                    <condition number="297" type="jump" coverage="0%" />
                  </conditions>
                </line>
                <line number="553" hits="4" branch="False" />
                <line number="554" hits="0" branch="False" />
                <line number="555" hits="0" branch="False" />
                <line number="556" hits="0" branch="False" />
                <line number="557" hits="4" branch="False" />
                <line number="558" hits="0" branch="False" />
                <line number="559" hits="0" branch="False" />
                <line number="560" hits="4" branch="False" />
              </lines>
            </method>
            <method name="ExtractDocTotal" signature="(System.String)" line-rate="0.7" branch-rate="0.75" complexity="8">
              <lines>
                <line number="567" hits="3" branch="False" />
                <line number="568" hits="3" branch="False" />
                <line number="569" hits="3" branch="True" condition-coverage="50% (1/2)">
                  <conditions>
                    <condition number="36" type="jump" coverage="50%" />
                  </conditions>
                </line>
                <line number="570" hits="13" branch="True" condition-coverage="50% (1/2)">
                  <conditions>
                    <condition number="136" type="jump" coverage="50%" />
                  </conditions>
                </line>
                <line number="571" hits="5" branch="True" condition-coverage="100% (4/4)">
                  <conditions>
                    <condition number="103" type="jump" coverage="100%" />
                    <condition number="122" type="jump" coverage="100%" />
                  </conditions>
                </line>
                <line number="572" hits="3" branch="False" />
                <line number="573" hits="0" branch="False" />
                <line number="575" hits="0" branch="False" />
                <line number="577" hits="0" branch="False" />
                <line number="579" hits="3" branch="False" />
              </lines>
            </method>
            <method name=".ctor" signature="(Approval.Application.Common.Interfaces.IApprovalDbContext,Approval.Application.Common.Interfaces.ITraceContext,Approval.Application.Common.Interfaces.IUserDirectoryService,Approval.Application.Common.Interfaces.IWorkflowRuleMatcher)" line-rate="1" branch-rate="1" complexity="1">
              <lines>
                <line number="28" hits="11" branch="False" />
                <line number="29" hits="11" branch="False" />
                <line number="30" hits="11" branch="False" />
                <line number="31" hits="11" branch="False" />
                <line number="32" hits="11" branch="False" />
                <line number="34" hits="11" branch="False" />
                <line number="35" hits="11" branch="False" />
                <line number="36" hits="11" branch="False" />
                <line number="37" hits="11" branch="False" />
                <line number="38" hits="11" branch="False" />
              </lines>
            </method>
            <method name=".cctor" signature="()" line-rate="1" branch-rate="1" complexity="1">
              <lines>
                <line number="18" hits="1" branch="False" />
                <line number="19" hits="1" branch="False" />
                <line number="20" hits="1" branch="False" />
                <line number="21" hits="1" branch="False" />
                <line number="22" hits="1" branch="False" />
              </lines>
            </method>
          </methods>
          <lines>
            <line number="498" hits="18" branch="True" condition-coverage="50% (1/2)">
              <conditions>
                <condition number="19" type="jump" coverage="50%" />
              </conditions>
            </line>
            <line number="499" hits="18" branch="False" />
            <line number="500" hits="18" branch="True" condition-coverage="50% (1/2)">
              <conditions>
                <condition number="54" type="jump" coverage="50%" />
              </conditions>
            </line>
            <line number="501" hits="150" branch="True" condition-coverage="50% (2/4)">
              <conditions>
                <condition number="150" type="jump" coverage="50%" />
                <condition number="11" type="jump" coverage="50%" />
              </conditions>
            </line>
            <line number="502" hits="0" branch="False" />
            <line number="503" hits="84" branch="True" condition-coverage="50% (1/2)">
              <conditions>
                <condition number="211" type="jump" coverage="50%" />
              </conditions>
            </line>
            <line number="504" hits="0" branch="False" />
            <line number="505" hits="18" branch="False" />
            <line number="506" hits="84" branch="False" />
            <line number="507" hits="18" branch="True" condition-coverage="50% (1/2)">
              <conditions>
                <condition number="277" type="jump" coverage="50%" />
              </conditions>
            </line>
            <line number="508" hits="0" branch="False" />
            <line number="509" hits="354" branch="True" condition-coverage="50% (2/4)">
              <conditions>
                <condition number="392" type="jump" coverage="50%" />
                <condition number="41" type="jump" coverage="50%" />
              </conditions>
            </line>
            <line number="510" hits="0" branch="False" />
            <line number="511" hits="18" branch="False" />
            <line number="520" hits="17" branch="False" />
            <line number="521" hits="17" branch="False" />
            <line number="522" hits="17" branch="False" />
            <line number="523" hits="4" branch="False" />
            <line number="525" hits="21" branch="True" condition-coverage="50% (1/2)">
              <conditions>
                <condition number="49" type="jump" coverage="50%" />
              </conditions>
            </line>
            <line number="526" hits="93" branch="True" condition-coverage="100% (2/2)">
              <conditions>
                <condition number="75" type="jump" coverage="100%" />
              </conditions>
            </line>
            <line number="527" hits="44" branch="True" condition-coverage="100% (4/4)">
              <conditions>
                <condition number="121" type="jump" coverage="100%" />
                <condition number="153" type="jump" coverage="100%" />
              </conditions>
            </line>
            <line number="528" hits="24" branch="False" />
            <line number="529" hits="21" branch="True" condition-coverage="50% (1/2)">
              <conditions>
                <condition number="204" type="jump" coverage="50%" />
              </conditions>
            </line>
            <line number="530" hits="104" branch="False" />
            <line number="531" hits="38" branch="True" condition-coverage="100% (6/6)">
              <conditions>
                <condition number="270" type="jump" coverage="100%" />
                <condition number="275" type="jump" coverage="100%" />
                <condition number="287" type="jump" coverage="100%" />
              </conditions>
            </line>
            <line number="532" hits="4" branch="True" condition-coverage="50% (1/2)">
              <conditions>
                <condition number="300" type="jump" coverage="50%" />
              </conditions>
            </line>
            <line number="533" hits="4" branch="True" condition-coverage="100% (2/2)">
              <conditions>
                <condition number="316" type="jump" coverage="100%" />
              </conditions>
            </line>
            <line number="535" hits="0" branch="False" />
            <line number="536" hits="4" branch="False" />
            <line number="542" hits="4" branch="True" condition-coverage="50% (1/2)">
              <conditions>
                <condition number="6" type="jump" coverage="50%" />
              </conditions>
            </line>
            <line number="543" hits="4" branch="False" />
            <line number="545" hits="4" branch="True" condition-coverage="50% (1/2)">
              <conditions>
                <condition number="39" type="jump" coverage="50%" />
              </conditions>
            </line>
            <line number="546" hits="0" branch="False" />
            <line number="547" hits="4" branch="False" />
            <line number="548" hits="4" branch="True" condition-coverage="50% (1/2)">
              <conditions>
                <condition number="153" type="jump" coverage="50%" />
              </conditions>
            </line>
            <line number="549" hits="4" branch="False" />
            <line number="550" hits="4" branch="True" condition-coverage="50% (1/2)">
              <conditions>
                <condition number="215" type="jump" coverage="50%" />
              </conditions>
            </line>
            <line number="551" hits="0" branch="False" />
            <line number="552" hits="4" branch="True" condition-coverage="40% (4/10)">
              <conditions>
                <condition number="245" type="jump" coverage="50%" />
                <condition number="258" type="jump" coverage="50%" />
                <condition number="271" type="jump" coverage="50%" />
                <condition number="284" type="jump" coverage="50%" />
                <condition number="297" type="jump" coverage="0%" />
              </conditions>
            </line>
            <line number="553" hits="4" branch="False" />
            <line number="554" hits="0" branch="False" />
            <line number="555" hits="0" branch="False" />
            <line number="556" hits="0" branch="False" />
            <line number="557" hits="4" branch="False" />
            <line number="558" hits="0" branch="False" />
            <line number="559" hits="0" branch="False" />
            <line number="560" hits="4" branch="False" />
            <line number="567" hits="3" branch="False" />
            <line number="568" hits="3" branch="False" />
            <line number="569" hits="3" branch="True" condition-coverage="50% (1/2)">
              <conditions>
                <condition number="36" type="jump" coverage="50%" />
              </conditions>
            </line>
            <line number="570" hits="13" branch="True" condition-coverage="50% (1/2)">
              <conditions>
                <condition number="136" type="jump" coverage="50%" />
              </conditions>
            </line>
            <line number="571" hits="5" branch="True" condition-coverage="100% (4/4)">
              <conditions>
                <condition number="103" type="jump" coverage="100%" />
                <condition number="122" type="jump" coverage="100%" />
              </conditions>
            </line>
            <line number="572" hits="3" branch="False" />
            <line number="573" hits="0" branch="False" />
            <line number="575" hits="0" branch="False" />
            <line number="577" hits="0" branch="False" />
            <line number="579" hits="3" branch="False" />
            <line number="28" hits="11" branch="False" />
            <line number="29" hits="11" branch="False" />
            <line number="30" hits="11" branch="False" />
            <line number="31" hits="11" branch="False" />
            <line number="32" hits="11" branch="False" />
            <line number="34" hits="11" branch="False" />
            <line number="35" hits="11" branch="False" />
            <line number="36" hits="11" branch="False" />
            <line number="37" hits="11" branch="False" />
            <line number="38" hits="11" branch="False" />
            <line number="18" hits="1" branch="False" />
            <line number="19" hits="1" branch="False" />
            <line number="20" hits="1" branch="False" />
            <line number="21" hits="1" branch="False" />
            <line number="22" hits="1" branch="False" />
          </lines>
        </class>
        <class name="Approval.Application.Services.WorkflowEngine/&lt;&gt;c__DisplayClass9_0" filename="Approval.Application\Services\WorkflowEngine.cs" line-rate="1" branch-rate="1" complexity="1">
          <methods>
            <method name="&lt;RevokeWorkflowAsync&gt;b__8" signature="(System.String)" line-rate="1" branch-rate="1" complexity="1">
              <lines>
                <line number="390" hits="2" branch="False" />
              </lines>
            </method>
          </methods>
          <lines>
            <line number="390" hits="2" branch="False" />
          </lines>
        </class>
        <class name="Approval.Application.Services.WorkflowEngine/&lt;AddApprovalTaskAsync&gt;d__10" filename="Approval.Application\Services\WorkflowEngine.cs" line-rate="0.9523" branch-rate="0.6666" complexity="6">
          <methods>
            <method name="MoveNext" signature="()" line-rate="0.9523" branch-rate="0.6666" complexity="6">
              <lines>
                <line number="425" hits="14" branch="True" condition-coverage="50% (1/2)">
                  <conditions>
                    <condition number="32" type="jump" coverage="50%" />
                  </conditions>
                </line>
                <line number="426" hits="0" branch="False" />
                <line number="428" hits="14" branch="False" />
                <line number="429" hits="14" branch="False" />
                <line number="430" hits="14" branch="False" />
                <line number="431" hits="14" branch="False" />
                <line number="432" hits="14" branch="False" />
                <line number="434" hits="14" branch="True" condition-coverage="50% (1/2)">
                  <conditions>
                    <condition number="210" type="jump" coverage="50%" />
                  </conditions>
                </line>
                <line number="435" hits="0" branch="False" />
                <line number="437" hits="14" branch="False" />
                <line number="438" hits="14" branch="False" />
                <line number="439" hits="14" branch="False" />
                <line number="440" hits="14" branch="False" />
                <line number="441" hits="14" branch="False" />
                <line number="442" hits="14" branch="False" />
                <line number="443" hits="14" branch="False" />
                <line number="444" hits="14" branch="False" />
                <line number="445" hits="14" branch="False" />
                <line number="446" hits="14" branch="False" />
                <line number="447" hits="14" branch="False" />
                <line number="448" hits="14" branch="False" />
                <line number="449" hits="14" branch="False" />
                <line number="450" hits="14" branch="False" />
                <line number="451" hits="14" branch="False" />
                <line number="452" hits="14" branch="False" />
                <line number="453" hits="14" branch="False" />
                <line number="454" hits="14" branch="False" />
                <line number="455" hits="14" branch="False" />
                <line number="456" hits="14" branch="False" />
                <line number="457" hits="64" branch="True" condition-coverage="100% (2/2)">
                  <conditions>
                    <condition number="583" type="jump" coverage="100%" />
                  </conditions>
                </line>
                <line number="459" hits="18" branch="False" />
                <line number="460" hits="18" branch="False" />
                <line number="461" hits="18" branch="False" />
                <line number="462" hits="18" branch="False" />
                <line number="463" hits="18" branch="False" />
                <line number="464" hits="18" branch="False" />
                <line number="465" hits="18" branch="False" />
                <line number="468" hits="14" branch="False" />
                <line number="469" hits="14" branch="False" />
                <line number="470" hits="14" branch="False" />
                <line number="471" hits="14" branch="False" />
                <line number="472" hits="14" branch="False" />
              </lines>
            </method>
          </methods>
          <lines>
            <line number="425" hits="14" branch="True" condition-coverage="50% (1/2)">
              <conditions>
                <condition number="32" type="jump" coverage="50%" />
              </conditions>
            </line>
            <line number="426" hits="0" branch="False" />
            <line number="428" hits="14" branch="False" />
            <line number="429" hits="14" branch="False" />
            <line number="430" hits="14" branch="False" />
            <line number="431" hits="14" branch="False" />
            <line number="432" hits="14" branch="False" />
            <line number="434" hits="14" branch="True" condition-coverage="50% (1/2)">
              <conditions>
                <condition number="210" type="jump" coverage="50%" />
              </conditions>
            </line>
            <line number="435" hits="0" branch="False" />
            <line number="437" hits="14" branch="False" />
            <line number="438" hits="14" branch="False" />
            <line number="439" hits="14" branch="False" />
            <line number="440" hits="14" branch="False" />
            <line number="441" hits="14" branch="False" />
            <line number="442" hits="14" branch="False" />
            <line number="443" hits="14" branch="False" />
            <line number="444" hits="14" branch="False" />
            <line number="445" hits="14" branch="False" />
            <line number="446" hits="14" branch="False" />
            <line number="447" hits="14" branch="False" />
            <line number="448" hits="14" branch="False" />
            <line number="449" hits="14" branch="False" />
            <line number="450" hits="14" branch="False" />
            <line number="451" hits="14" branch="False" />
            <line number="452" hits="14" branch="False" />
            <line number="453" hits="14" branch="False" />
            <line number="454" hits="14" branch="False" />
            <line number="455" hits="14" branch="False" />
            <line number="456" hits="14" branch="False" />
            <line number="457" hits="64" branch="True" condition-coverage="100% (2/2)">
              <conditions>
                <condition number="583" type="jump" coverage="100%" />
              </conditions>
            </line>
            <line number="459" hits="18" branch="False" />
            <line number="460" hits="18" branch="False" />
            <line number="461" hits="18" branch="False" />
            <line number="462" hits="18" branch="False" />
            <line number="463" hits="18" branch="False" />
            <line number="464" hits="18" branch="False" />
            <line number="465" hits="18" branch="False" />
            <line number="468" hits="14" branch="False" />
            <line number="469" hits="14" branch="False" />
            <line number="470" hits="14" branch="False" />
            <line number="471" hits="14" branch="False" />
            <line number="472" hits="14" branch="False" />
          </lines>
        </class>
        <class name="Approval.Application.Services.WorkflowEngine/&lt;AddOutboxAsync&gt;d__11" filename="Approval.Application\Services\WorkflowEngine.cs" line-rate="1" branch-rate="1" complexity="1">
          <methods>
            <method name="MoveNext" signature="()" line-rate="1" branch-rate="1" complexity="1">
              <lines>
                <line number="476" hits="21" branch="False" />
                <line number="477" hits="21" branch="False" />
                <line number="478" hits="21" branch="False" />
                <line number="479" hits="21" branch="False" />
                <line number="480" hits="21" branch="False" />
                <line number="481" hits="21" branch="False" />
                <line number="482" hits="21" branch="False" />
                <line number="483" hits="21" branch="False" />
                <line number="484" hits="21" branch="False" />
                <line number="485" hits="21" branch="False" />
                <line number="486" hits="21" branch="False" />
                <line number="487" hits="21" branch="False" />
                <line number="488" hits="21" branch="False" />
                <line number="489" hits="21" branch="False" />
                <line number="490" hits="21" branch="False" />
                <line number="491" hits="21" branch="False" />
                <line number="492" hits="21" branch="False" />
                <line number="493" hits="21" branch="False" />
                <line number="494" hits="21" branch="False" />
              </lines>
            </method>
          </methods>
          <lines>
            <line number="476" hits="21" branch="False" />
            <line number="477" hits="21" branch="False" />
            <line number="478" hits="21" branch="False" />
            <line number="479" hits="21" branch="False" />
            <line number="480" hits="21" branch="False" />
            <line number="481" hits="21" branch="False" />
            <line number="482" hits="21" branch="False" />
            <line number="483" hits="21" branch="False" />
            <line number="484" hits="21" branch="False" />
            <line number="485" hits="21" branch="False" />
            <line number="486" hits="21" branch="False" />
            <line number="487" hits="21" branch="False" />
            <line number="488" hits="21" branch="False" />
            <line number="489" hits="21" branch="False" />
            <line number="490" hits="21" branch="False" />
            <line number="491" hits="21" branch="False" />
            <line number="492" hits="21" branch="False" />
            <line number="493" hits="21" branch="False" />
            <line number="494" hits="21" branch="False" />
          </lines>
        </class>
        <class name="Approval.Application.Services.WorkflowEngine/&lt;ForwardTaskAsync&gt;d__8" filename="Approval.Application\Services\WorkflowEngine.cs" line-rate="0.8946999999999999" branch-rate="0.55" complexity="20">
          <methods>
            <method name="MoveNext" signature="()" line-rate="0.8946999999999999" branch-rate="0.55" complexity="20">
              <lines>
                <line number="259" hits="1" branch="True" condition-coverage="50% (1/2)">
                  <conditions>
                    <condition number="110" type="jump" coverage="50%" />
                  </conditions>
                </line>
                <line number="260" hits="0" branch="False" />
                <line number="261" hits="1" branch="True" condition-coverage="50% (1/2)">
                  <conditions>
                    <condition number="139" type="jump" coverage="50%" />
                  </conditions>
                </line>
                <line number="262" hits="0" branch="False" />
                <line number="264" hits="1" branch="True" condition-coverage="50% (1/2)">
                  <conditions>
                    <condition number="273" type="jump" coverage="50%" />
                  </conditions>
                </line>
                <line number="265" hits="1" branch="False" />
                <line number="266" hits="1" branch="True" condition-coverage="50% (1/2)">
                  <conditions>
                    <condition number="325" type="jump" coverage="50%" />
                  </conditions>
                </line>
                <line number="267" hits="0" branch="False" />
                <line number="269" hits="1" branch="False" />
                <line number="270" hits="1" branch="True" condition-coverage="50% (1/2)">
                  <conditions>
                    <condition number="607" type="jump" coverage="50%" />
                  </conditions>
                </line>
                <line number="271" hits="0" branch="False" />
                <line number="273" hits="1" branch="True" condition-coverage="50% (1/2)">
                  <conditions>
                    <condition number="839" type="jump" coverage="50%" />
                  </conditions>
                </line>
                <line number="274" hits="1" branch="False" />
                <line number="276" hits="1" branch="False" />
                <line number="279" hits="1" branch="True" condition-coverage="100% (2/2)">
                  <conditions>
                    <condition number="1071" type="jump" coverage="100%" />
                  </conditions>
                </line>
                <line number="281" hits="1" branch="True" condition-coverage="50% (1/2)">
                  <conditions>
                    <condition number="1134" type="jump" coverage="50%" />
                  </conditions>
                </line>
                <line number="282" hits="1" branch="False" />
                <line number="283" hits="1" branch="False" />
                <line number="284" hits="1" branch="False" />
                <line number="285" hits="1" branch="False" />
                <line number="286" hits="1" branch="False" />
                <line number="287" hits="1" branch="False" />
                <line number="291" hits="1" branch="True" condition-coverage="50% (2/4)">
                  <conditions>
                    <condition number="1419" type="jump" coverage="50%" />
                    <condition number="1459" type="jump" coverage="50%" />
                  </conditions>
                </line>
                <line number="292" hits="1" branch="False" />
                <line number="293" hits="1" branch="False" />
                <line number="294" hits="1" branch="False" />
                <line number="295" hits="1" branch="False" />
                <line number="296" hits="1" branch="False" />
                <line number="297" hits="1" branch="False" />
                <line number="298" hits="1" branch="False" />
                <line number="299" hits="1" branch="False" />
                <line number="300" hits="1" branch="False" />
                <line number="301" hits="1" branch="False" />
                <line number="302" hits="1" branch="False" />
                <line number="303" hits="1" branch="False" />
                <line number="304" hits="1" branch="False" />
                <line number="306" hits="1" branch="False" />
                <line number="307" hits="1" branch="False" />
              </lines>
            </method>
          </methods>
          <lines>
            <line number="259" hits="1" branch="True" condition-coverage="50% (1/2)">
              <conditions>
                <condition number="110" type="jump" coverage="50%" />
              </conditions>
            </line>
            <line number="260" hits="0" branch="False" />
            <line number="261" hits="1" branch="True" condition-coverage="50% (1/2)">
              <conditions>
                <condition number="139" type="jump" coverage="50%" />
              </conditions>
            </line>
            <line number="262" hits="0" branch="False" />
            <line number="264" hits="1" branch="True" condition-coverage="50% (1/2)">
              <conditions>
                <condition number="273" type="jump" coverage="50%" />
              </conditions>
            </line>
            <line number="265" hits="1" branch="False" />
            <line number="266" hits="1" branch="True" condition-coverage="50% (1/2)">
              <conditions>
                <condition number="325" type="jump" coverage="50%" />
              </conditions>
            </line>
            <line number="267" hits="0" branch="False" />
            <line number="269" hits="1" branch="False" />
            <line number="270" hits="1" branch="True" condition-coverage="50% (1/2)">
              <conditions>
                <condition number="607" type="jump" coverage="50%" />
              </conditions>
            </line>
            <line number="271" hits="0" branch="False" />
            <line number="273" hits="1" branch="True" condition-coverage="50% (1/2)">
              <conditions>
                <condition number="839" type="jump" coverage="50%" />
              </conditions>
            </line>
            <line number="274" hits="1" branch="False" />
            <line number="276" hits="1" branch="False" />
            <line number="279" hits="1" branch="True" condition-coverage="100% (2/2)">
              <conditions>
                <condition number="1071" type="jump" coverage="100%" />
              </conditions>
            </line>
            <line number="281" hits="1" branch="True" condition-coverage="50% (1/2)">
              <conditions>
                <condition number="1134" type="jump" coverage="50%" />
              </conditions>
            </line>
            <line number="282" hits="1" branch="False" />
            <line number="283" hits="1" branch="False" />
            <line number="284" hits="1" branch="False" />
            <line number="285" hits="1" branch="False" />
            <line number="286" hits="1" branch="False" />
            <line number="287" hits="1" branch="False" />
            <line number="291" hits="1" branch="True" condition-coverage="50% (2/4)">
              <conditions>
                <condition number="1419" type="jump" coverage="50%" />
                <condition number="1459" type="jump" coverage="50%" />
              </conditions>
            </line>
            <line number="292" hits="1" branch="False" />
            <line number="293" hits="1" branch="False" />
            <line number="294" hits="1" branch="False" />
            <line number="295" hits="1" branch="False" />
            <line number="296" hits="1" branch="False" />
            <line number="297" hits="1" branch="False" />
            <line number="298" hits="1" branch="False" />
            <line number="299" hits="1" branch="False" />
            <line number="300" hits="1" branch="False" />
            <line number="301" hits="1" branch="False" />
            <line number="302" hits="1" branch="False" />
            <line number="303" hits="1" branch="False" />
            <line number="304" hits="1" branch="False" />
            <line number="306" hits="1" branch="False" />
            <line number="307" hits="1" branch="False" />
          </lines>
        </class>
        <class name="Approval.Application.Services.WorkflowEngine/&lt;ProcessDecisionAsync&gt;d__7" filename="Approval.Application\Services\WorkflowEngine.cs" line-rate="0.9393" branch-rate="0.7" complexity="30">
          <methods>
            <method name="MoveNext" signature="()" line-rate="0.9393" branch-rate="0.7" complexity="30">
              <lines>
                <line number="162" hits="8" branch="True" condition-coverage="50% (1/2)">
                  <conditions>
                    <condition number="105" type="jump" coverage="50%" />
                  </conditions>
                </line>
                <line number="163" hits="0" branch="False" />
                <line number="165" hits="8" branch="True" condition-coverage="50% (1/2)">
                  <conditions>
                    <condition number="242" type="jump" coverage="50%" />
                  </conditions>
                </line>
                <line number="166" hits="8" branch="False" />
                <line number="167" hits="8" branch="True" condition-coverage="100% (2/2)">
                  <conditions>
                    <condition number="294" type="jump" coverage="100%" />
                  </conditions>
                </line>
                <line number="168" hits="1" branch="False" />
                <line number="170" hits="7" branch="True" condition-coverage="50% (1/2)">
                  <conditions>
                    <condition number="418" type="jump" coverage="50%" />
                  </conditions>
                </line>
                <line number="171" hits="7" branch="False" />
                <line number="173" hits="7" branch="True" condition-coverage="100% (4/4)">
                  <conditions>
                    <condition number="445" type="jump" coverage="100%" />
                    <condition number="635" type="jump" coverage="100%" />
                  </conditions>
                </line>
                <line number="174" hits="1" branch="False" />
                <line number="176" hits="6" branch="True" condition-coverage="50% (1/2)">
                  <conditions>
                    <condition number="876" type="jump" coverage="50%" />
                  </conditions>
                </line>
                <line number="177" hits="6" branch="False" />
                <line number="178" hits="6" branch="True" condition-coverage="50% (1/2)">
                  <conditions>
                    <condition number="933" type="jump" coverage="50%" />
                  </conditions>
                </line>
                <line number="179" hits="0" branch="False" />
                <line number="180" hits="6" branch="True" condition-coverage="50% (1/2)">
                  <conditions>
                    <condition number="1143" type="jump" coverage="50%" />
                  </conditions>
                </line>
                <line number="181" hits="6" branch="False" />
                <line number="182" hits="6" branch="True" condition-coverage="50% (1/2)">
                  <conditions>
                    <condition number="1317" type="jump" coverage="50%" />
                  </conditions>
                </line>
                <line number="183" hits="6" branch="False" />
                <line number="185" hits="6" branch="False" />
                <line number="186" hits="6" branch="True" condition-coverage="100% (2/2)">
                  <conditions>
                    <condition number="1343" type="jump" coverage="100%" />
                  </conditions>
                </line>
                <line number="188" hits="3" branch="True" condition-coverage="50% (1/2)">
                  <conditions>
                    <condition number="1486" type="jump" coverage="50%" />
                  </conditions>
                </line>
                <line number="189" hits="3" branch="False" />
                <line number="190" hits="3" branch="False" />
                <line number="191" hits="3" branch="False" />
                <line number="194" hits="6" branch="False" />
                <line number="195" hits="6" branch="False" />
                <line number="196" hits="6" branch="False" />
                <line number="197" hits="6" branch="False" />
                <line number="198" hits="6" branch="False" />
                <line number="199" hits="6" branch="False" />
                <line number="200" hits="6" branch="False" />
                <line number="201" hits="6" branch="False" />
                <line number="204" hits="6" branch="True" condition-coverage="100% (2/2)">
                  <conditions>
                    <condition number="1728" type="jump" coverage="100%" />
                  </conditions>
                </line>
                <line number="206" hits="1" branch="False" />
                <line number="207" hits="1" branch="False" />
                <line number="208" hits="1" branch="False" />
                <line number="209" hits="1" branch="False" />
                <line number="211" hits="5" branch="True" condition-coverage="100% (2/2)">
                  <conditions>
                    <condition number="1940" type="jump" coverage="100%" />
                  </conditions>
                </line>
                <line number="213" hits="2" branch="False" />
                <line number="214" hits="2" branch="False" />
                <line number="215" hits="2" branch="False" />
                <line number="216" hits="2" branch="False" />
                <line number="218" hits="3" branch="True" condition-coverage="50% (1/2)">
                  <conditions>
                    <condition number="2153" type="jump" coverage="50%" />
                  </conditions>
                </line>
                <line number="220" hits="3" branch="False" />
                <line number="221" hits="3" branch="False" />
                <line number="222" hits="3" branch="False" />
                <line number="223" hits="3" branch="False" />
                <line number="227" hits="0" branch="False" />
                <line number="228" hits="0" branch="False" />
                <line number="231" hits="6" branch="False" />
                <line number="232" hits="6" branch="False" />
                <line number="233" hits="6" branch="False" />
                <line number="234" hits="6" branch="False" />
                <line number="235" hits="6" branch="False" />
                <line number="236" hits="6" branch="False" />
                <line number="237" hits="6" branch="False" />
                <line number="238" hits="6" branch="False" />
                <line number="239" hits="6" branch="False" />
                <line number="240" hits="6" branch="False" />
                <line number="241" hits="6" branch="False" />
                <line number="242" hits="6" branch="False" />
                <line number="243" hits="6" branch="False" />
                <line number="244" hits="6" branch="False" />
                <line number="246" hits="6" branch="False" />
                <line number="247" hits="6" branch="False" />
                <line number="248" hits="6" branch="False" />
              </lines>
            </method>
          </methods>
          <lines>
            <line number="162" hits="8" branch="True" condition-coverage="50% (1/2)">
              <conditions>
                <condition number="105" type="jump" coverage="50%" />
              </conditions>
            </line>
            <line number="163" hits="0" branch="False" />
            <line number="165" hits="8" branch="True" condition-coverage="50% (1/2)">
              <conditions>
                <condition number="242" type="jump" coverage="50%" />
              </conditions>
            </line>
            <line number="166" hits="8" branch="False" />
            <line number="167" hits="8" branch="True" condition-coverage="100% (2/2)">
              <conditions>
                <condition number="294" type="jump" coverage="100%" />
              </conditions>
            </line>
            <line number="168" hits="1" branch="False" />
            <line number="170" hits="7" branch="True" condition-coverage="50% (1/2)">
              <conditions>
                <condition number="418" type="jump" coverage="50%" />
              </conditions>
            </line>
            <line number="171" hits="7" branch="False" />
            <line number="173" hits="7" branch="True" condition-coverage="100% (4/4)">
              <conditions>
                <condition number="445" type="jump" coverage="100%" />
                <condition number="635" type="jump" coverage="100%" />
              </conditions>
            </line>
            <line number="174" hits="1" branch="False" />
            <line number="176" hits="6" branch="True" condition-coverage="50% (1/2)">
              <conditions>
                <condition number="876" type="jump" coverage="50%" />
              </conditions>
            </line>
            <line number="177" hits="6" branch="False" />
            <line number="178" hits="6" branch="True" condition-coverage="50% (1/2)">
              <conditions>
                <condition number="933" type="jump" coverage="50%" />
              </conditions>
            </line>
            <line number="179" hits="0" branch="False" />
            <line number="180" hits="6" branch="True" condition-coverage="50% (1/2)">
              <conditions>
                <condition number="1143" type="jump" coverage="50%" />
              </conditions>
            </line>
            <line number="181" hits="6" branch="False" />
            <line number="182" hits="6" branch="True" condition-coverage="50% (1/2)">
              <conditions>
                <condition number="1317" type="jump" coverage="50%" />
              </conditions>
            </line>
            <line number="183" hits="6" branch="False" />
            <line number="185" hits="6" branch="False" />
            <line number="186" hits="6" branch="True" condition-coverage="100% (2/2)">
              <conditions>
                <condition number="1343" type="jump" coverage="100%" />
              </conditions>
            </line>
            <line number="188" hits="3" branch="True" condition-coverage="50% (1/2)">
              <conditions>
                <condition number="1486" type="jump" coverage="50%" />
              </conditions>
            </line>
            <line number="189" hits="3" branch="False" />
            <line number="190" hits="3" branch="False" />
            <line number="191" hits="3" branch="False" />
            <line number="194" hits="6" branch="False" />
            <line number="195" hits="6" branch="False" />
            <line number="196" hits="6" branch="False" />
            <line number="197" hits="6" branch="False" />
            <line number="198" hits="6" branch="False" />
            <line number="199" hits="6" branch="False" />
            <line number="200" hits="6" branch="False" />
            <line number="201" hits="6" branch="False" />
            <line number="204" hits="6" branch="True" condition-coverage="100% (2/2)">
              <conditions>
                <condition number="1728" type="jump" coverage="100%" />
              </conditions>
            </line>
            <line number="206" hits="1" branch="False" />
            <line number="207" hits="1" branch="False" />
            <line number="208" hits="1" branch="False" />
            <line number="209" hits="1" branch="False" />
            <line number="211" hits="5" branch="True" condition-coverage="100% (2/2)">
              <conditions>
                <condition number="1940" type="jump" coverage="100%" />
              </conditions>
            </line>
            <line number="213" hits="2" branch="False" />
            <line number="214" hits="2" branch="False" />
            <line number="215" hits="2" branch="False" />
            <line number="216" hits="2" branch="False" />
            <line number="218" hits="3" branch="True" condition-coverage="50% (1/2)">
              <conditions>
                <condition number="2153" type="jump" coverage="50%" />
              </conditions>
            </line>
            <line number="220" hits="3" branch="False" />
            <line number="221" hits="3" branch="False" />
            <line number="222" hits="3" branch="False" />
            <line number="223" hits="3" branch="False" />
            <line number="227" hits="0" branch="False" />
            <line number="228" hits="0" branch="False" />
            <line number="231" hits="6" branch="False" />
            <line number="232" hits="6" branch="False" />
            <line number="233" hits="6" branch="False" />
            <line number="234" hits="6" branch="False" />
            <line number="235" hits="6" branch="False" />
            <line number="236" hits="6" branch="False" />
            <line number="237" hits="6" branch="False" />
            <line number="238" hits="6" branch="False" />
            <line number="239" hits="6" branch="False" />
            <line number="240" hits="6" branch="False" />
            <line number="241" hits="6" branch="False" />
            <line number="242" hits="6" branch="False" />
            <line number="243" hits="6" branch="False" />
            <line number="244" hits="6" branch="False" />
            <line number="246" hits="6" branch="False" />
            <line number="247" hits="6" branch="False" />
            <line number="248" hits="6" branch="False" />
          </lines>
        </class>
        <class name="Approval.Application.Services.WorkflowEngine/&lt;RevokeWorkflowAsync&gt;d__9" filename="Approval.Application\Services\WorkflowEngine.cs" line-rate="0.9571" branch-rate="0.6" complexity="30">
          <methods>
            <method name="MoveNext" signature="()" line-rate="0.9571" branch-rate="0.6" complexity="30">
              <lines>
                <line number="316" hits="1" branch="True" condition-coverage="50% (1/2)">
                  <conditions>
                    <condition number="201" type="jump" coverage="50%" />
                  </conditions>
                </line>
                <line number="317" hits="1" branch="False" />
                <line number="319" hits="1" branch="True" condition-coverage="50% (1/2)">
                  <conditions>
                    <condition number="258" type="jump" coverage="50%" />
                  </conditions>
                </line>
                <line number="321" hits="0" branch="False" />
                <line number="325" hits="1" branch="False" />
                <line number="326" hits="1" branch="False" />
                <line number="327" hits="1" branch="True" condition-coverage="50% (2/4)">
                  <conditions>
                    <condition number="386" type="jump" coverage="50%" />
                    <condition number="389" type="jump" coverage="50%" />
                  </conditions>
                </line>
                <line number="329" hits="0" branch="False" />
                <line number="333" hits="1" branch="False" />
                <line number="334" hits="1" branch="True" condition-coverage="100% (2/2)">
                  <conditions>
                    <condition number="569" type="jump" coverage="100%" />
                  </conditions>
                </line>
                <line number="336" hits="1" branch="False" />
                <line number="337" hits="1" branch="True" condition-coverage="50% (2/4)">
                  <conditions>
                    <condition number="588" type="jump" coverage="50%" />
                    <condition number="591" type="jump" coverage="50%" />
                  </conditions>
                </line>
                <line number="339" hits="0" branch="False" />
                <line number="343" hits="1" branch="False" />
                <line number="346" hits="1" branch="False" />
                <line number="347" hits="1" branch="False" />
                <line number="349" hits="1" branch="False" />
                <line number="351" hits="4" branch="True" condition-coverage="100% (2/2)">
                  <conditions>
                    <condition number="987" type="jump" coverage="100%" />
                  </conditions>
                </line>
                <line number="353" hits="1" branch="False" />
                <line number="354" hits="1" branch="True" condition-coverage="50% (1/2)">
                  <conditions>
                    <condition number="962" type="jump" coverage="50%" />
                  </conditions>
                </line>
                <line number="358" hits="1" branch="True" condition-coverage="50% (1/2)">
                  <conditions>
                    <condition number="1165" type="jump" coverage="50%" />
                  </conditions>
                </line>
                <line number="359" hits="1" branch="False" />
                <line number="360" hits="1" branch="False" />
                <line number="361" hits="1" branch="False" />
                <line number="362" hits="1" branch="False" />
                <line number="363" hits="1" branch="False" />
                <line number="364" hits="1" branch="False" />
                <line number="365" hits="1" branch="False" />
                <line number="366" hits="1" branch="False" />
                <line number="367" hits="1" branch="False" />
                <line number="368" hits="1" branch="False" />
                <line number="369" hits="1" branch="False" />
                <line number="370" hits="1" branch="False" />
                <line number="373" hits="1" branch="False" />
                <line number="374" hits="1" branch="False" />
                <line number="375" hits="1" branch="False" />
                <line number="376" hits="1" branch="False" />
                <line number="378" hits="1" branch="False" />
                <line number="379" hits="1" branch="False" />
                <line number="380" hits="1" branch="False" />
                <line number="381" hits="1" branch="False" />
                <line number="383" hits="1" branch="False" />
                <line number="384" hits="1" branch="False" />
                <line number="385" hits="1" branch="False" />
                <line number="386" hits="1" branch="False" />
                <line number="389" hits="1" branch="False" />
                <line number="391" hits="1" branch="False" />
                <line number="393" hits="1" branch="True" condition-coverage="50% (1/2)">
                  <conditions>
                    <condition number="1844" type="jump" coverage="50%" />
                  </conditions>
                </line>
                <line number="394" hits="1" branch="False" />
                <line number="395" hits="1" branch="True" condition-coverage="50% (1/2)">
                  <conditions>
                    <condition number="2053" type="jump" coverage="50%" />
                  </conditions>
                </line>
                <line number="397" hits="4" branch="True" condition-coverage="100% (2/2)">
                  <conditions>
                    <condition number="2419" type="jump" coverage="100%" />
                  </conditions>
                </line>
                <line number="399" hits="1" branch="False" />
                <line number="400" hits="1" branch="False" />
                <line number="401" hits="1" branch="False" />
                <line number="402" hits="1" branch="False" />
                <line number="403" hits="1" branch="False" />
                <line number="404" hits="1" branch="False" />
                <line number="405" hits="1" branch="False" />
                <line number="406" hits="1" branch="False" />
                <line number="407" hits="1" branch="False" />
                <line number="408" hits="1" branch="False" />
                <line number="409" hits="1" branch="False" />
                <line number="410" hits="1" branch="False" />
                <line number="411" hits="1" branch="False" />
                <line number="412" hits="1" branch="False" />
                <line number="416" hits="1" branch="False" />
                <line number="417" hits="1" branch="True" condition-coverage="50% (2/4)">
                  <conditions>
                    <condition number="2623" type="jump" coverage="50%" />
                    <condition number="2636" type="jump" coverage="50%" />
                  </conditions>
                </line>
                <line number="419" hits="1" branch="False" />
                <line number="420" hits="1" branch="False" />
                <line number="421" hits="1" branch="False" />
              </lines>
            </method>
          </methods>
          <lines>
            <line number="316" hits="1" branch="True" condition-coverage="50% (1/2)">
              <conditions>
                <condition number="201" type="jump" coverage="50%" />
              </conditions>
            </line>
            <line number="317" hits="1" branch="False" />
            <line number="319" hits="1" branch="True" condition-coverage="50% (1/2)">
              <conditions>
                <condition number="258" type="jump" coverage="50%" />
              </conditions>
            </line>
            <line number="321" hits="0" branch="False" />
            <line number="325" hits="1" branch="False" />
            <line number="326" hits="1" branch="False" />
            <line number="327" hits="1" branch="True" condition-coverage="50% (2/4)">
              <conditions>
                <condition number="386" type="jump" coverage="50%" />
                <condition number="389" type="jump" coverage="50%" />
              </conditions>
            </line>
            <line number="329" hits="0" branch="False" />
            <line number="333" hits="1" branch="False" />
            <line number="334" hits="1" branch="True" condition-coverage="100% (2/2)">
              <conditions>
                <condition number="569" type="jump" coverage="100%" />
              </conditions>
            </line>
            <line number="336" hits="1" branch="False" />
            <line number="337" hits="1" branch="True" condition-coverage="50% (2/4)">
              <conditions>
                <condition number="588" type="jump" coverage="50%" />
                <condition number="591" type="jump" coverage="50%" />
              </conditions>
            </line>
            <line number="339" hits="0" branch="False" />
            <line number="343" hits="1" branch="False" />
            <line number="346" hits="1" branch="False" />
            <line number="347" hits="1" branch="False" />
            <line number="349" hits="1" branch="False" />
            <line number="351" hits="4" branch="True" condition-coverage="100% (2/2)">
              <conditions>
                <condition number="987" type="jump" coverage="100%" />
              </conditions>
            </line>
            <line number="353" hits="1" branch="False" />
            <line number="354" hits="1" branch="True" condition-coverage="50% (1/2)">
              <conditions>
                <condition number="962" type="jump" coverage="50%" />
              </conditions>
            </line>
            <line number="358" hits="1" branch="True" condition-coverage="50% (1/2)">
              <conditions>
                <condition number="1165" type="jump" coverage="50%" />
              </conditions>
            </line>
            <line number="359" hits="1" branch="False" />
            <line number="360" hits="1" branch="False" />
            <line number="361" hits="1" branch="False" />
            <line number="362" hits="1" branch="False" />
            <line number="363" hits="1" branch="False" />
            <line number="364" hits="1" branch="False" />
            <line number="365" hits="1" branch="False" />
            <line number="366" hits="1" branch="False" />
            <line number="367" hits="1" branch="False" />
            <line number="368" hits="1" branch="False" />
            <line number="369" hits="1" branch="False" />
            <line number="370" hits="1" branch="False" />
            <line number="373" hits="1" branch="False" />
            <line number="374" hits="1" branch="False" />
            <line number="375" hits="1" branch="False" />
            <line number="376" hits="1" branch="False" />
            <line number="378" hits="1" branch="False" />
            <line number="379" hits="1" branch="False" />
            <line number="380" hits="1" branch="False" />
            <line number="381" hits="1" branch="False" />
            <line number="383" hits="1" branch="False" />
            <line number="384" hits="1" branch="False" />
            <line number="385" hits="1" branch="False" />
            <line number="386" hits="1" branch="False" />
            <line number="389" hits="1" branch="False" />
            <line number="391" hits="1" branch="False" />
            <line number="393" hits="1" branch="True" condition-coverage="50% (1/2)">
              <conditions>
                <condition number="1844" type="jump" coverage="50%" />
              </conditions>
            </line>
            <line number="394" hits="1" branch="False" />
            <line number="395" hits="1" branch="True" condition-coverage="50% (1/2)">
              <conditions>
                <condition number="2053" type="jump" coverage="50%" />
              </conditions>
            </line>
            <line number="397" hits="4" branch="True" condition-coverage="100% (2/2)">
              <conditions>
                <condition number="2419" type="jump" coverage="100%" />
              </conditions>
            </line>
            <line number="399" hits="1" branch="False" />
            <line number="400" hits="1" branch="False" />
            <line number="401" hits="1" branch="False" />
            <line number="402" hits="1" branch="False" />
            <line number="403" hits="1" branch="False" />
            <line number="404" hits="1" branch="False" />
            <line number="405" hits="1" branch="False" />
            <line number="406" hits="1" branch="False" />
            <line number="407" hits="1" branch="False" />
            <line number="408" hits="1" branch="False" />
            <line number="409" hits="1" branch="False" />
            <line number="410" hits="1" branch="False" />
            <line number="411" hits="1" branch="False" />
            <line number="412" hits="1" branch="False" />
            <line number="416" hits="1" branch="False" />
            <line number="417" hits="1" branch="True" condition-coverage="50% (2/4)">
              <conditions>
                <condition number="2623" type="jump" coverage="50%" />
                <condition number="2636" type="jump" coverage="50%" />
              </conditions>
            </line>
            <line number="419" hits="1" branch="False" />
            <line number="420" hits="1" branch="False" />
            <line number="421" hits="1" branch="False" />
          </lines>
        </class>
        <class name="Approval.Application.Services.WorkflowEngine/&lt;StartWorkflowAsync&gt;d__6" filename="Approval.Application\Services\WorkflowEngine.cs" line-rate="0.9745999999999999" branch-rate="0.7" complexity="20">
          <methods>
            <method name="MoveNext" signature="()" line-rate="0.9745999999999999" branch-rate="0.7" complexity="20">
              <lines>
                <line number="49" hits="15" branch="False" />
                <line number="50" hits="15" branch="False" />
                <line number="53" hits="15" branch="False" />
                <line number="54" hits="15" branch="False" />
                <line number="55" hits="15" branch="False" />
                <line number="57" hits="15" branch="True" condition-coverage="100% (2/2)">
                  <conditions>
                    <condition number="500" type="jump" coverage="100%" />
                  </conditions>
                </line>
                <line number="59" hits="2" branch="False" />
                <line number="61" hits="2" branch="True" condition-coverage="100% (4/4)">
                  <conditions>
                    <condition number="646" type="jump" coverage="100%" />
                    <condition number="669" type="jump" coverage="100%" />
                  </conditions>
                </line>
                <line number="63" hits="1" branch="False" />
                <line number="67" hits="1" branch="False" />
                <line number="68" hits="1" branch="False" />
                <line number="71" hits="1" branch="False" />
                <line number="72" hits="4" branch="True" condition-coverage="100% (2/2)">
                  <conditions>
                    <condition number="1098" type="jump" coverage="100%" />
                  </conditions>
                </line>
                <line number="74" hits="1" branch="False" />
                <line number="75" hits="1" branch="False" />
                <line number="78" hits="1" branch="False" />
                <line number="79" hits="1" branch="False" />
                <line number="80" hits="1" branch="False" />
                <line number="81" hits="1" branch="False" />
                <line number="82" hits="1" branch="False" />
                <line number="83" hits="1" branch="False" />
                <line number="84" hits="1" branch="False" />
                <line number="85" hits="1" branch="False" />
                <line number="86" hits="1" branch="False" />
                <line number="87" hits="1" branch="False" />
                <line number="88" hits="1" branch="False" />
                <line number="89" hits="1" branch="False" />
                <line number="90" hits="1" branch="False" />
                <line number="94" hits="14" branch="False" />
                <line number="95" hits="14" branch="True" condition-coverage="50% (2/4)">
                  <conditions>
                    <condition number="1527" type="jump" coverage="50%" />
                    <condition number="1550" type="jump" coverage="50%" />
                  </conditions>
                </line>
                <line number="97" hits="0" branch="True" condition-coverage="0% (0/2)">
                  <conditions>
                    <condition number="1569" type="jump" coverage="0%" />
                  </conditions>
                </line>
                <line number="100" hits="14" branch="True" condition-coverage="50% (1/2)">
                  <conditions>
                    <condition number="1794" type="jump" coverage="50%" />
                  </conditions>
                </line>
                <line number="101" hits="14" branch="False" />
                <line number="102" hits="14" branch="False" />
                <line number="104" hits="14" branch="False" />
                <line number="106" hits="14" branch="False" />
                <line number="107" hits="14" branch="True" condition-coverage="50% (1/2)">
                  <conditions>
                    <condition number="1924" type="jump" coverage="50%" />
                  </conditions>
                </line>
                <line number="108" hits="0" branch="False" />
                <line number="110" hits="14" branch="True" condition-coverage="100% (2/2)">
                  <conditions>
                    <condition number="2036" type="jump" coverage="100%" />
                  </conditions>
                </line>
                <line number="111" hits="14" branch="False" />
                <line number="112" hits="14" branch="False" />
                <line number="113" hits="14" branch="False" />
                <line number="114" hits="14" branch="False" />
                <line number="115" hits="14" branch="False" />
                <line number="116" hits="14" branch="False" />
                <line number="117" hits="14" branch="False" />
                <line number="118" hits="14" branch="False" />
                <line number="119" hits="14" branch="False" />
                <line number="120" hits="14" branch="False" />
                <line number="121" hits="14" branch="False" />
                <line number="122" hits="14" branch="False" />
                <line number="123" hits="14" branch="False" />
                <line number="124" hits="14" branch="False" />
                <line number="125" hits="14" branch="False" />
                <line number="126" hits="14" branch="False" />
                <line number="127" hits="14" branch="False" />
                <line number="128" hits="14" branch="False" />
                <line number="129" hits="14" branch="False" />
                <line number="130" hits="14" branch="False" />
                <line number="132" hits="14" branch="False" />
                <line number="133" hits="14" branch="False" />
                <line number="134" hits="14" branch="False" />
                <line number="135" hits="14" branch="False" />
                <line number="136" hits="14" branch="False" />
                <line number="137" hits="14" branch="False" />
                <line number="138" hits="14" branch="False" />
                <line number="139" hits="14" branch="False" />
                <line number="140" hits="14" branch="False" />
                <line number="141" hits="14" branch="False" />
                <line number="142" hits="14" branch="False" />
                <line number="143" hits="14" branch="False" />
                <line number="144" hits="14" branch="False" />
                <line number="145" hits="14" branch="False" />
                <line number="146" hits="14" branch="False" />
                <line number="148" hits="14" branch="False" />
                <line number="149" hits="14" branch="False" />
                <line number="150" hits="14" branch="False" />
                <line number="151" hits="14" branch="False" />
                <line number="152" hits="14" branch="False" />
              </lines>
            </method>
          </methods>
          <lines>
            <line number="49" hits="15" branch="False" />
            <line number="50" hits="15" branch="False" />
            <line number="53" hits="15" branch="False" />
            <line number="54" hits="15" branch="False" />
            <line number="55" hits="15" branch="False" />
            <line number="57" hits="15" branch="True" condition-coverage="100% (2/2)">
              <conditions>
                <condition number="500" type="jump" coverage="100%" />
              </conditions>
            </line>
            <line number="59" hits="2" branch="False" />
            <line number="61" hits="2" branch="True" condition-coverage="100% (4/4)">
              <conditions>
                <condition number="646" type="jump" coverage="100%" />
                <condition number="669" type="jump" coverage="100%" />
              </conditions>
            </line>
            <line number="63" hits="1" branch="False" />
            <line number="67" hits="1" branch="False" />
            <line number="68" hits="1" branch="False" />
            <line number="71" hits="1" branch="False" />
            <line number="72" hits="4" branch="True" condition-coverage="100% (2/2)">
              <conditions>
                <condition number="1098" type="jump" coverage="100%" />
              </conditions>
            </line>
            <line number="74" hits="1" branch="False" />
            <line number="75" hits="1" branch="False" />
            <line number="78" hits="1" branch="False" />
            <line number="79" hits="1" branch="False" />
            <line number="80" hits="1" branch="False" />
            <line number="81" hits="1" branch="False" />
            <line number="82" hits="1" branch="False" />
            <line number="83" hits="1" branch="False" />
            <line number="84" hits="1" branch="False" />
            <line number="85" hits="1" branch="False" />
            <line number="86" hits="1" branch="False" />
            <line number="87" hits="1" branch="False" />
            <line number="88" hits="1" branch="False" />
            <line number="89" hits="1" branch="False" />
            <line number="90" hits="1" branch="False" />
            <line number="94" hits="14" branch="False" />
            <line number="95" hits="14" branch="True" condition-coverage="50% (2/4)">
              <conditions>
                <condition number="1527" type="jump" coverage="50%" />
                <condition number="1550" type="jump" coverage="50%" />
              </conditions>
            </line>
            <line number="97" hits="0" branch="True" condition-coverage="0% (0/2)">
              <conditions>
                <condition number="1569" type="jump" coverage="0%" />
              </conditions>
            </line>
            <line number="100" hits="14" branch="True" condition-coverage="50% (1/2)">
              <conditions>
                <condition number="1794" type="jump" coverage="50%" />
              </conditions>
            </line>
            <line number="101" hits="14" branch="False" />
            <line number="102" hits="14" branch="False" />
            <line number="104" hits="14" branch="False" />
            <line number="106" hits="14" branch="False" />
            <line number="107" hits="14" branch="True" condition-coverage="50% (1/2)">
              <conditions>
                <condition number="1924" type="jump" coverage="50%" />
              </conditions>
            </line>
            <line number="108" hits="0" branch="False" />
            <line number="110" hits="14" branch="True" condition-coverage="100% (2/2)">
              <conditions>
                <condition number="2036" type="jump" coverage="100%" />
              </conditions>
            </line>
            <line number="111" hits="14" branch="False" />
            <line number="112" hits="14" branch="False" />
            <line number="113" hits="14" branch="False" />
            <line number="114" hits="14" branch="False" />
            <line number="115" hits="14" branch="False" />
            <line number="116" hits="14" branch="False" />
            <line number="117" hits="14" branch="False" />
            <line number="118" hits="14" branch="False" />
            <line number="119" hits="14" branch="False" />
            <line number="120" hits="14" branch="False" />
            <line number="121" hits="14" branch="False" />
            <line number="122" hits="14" branch="False" />
            <line number="123" hits="14" branch="False" />
            <line number="124" hits="14" branch="False" />
            <line number="125" hits="14" branch="False" />
            <line number="126" hits="14" branch="False" />
            <line number="127" hits="14" branch="False" />
            <line number="128" hits="14" branch="False" />
            <line number="129" hits="14" branch="False" />
            <line number="130" hits="14" branch="False" />
            <line number="132" hits="14" branch="False" />
            <line number="133" hits="14" branch="False" />
            <line number="134" hits="14" branch="False" />
            <line number="135" hits="14" branch="False" />
            <line number="136" hits="14" branch="False" />
            <line number="137" hits="14" branch="False" />
            <line number="138" hits="14" branch="False" />
            <line number="139" hits="14" branch="False" />
            <line number="140" hits="14" branch="False" />
            <line number="141" hits="14" branch="False" />
            <line number="142" hits="14" branch="False" />
            <line number="143" hits="14" branch="False" />
            <line number="144" hits="14" branch="False" />
            <line number="145" hits="14" branch="False" />
            <line number="146" hits="14" branch="False" />
            <line number="148" hits="14" branch="False" />
            <line number="149" hits="14" branch="False" />
            <line number="150" hits="14" branch="False" />
            <line number="151" hits="14" branch="False" />
            <line number="152" hits="14" branch="False" />
          </lines>
        </class>
        <class name="Approval.Application.Services.WorkflowRuleMatcher" filename="Approval.Application\Services\WorkflowRuleMatcher.cs" line-rate="0.4277" branch-rate="0.3461" complexity="261">
          <methods>
            <method name="EvaluateRule" signature="(Approval.Domain.Entities.WorkflowRule,Approval.Application.Common.Models.SapObjectPayload,System.String&amp;)" line-rate="0.8387" branch-rate="0.7619" complexity="42">
              <lines>
                <line number="111" hits="12" branch="False" />
                <line number="114" hits="12" branch="True" condition-coverage="100% (2/2)">
                  <conditions>
                    <condition number="24" type="jump" coverage="100%" />
                  </conditions>
                </line>
                <line number="116" hits="2" branch="True" condition-coverage="50% (1/2)">
                  <conditions>
                    <condition number="37" type="jump" coverage="50%" />
[...]
                <line number="55" hits="3" branch="False" />
                <line number="56" hits="3" branch="False" />
                <line number="57" hits="3" branch="False" />
                <line number="58" hits="3" branch="False" />
                <line number="59" hits="3" branch="False" />
                <line number="60" hits="3" branch="False" />
                <line number="61" hits="3" branch="False" />
                <line number="62" hits="3" branch="False" />
                <line number="63" hits="3" branch="False" />
                <line number="64" hits="3" branch="False" />
                <line number="65" hits="3" branch="False" />
                <line number="66" hits="3" branch="False" />
                <line number="67" hits="3" branch="False" />
                <line number="68" hits="3" branch="False" />
                <line number="69" hits="3" branch="False" />
                <line number="70" hits="3" branch="False" />
                <line number="71" hits="3" branch="False" />
                <line number="72" hits="3" branch="False" />
                <line number="74" hits="3" branch="False" />
              </lines>
            </method>
            <method name="WriteApprovalMirrorAsync" signature="(System.String,System.String,System.String,System.String,System.String,System.Threading.CancellationToken)" line-rate="1" branch-rate="1" complexity="1">
              <lines>
                <line number="85" hits="1" branch="False" />
                <line number="86" hits="1" branch="False" />
                <line number="87" hits="1" branch="False" />
              </lines>
            </method>
            <method name=".ctor" signature="(System.String)" line-rate="1" branch-rate="1" complexity="1">
              <lines>
                <line number="15" hits="4" branch="False" />
                <line number="17" hits="4" branch="False" />
                <line number="18" hits="4" branch="False" />
              </lines>
            </method>
            <method name=".cctor" signature="()" line-rate="1" branch-rate="1" complexity="1">
              <lines>
                <line number="13" hits="1" branch="False" />
              </lines>
            </method>
          </methods>
          <lines>
            <line number="20" hits="0" branch="False" />
            <line number="25" hits="3" branch="True" condition-coverage="50% (1/2)">
              <conditions>
                <condition number="8" type="jump" coverage="50%" />
              </conditions>
            </line>
            <line number="26" hits="3" branch="False" />
            <line number="27" hits="3" branch="False" />
            <line number="28" hits="3" branch="False" />
            <line number="29" hits="3" branch="False" />
            <line number="30" hits="3" branch="False" />
            <line number="31" hits="3" branch="False" />
            <line number="32" hits="3" branch="False" />
            <line number="33" hits="3" branch="False" />
            <line number="34" hits="3" branch="False" />
            <line number="35" hits="3" branch="False" />
            <line number="36" hits="3" branch="False" />
            <line number="37" hits="3" branch="False" />
            <line number="38" hits="3" branch="False" />
            <line number="39" hits="3" branch="False" />
            <line number="40" hits="3" branch="False" />
            <line number="41" hits="3" branch="False" />
            <line number="42" hits="3" branch="False" />
            <line number="43" hits="3" branch="False" />
            <line number="44" hits="3" branch="False" />
            <line number="46" hits="3" branch="False" />
            <line number="48" hits="3" branch="False" />
            <line number="49" hits="3" branch="False" />
            <line number="50" hits="3" branch="False" />
            <line number="51" hits="3" branch="False" />
            <line number="52" hits="3" branch="False" />
            <line number="53" hits="3" branch="False" />
            <line number="54" hits="3" branch="False" />
            <line number="55" hits="3" branch="False" />
            <line number="56" hits="3" branch="False" />
            <line number="57" hits="3" branch="False" />
            <line number="58" hits="3" branch="False" />
            <line number="59" hits="3" branch="False" />
            <line number="60" hits="3" branch="False" />
            <line number="61" hits="3" branch="False" />
            <line number="62" hits="3" branch="False" />
            <line number="63" hits="3" branch="False" />
            <line number="64" hits="3" branch="False" />
            <line number="65" hits="3" branch="False" />
            <line number="66" hits="3" branch="False" />
            <line number="67" hits="3" branch="False" />
            <line number="68" hits="3" branch="False" />
            <line number="69" hits="3" branch="False" />
            <line number="70" hits="3" branch="False" />
            <line number="71" hits="3" branch="False" />
            <line number="72" hits="3" branch="False" />
            <line number="74" hits="3" branch="False" />
            <line number="85" hits="1" branch="False" />
            <line number="86" hits="1" branch="False" />
            <line number="87" hits="1" branch="False" />
            <line number="15" hits="4" branch="False" />
            <line number="17" hits="4" branch="False" />
            <line number="18" hits="4" branch="False" />
            <line number="13" hits="1" branch="False" />
          </lines>
        </class>
        <class name="Approval.SapAdapter.Adapters.ServiceLayerObjectAdapter" filename="Approval.SapAdapter\Adapters\ServiceLayerObjectAdapter.cs" line-rate="0.8234999999999999" branch-rate="0.5714" complexity="16">
          <methods>
            <method name="get_SupportedObjectCode" signature="()" line-rate="1" branch-rate="1" complexity="1">
              <lines>
                <line number="19" hits="1" branch="False" />
              </lines>
            </method>
            <method name="EnsureCompany" signature="(System.String)" line-rate="0.6666" branch-rate="0.5" complexity="2">
              <lines>
                <line number="72" hits="2" branch="True" condition-coverage="50% (1/2)">
                  <conditions>
                    <condition number="18" type="jump" coverage="50%" />
                  </conditions>
                </line>
                <line number="73" hits="0" branch="False" />
                <line number="74" hits="2" branch="False" />
              </lines>
            </method>
            <method name="ReadText" signature="(System.Text.Json.JsonElement,System.String)" line-rate="1" branch-rate="0.5" complexity="4">
              <lines>
                <line number="77" hits="2" branch="True" condition-coverage="50% (2/4)">
                  <conditions>
                    <condition number="6" type="jump" coverage="50%" />
                    <condition number="17" type="jump" coverage="50%" />
                  </conditions>
                </line>
              </lines>
            </method>
            <method name="ReadDecimal" signature="(System.Text.Json.JsonElement,System.String)" line-rate="1" branch-rate="0.5" complexity="4">
              <lines>
                <line number="80" hits="1" branch="True" condition-coverage="50% (2/4)">
                  <conditions>
                    <condition number="9" type="jump" coverage="50%" />
                    <condition number="20" type="jump" coverage="50%" />
                  </conditions>
                </line>
              </lines>
            </method>
            <method name="TryGetProperty" signature="(System.Text.Json.JsonElement,System.String,System.Text.Json.JsonElement&amp;)" line-rate="0.7142000000000001" branch-rate="0.75" complexity="4">
              <lines>
                <line number="84" hits="32" branch="True" condition-coverage="50% (1/2)">
                  <conditions>
                    <condition number="66" type="jump" coverage="50%" />
                  </conditions>
                </line>
                <line number="85" hits="14" branch="True" condition-coverage="100% (2/2)">
                  <conditions>
                    <condition number="40" type="jump" coverage="100%" />
                  </conditions>
                </line>
                <line number="87" hits="4" branch="False" />
                <line number="88" hits="4" branch="False" />
                <line number="90" hits="0" branch="False" />
                <line number="91" hits="0" branch="False" />
                <line number="92" hits="4" branch="False" />
              </lines>
            </method>
            <method name=".ctor" signature="(Approval.SapAdapter.ServiceLayer.ServiceLayerClient,Approval.SapAdapter.ServiceLayer.ServiceLayerObjectOptions)" line-rate="1" branch-rate="1" complexity="1">
              <lines>
                <line number="13" hits="2" branch="False" />
                <line number="15" hits="2" branch="False" />
                <line number="16" hits="2" branch="False" />
                <line number="17" hits="2" branch="False" />
              </lines>
            </method>
          </methods>
          <lines>
            <line number="19" hits="1" branch="False" />
            <line number="72" hits="2" branch="True" condition-coverage="50% (1/2)">
              <conditions>
                <condition number="18" type="jump" coverage="50%" />
              </conditions>
            </line>
            <line number="73" hits="0" branch="False" />
            <line number="74" hits="2" branch="False" />
            <line number="77" hits="2" branch="True" condition-coverage="50% (2/4)">
              <conditions>
                <condition number="6" type="jump" coverage="50%" />
                <condition number="17" type="jump" coverage="50%" />
              </conditions>
            </line>
            <line number="80" hits="1" branch="True" condition-coverage="50% (2/4)">
              <conditions>
                <condition number="9" type="jump" coverage="50%" />
                <condition number="20" type="jump" coverage="50%" />
              </conditions>
            </line>
            <line number="84" hits="32" branch="True" condition-coverage="50% (1/2)">
              <conditions>
                <condition number="66" type="jump" coverage="50%" />
              </conditions>
            </line>
            <line number="85" hits="14" branch="True" condition-coverage="100% (2/2)">
              <conditions>
                <condition number="40" type="jump" coverage="100%" />
              </conditions>
            </line>
            <line number="87" hits="4" branch="False" />
            <line number="88" hits="4" branch="False" />
            <line number="90" hits="0" branch="False" />
            <line number="91" hits="0" branch="False" />
            <line number="92" hits="4" branch="False" />
            <line number="13" hits="2" branch="False" />
            <line number="15" hits="2" branch="False" />
            <line number="16" hits="2" branch="False" />
            <line number="17" hits="2" branch="False" />
          </lines>
        </class>
        <class name="Approval.SapAdapter.Adapters.ServiceLayerObjectAdapter/&lt;FetchObjectAsync&gt;d__5" filename="Approval.SapAdapter\Adapters\ServiceLayerObjectAdapter.cs" line-rate="1" branch-rate="0.8461" complexity="26">
          <methods>
            <method name="MoveNext" signature="()" line-rate="1" branch-rate="0.8461" complexity="26">
              <lines>
                <line number="23" hits="1" branch="False" />
                <line number="24" hits="1" branch="False" />
                <line number="25" hits="1" branch="False" />
                <line number="26" hits="1" branch="False" />
                <line number="27" hits="1" branch="False" />
                <line number="28" hits="12" branch="True" condition-coverage="100% (2/2)">
                  <conditions>
                    <condition number="290" type="jump" coverage="100%" />
                  </conditions>
                </line>
                <line number="29" hits="5" branch="True" condition-coverage="100% (4/4)">
                  <conditions>
                    <condition number="233" type="jump" coverage="100%" />
                    <condition number="245" type="jump" coverage="100%" />
                  </conditions>
                </line>
                <line number="30" hits="4" branch="False" />
                <line number="32" hits="1" branch="False" />
                <line number="33" hits="1" branch="True" condition-coverage="100% (6/6)">
                  <conditions>
                    <condition number="335" type="jump" coverage="100%" />
                    <condition number="360" type="jump" coverage="100%" />
                    <condition number="373" type="jump" coverage="100%" />
                  </conditions>
                </line>
                <line number="34" hits="1" branch="False" />
                <line number="36" hits="4" branch="True" condition-coverage="100% (2/2)">
                  <conditions>
                    <condition number="564" type="jump" coverage="100%" />
                  </conditions>
                </line>
                <line number="38" hits="1" branch="False" />
                <line number="39" hits="8" branch="True" condition-coverage="100% (2/2)">
                  <conditions>
                    <condition number="526" type="jump" coverage="100%" />
                  </conditions>
                </line>
                <line number="40" hits="3" branch="True" condition-coverage="75% (3/4)">
                  <conditions>
                    <condition number="469" type="jump" coverage="50%" />
                    <condition number="481" type="jump" coverage="100%" />
                  </conditions>
                </line>
                <line number="41" hits="3" branch="False" />
                <line number="42" hits="1" branch="False" />
                <line number="46" hits="1" branch="True" condition-coverage="50% (3/6)">
                  <conditions>
                    <condition number="650" type="jump" coverage="50%" />
                    <condition number="700" type="jump" coverage="50%" />
                    <condition number="730" type="jump" coverage="50%" />
                  </conditions>
                </line>
                <line number="47" hits="1" branch="False" />
                <line number="48" hits="1" branch="False" />
                <line number="49" hits="1" branch="False" />
                <line number="50" hits="1" branch="False" />
                <line number="51" hits="1" branch="False" />
                <line number="52" hits="1" branch="False" />
                <line number="53" hits="1" branch="False" />
                <line number="54" hits="1" branch="False" />
                <line number="55" hits="1" branch="False" />
                <line number="56" hits="1" branch="False" />
                <line number="57" hits="1" branch="False" />
                <line number="58" hits="1" branch="False" />
                <line number="59" hits="1" branch="False" />
              </lines>
            </method>
          </methods>
          <lines>
            <line number="23" hits="1" branch="False" />
            <line number="24" hits="1" branch="False" />
            <line number="25" hits="1" branch="False" />
            <line number="26" hits="1" branch="False" />
            <line number="27" hits="1" branch="False" />
            <line number="28" hits="12" branch="True" condition-coverage="100% (2/2)">
              <conditions>
                <condition number="290" type="jump" coverage="100%" />
              </conditions>
            </line>
            <line number="29" hits="5" branch="True" condition-coverage="100% (4/4)">
              <conditions>
                <condition number="233" type="jump" coverage="100%" />
                <condition number="245" type="jump" coverage="100%" />
              </conditions>
            </line>
            <line number="30" hits="4" branch="False" />
            <line number="32" hits="1" branch="False" />
            <line number="33" hits="1" branch="True" condition-coverage="100% (6/6)">
              <conditions>
                <condition number="335" type="jump" coverage="100%" />
                <condition number="360" type="jump" coverage="100%" />
                <condition number="373" type="jump" coverage="100%" />
              </conditions>
            </line>
            <line number="34" hits="1" branch="False" />
            <line number="36" hits="4" branch="True" condition-coverage="100% (2/2)">
              <conditions>
                <condition number="564" type="jump" coverage="100%" />
              </conditions>
            </line>
            <line number="38" hits="1" branch="False" />
            <line number="39" hits="8" branch="True" condition-coverage="100% (2/2)">
              <conditions>
                <condition number="526" type="jump" coverage="100%" />
              </conditions>
            </line>
            <line number="40" hits="3" branch="True" condition-coverage="75% (3/4)">
              <conditions>
                <condition number="469" type="jump" coverage="50%" />
                <condition number="481" type="jump" coverage="100%" />
              </conditions>
            </line>
            <line number="41" hits="3" branch="False" />
            <line number="42" hits="1" branch="False" />
            <line number="46" hits="1" branch="True" condition-coverage="50% (3/6)">
              <conditions>
                <condition number="650" type="jump" coverage="50%" />
                <condition number="700" type="jump" coverage="50%" />
                <condition number="730" type="jump" coverage="50%" />
              </conditions>
            </line>
            <line number="47" hits="1" branch="False" />
            <line number="48" hits="1" branch="False" />
            <line number="49" hits="1" branch="False" />
            <line number="50" hits="1" branch="False" />
            <line number="51" hits="1" branch="False" />
            <line number="52" hits="1" branch="False" />
            <line number="53" hits="1" branch="False" />
            <line number="54" hits="1" branch="False" />
            <line number="55" hits="1" branch="False" />
            <line number="56" hits="1" branch="False" />
            <line number="57" hits="1" branch="False" />
            <line number="58" hits="1" branch="False" />
            <line number="59" hits="1" branch="False" />
          </lines>
        </class>
        <class name="Approval.SapAdapter.Adapters.ServiceLayerObjectAdapter/&lt;WriteApprovalMirrorAsync&gt;d__6" filename="Approval.SapAdapter\Adapters\ServiceLayerObjectAdapter.cs" line-rate="1" branch-rate="1" complexity="1">
          <methods>
            <method name="MoveNext" signature="()" line-rate="1" branch-rate="1" complexity="1">
              <lines>
                <line number="65" hits="1" branch="False" />
                <line number="66" hits="1" branch="False" />
                <line number="67" hits="1" branch="False" />
                <line number="68" hits="1" branch="False" />
              </lines>
            </method>
          </methods>
          <lines>
            <line number="65" hits="1" branch="False" />
            <line number="66" hits="1" branch="False" />
            <line number="67" hits="1" branch="False" />
            <line number="68" hits="1" branch="False" />
          </lines>
        </class>
      </classes>
    </package>
  </packages>
</coverage>