<?xml version="1.0" encoding="utf-8"?>
<coverage line-rate="0.6126" branch-rate="0.3926" version="1.9" timestamp="1786850488" lines-covered="1637" lines-valid="2672" branches-covered="419" branches-valid="1067">
  <sources>
    <source>C:\repo\SAP_B1_ApprovalCenter\src\</source>
  </sources>
  <packages>
    <package name="Approval.Api" line-rate="0.5059" branch-rate="0.3055" complexity="375">
      <classes>
        <class name="Approval.Api.Health.SapServiceLayerHealthCheck" filename="Approval.Api\Health\SapServiceLayerHealthCheck.cs" line-rate="1" branch-rate="1" complexity="2">
          <methods>
            <method name=".ctor" signature="(Microsoft.Extensions.Configuration.IConfiguration)" line-rate="1" branch-rate="1" complexity="2">
              <lines>
                <line number="10" hits="7" branch="False" />
                <line number="12" hits="7" branch="True" condition-coverage="100% (2/2)">
                  <conditions>
                    <condition number="19" type="jump" coverage="100%" />
                  </conditions>
                </line>
                <line number="13" hits="7" branch="False" />
              </lines>
            </method>
          </methods>
          <lines>
            <line number="10" hits="7" branch="False" />
            <line number="12" hits="7" branch="True" condition-coverage="100% (2/2)">
              <conditions>
                <condition number="19" type="jump" coverage="100%" />
              </conditions>
            </line>
            <line number="13" hits="7" branch="False" />
          </lines>
        </class>
        <class name="Approval.Api.Health.SapServiceLayerHealthCheck/&lt;&gt;c" filename="Approval.Api\Health\SapServiceLayerHealthCheck.cs" line-rate="0" branch-rate="1" complexity="1">
          <methods>
            <method name="&lt;CheckHealthAsync&gt;b__2_0" signature="(System.Net.Http.HttpRequestMessage,System.Security.Cryptography.X509Certificates.X509Certificate2,System.Security.Cryptography.X509Certificates.X509Chain,System.Net.Security.SslPolicyErrors)" line-rate="0" branch-rate="1" complexity="1">
              <lines>
                <line number="19" hits="0" branch="False" />
              </lines>
            </method>
          </methods>
          <lines>
            <line number="19" hits="0" branch="False" />
          </lines>
        </class>
        <class name="Approval.Api.Health.SapServiceLayerHealthCheck/&lt;CheckHealthAsync&gt;d__2" filename="Approval.Api\Health\SapServiceLayerHealthCheck.cs" line-rate="0" branch-rate="0" complexity="4">
          <methods>
            <method name="MoveNext" signature="()" line-rate="0" branch-rate="0" complexity="4">
              <lines>
                <line number="20" hits="0" branch="False" />
                <line number="21" hits="0" branch="False" />
                <line number="22" hits="0" branch="True" condition-coverage="0% (0/4)">
                  <conditions>
                    <condition number="235" type="jump" coverage="0%" />
                    <condition number="248" type="jump" coverage="0%" />
                  </conditions>
                </line>
                <line number="23" hits="0" branch="False" />
                <line number="24" hits="0" branch="False" />
                <line number="26" hits="0" branch="False" />
                <line number="28" hits="0" branch="False" />
                <line number="30" hits="0" branch="False" />
              </lines>
            </method>
          </methods>
          <lines>
            <line number="20" hits="0" branch="False" />
            <line number="21" hits="0" branch="False" />
            <line number="22" hits="0" branch="True" condition-coverage="0% (0/4)">
              <conditions>
                <condition number="235" type="jump" coverage="0%" />
                <condition number="248" type="jump" coverage="0%" />
              </conditions>
            </line>
            <line number="23" hits="0" branch="False" />
            <line number="24" hits="0" branch="False" />
            <line number="26" hits="0" branch="False" />
            <line number="28" hits="0" branch="False" />
            <line number="30" hits="0" branch="False" />
          </lines>
        </class>
        <class name="Approval.Api.Controllers.ApprovalObjectsController" filename="Approval.Api\Controllers\ApprovalObjectsController.cs" line-rate="0.3243" branch-rate="0" complexity="5">
          <methods>
            <method name="GetApprovalStatus" signature="(System.String,System.String,System.String)" line-rate="0" branch-rate="0" complexity="4">
              <lines>
                <line number="142" hits="0" branch="False" />
                <line number="143" hits="0" branch="False" />
                <line number="144" hits="0" branch="False" />
                <line number="145" hits="0" branch="False" />
                <line number="147" hits="0" branch="True" condition-coverage="0% (0/2)">
                  <conditions>
                    <condition number="339" type="jump" coverage="0%" />
                  </conditions>
                </line>
                <line number="149" hits="0" branch="False" />
                <line number="150" hits="0" branch="False" />
                <line number="151" hits="0" branch="False" />
                <line number="152" hits="0" branch="False" />
                <line number="153" hits="0" branch="False" />
                <line number="154" hits="0" branch="False" />
                <line number="157" hits="0" branch="False" />
                <line number="158" hits="0" branch="False" />
                <line number="160" hits="0" branch="True" condition-coverage="0% (0/2)">
                  <conditions>
                    <condition number="723" type="jump" coverage="0%" />
                  </conditions>
                </line>
                <line number="161" hits="0" branch="False" />
                <line number="162" hits="0" branch="False" />
                <line number="163" hits="0" branch="False" />
                <line number="164" hits="0" branch="False" />
                <line number="165" hits="0" branch="False" />
                <line number="166" hits="0" branch="False" />
                <line number="167" hits="0" branch="False" />
                <line number="168" hits="0" branch="False" />
                <line number="169" hits="0" branch="False" />
                <line number="170" hits="0" branch="False" />
                <line number="171" hits="0" branch="False" />
              </lines>
            </method>
            <method name=".ctor" signature="(Approval.Application.Common.Interfaces.IWorkflowEngine,Approval.Application.Common.Interfaces.ISapAdapterRegistry,Approval.Infrastructure.Persistence.ApprovalDbContext,Approval.Application.Common.Interfaces.ITraceContext,Microsoft.Extensions.Logging.ILogger`1&lt;Approval.Api.Controllers.ApprovalObjectsController&gt;)" line-rate="1" branch-rate="1" complexity="1">
              <lines>
                <line number="24" hits="15" branch="False" />
                <line number="25" hits="15" branch="False" />
                <line number="26" hits="15" branch="False" />
                <line number="27" hits="15" branch="False" />
                <line number="28" hits="15" branch="False" />
                <line number="29" hits="15" branch="False" />
                <line number="31" hits="15" branch="False" />
                <line number="32" hits="15" branch="False" />
                <line number="33" hits="15" branch="False" />
                <line number="34" hits="15" branch="False" />
                <line number="35" hits="15" branch="False" />
                <line number="36" hits="15" branch="False" />
              </lines>
            </method>
          </methods>
          <lines>
            <line number="142" hits="0" branch="False" />
            <line number="143" hits="0" branch="False" />
            <line number="144" hits="0" branch="False" />
            <line number="145" hits="0" branch="False" />
            <line number="147" hits="0" branch="True" condition-coverage="0% (0/2)">
              <conditions>
                <condition number="339" type="jump" coverage="0%" />
              </conditions>
            </line>
            <line number="149" hits="0" branch="False" />
            <line number="150" hits="0" branch="False" />
            <line number="151" hits="0" branch="False" />
            <line number="152" hits="0" branch="False" />
            <line number="153" hits="0" branch="False" />
            <line number="154" hits="0" branch="False" />
            <line number="157" hits="0" branch="False" />
            <line number="158" hits="0" branch="False" />
            <line number="160" hits="0" branch="True" condition-coverage="0% (0/2)">
              <conditions>
                <condition number="723" type="jump" coverage="0%" />
              </conditions>
            </line>
            <line number="161" hits="0" branch="False" />
            <line number="162" hits="0" branch="False" />
            <line number="163" hits="0" branch="False" />
            <line number="164" hits="0" branch="False" />
            <line number="165" hits="0" branch="False" />
            <line number="166" hits="0" branch="False" />
            <line number="167" hits="0" branch="False" />
            <line number="168" hits="0" branch="False" />
            <line number="169" hits="0" branch="False" />
            <line number="170" hits="0" branch="False" />
            <line number="171" hits="0" branch="False" />
            <line number="24" hits="15" branch="False" />
            <line number="25" hits="15" branch="False" />
            <line number="26" hits="15" branch="False" />
            <line number="27" hits="15" branch="False" />
            <line number="28" hits="15" branch="False" />
            <line number="29" hits="15" branch="False" />
            <line number="31" hits="15" branch="False" />
            <line number="32" hits="15" branch="False" />
            <line number="33" hits="15" branch="False" />
            <line number="34" hits="15" branch="False" />
            <line number="35" hits="15" branch="False" />
            <line number="36" hits="15" branch="False" />
          </lines>
        </class>
        <class name="Approval.Api.Controllers.ApprovalObjectsController/&lt;&gt;c" filename="Approval.Api\Controllers\ApprovalObjectsController.cs" line-rate="1" branch-rate="1" complexity="1">
          <methods>
            <method name="&lt;SubmitApproval&gt;b__6_1" signature="(Approval.Domain.Entities.WorkflowTask)" line-rate="1" branch-rate="1" complexity="1">
              <lines>
                <line number="89" hits="7" branch="False" />
              </lines>
            </method>
          </methods>
          <lines>
            <line number="89" hits="7" branch="False" />
          </lines>
        </class>
        <class name="Approval.Api.Controllers.ApprovalObjectsController/&lt;SubmitApproval&gt;d__6" filename="Approval.Api\Controllers\ApprovalObjectsController.cs" line-rate="0.9229999999999999" branch-rate="0.7082999999999999" complexity="24">
          <methods>
            <method name="MoveNext" signature="()" line-rate="0.9229999999999999" branch-rate="0.7082999999999999" complexity="24">
              <lines>
                <line number="49" hits="15" branch="True" condition-coverage="100% (2/2)">
                  <conditions>
                    <condition number="72" type="jump" coverage="100%" />
                  </conditions>
                </line>
                <line number="50" hits="1" branch="False" />
                <line number="53" hits="14" branch="True" condition-coverage="100% (2/2)">
                  <conditions>
                    <condition number="133" type="jump" coverage="100%" />
                  </conditions>
                </line>
                <line number="55" hits="14" branch="False" />
                <line number="56" hits="14" branch="True" condition-coverage="50% (1/2)">
                  <conditions>
                    <condition number="309" type="jump" coverage="50%" />
                  </conditions>
                </line>
                <line number="58" hits="0" branch="True" condition-coverage="0% (0/2)">
                  <conditions>
                    <condition number="318" type="jump" coverage="0%" />
                  </conditions>
                </line>
                <line number="59" hits="0" branch="False" />
                <line number="63" hits="14" branch="False" />
                <line number="66" hits="14" branch="True" condition-coverage="100% (2/2)">
                  <conditions>
                    <condition number="479" type="jump" coverage="100%" />
                  </conditions>
                </line>
                <line number="67" hits="9" branch="False" />
                <line number="70" hits="14" branch="False" />
                <line number="71" hits="14" branch="False" />
                <line number="74" hits="14" branch="True" condition-coverage="50% (1/2)">
                  <conditions>
                    <condition number="791" type="jump" coverage="50%" />
                  </conditions>
                </line>
                <line number="75" hits="14" branch="False" />
                <line number="76" hits="14" branch="False" />
                <line number="77" hits="14" branch="False" />
                <line number="78" hits="14" branch="False" />
                <line number="79" hits="14" branch="False" />
                <line number="80" hits="14" branch="False" />
                <line number="81" hits="14" branch="False" />
                <line number="83" hits="7" branch="False" />
                <line number="84" hits="7" branch="False" />
                <line number="85" hits="7" branch="False" />
                <line number="86" hits="7" branch="False" />
                <line number="87" hits="7" branch="False" />
                <line number="88" hits="7" branch="False" />
                <line number="90" hits="7" branch="False" />
                <line number="93" hits="7" branch="True" condition-coverage="100% (2/2)">
                  <conditions>
                    <condition number="1027" type="jump" coverage="100%" />
                  </conditions>
                </line>
                <line number="95" hits="7" branch="False" />
                <line number="96" hits="7" branch="False" />
                <line number="97" hits="7" branch="False" />
                <line number="98" hits="7" branch="False" />
                <line number="99" hits="7" branch="False" />
                <line number="100" hits="7" branch="False" />
                <line number="101" hits="7" branch="False" />
                <line number="102" hits="7" branch="False" />
                <line number="105" hits="9" branch="True" condition-coverage="100% (2/2)">
                  <conditions>
                    <condition number="1311" type="jump" coverage="100%" />
                  </conditions>
                </line>
                <line number="107" hits="7" branch="False" />
                <line number="109" hits="2" branch="False" />
                <line number="111" hits="4" branch="True" condition-coverage="100% (2/2)">
                  <conditions>
                    <condition number="1545" type="jump" coverage="100%" />
                  </conditions>
                </line>
                <line number="112" hits="2" branch="False" />
                <line number="113" hits="2" branch="False" />
                <line number="114" hits="2" branch="True" condition-coverage="50% (1/2)">
                  <conditions>
                    <condition number="1841" type="jump" coverage="50%" />
                  </conditions>
                </line>
                <line number="116" hits="0" branch="True" condition-coverage="0% (0/2)">
                  <conditions>
                    <condition number="1851" type="jump" coverage="0%" />
                  </conditions>
                </line>
                <line number="117" hits="0" branch="False" />
                <line number="119" hits="2" branch="False" />
                <line number="121" hits="5" branch="False" />
                <line number="123" hits="10" branch="True" condition-coverage="100% (2/2)">
                  <conditions>
                    <condition number="1974" type="jump" coverage="100%" />
                  </conditions>
                </line>
                <line number="124" hits="5" branch="False" />
                <line number="125" hits="5" branch="False" />
                <line number="129" hits="23" branch="False" />
                <line number="131" hits="15" branch="False" />
              </lines>
            </method>
          </methods>
          <lines>
            <line number="49" hits="15" branch="True" condition-coverage="100% (2/2)">
              <conditions>
                <condition number="72" type="jump" coverage="100%" />
              </conditions>
            </line>
            <line number="50" hits="1" branch="False" />
            <line number="53" hits="14" branch="True" condition-coverage="100% (2/2)">
              <conditions>
                <condition number="133" type="jump" coverage="100%" />
              </conditions>
            </line>
            <line number="55" hits="14" branch="False" />
            <line number="56" hits="14" branch="True" condition-coverage="50% (1/2)">
              <conditions>
                <condition number="309" type="jump" coverage="50%" />
              </conditions>
            </line>
            <line number="58" hits="0" branch="True" condition-coverage="0% (0/2)">
              <conditions>
                <condition number="318" type="jump" coverage="0%" />
              </conditions>
            </line>
            <line number="59" hits="0" branch="False" />
            <line number="63" hits="14" branch="False" />
            <line number="66" hits="14" branch="True" condition-coverage="100% (2/2)">
              <conditions>
                <condition number="479" type="jump" coverage="100%" />
              </conditions>
            </line>
            <line number="67" hits="9" branch="False" />
            <line number="70" hits="14" branch="False" />
            <line number="71" hits="14" branch="False" />
            <line number="74" hits="14" branch="True" condition-coverage="50% (1/2)">
              <conditions>
                <condition number="791" type="jump" coverage="50%" />
              </conditions>
            </line>
            <line number="75" hits="14" branch="False" />
            <line number="76" hits="14" branch="False" />
            <line number="77" hits="14" branch="False" />
            <line number="78" hits="14" branch="False" />
            <line number="79" hits="14" branch="False" />
            <line number="80" hits="14" branch="False" />
            <line number="81" hits="14" branch="False" />
            <line number="83" hits="7" branch="False" />
            <line number="84" hits="7" branch="False" />
            <line number="85" hits="7" branch="False" />
            <line number="86" hits="7" branch="False" />
            <line number="87" hits="7" branch="False" />
            <line number="88" hits="7" branch="False" />
            <line number="90" hits="7" branch="False" />
            <line number="93" hits="7" branch="True" condition-coverage="100% (2/2)">
              <conditions>
                <condition number="1027" type="jump" coverage="100%" />
              </conditions>
            </line>
            <line number="95" hits="7" branch="False" />
            <line number="96" hits="7" branch="False" />
            <line number="97" hits="7" branch="False" />
            <line number="98" hits="7" branch="False" />
            <line number="99" hits="7" branch="False" />
            <line number="100" hits="7" branch="False" />
            <line number="101" hits="7" branch="False" />
            <line number="102" hits="7" branch="False" />
            <line number="105" hits="9" branch="True" condition-coverage="100% (2/2)">
              <conditions>
                <condition number="1311" type="jump" coverage="100%" />
              </conditions>
            </line>
            <line number="107" hits="7" branch="False" />
            <line number="109" hits="2" branch="False" />
            <line number="111" hits="4" branch="True" condition-coverage="100% (2/2)">
              <conditions>
                <condition number="1545" type="jump" coverage="100%" />
              </conditions>
            </line>
            <line number="112" hits="2" branch="False" />
            <line number="113" hits="2" branch="False" />
            <line number="114" hits="2" branch="True" condition-coverage="50% (1/2)">
              <conditions>
                <condition number="1841" type="jump" coverage="50%" />
              </conditions>
            </line>
            <line number="116" hits="0" branch="True" condition-coverage="0% (0/2)">
              <conditions>
                <condition number="1851" type="jump" coverage="0%" />
              </conditions>
            </line>
            <line number="117" hits="0" branch="False" />
            <line number="119" hits="2" branch="False" />
            <line number="121" hits="5" branch="False" />
            <line number="123" hits="10" branch="True" condition-coverage="100% (2/2)">
              <conditions>
                <condition number="1974" type="jump" coverage="100%" />
              </conditions>
            </line>
            <line number="124" hits="5" branch="False" />
            <line number="125" hits="5" branch="False" />
            <line number="129" hits="23" branch="False" />
            <line number="131" hits="15" branch="False" />
          </lines>
        </class>
        <class name="Approval.Api.Controllers.InstancesController" filename="Approval.Api\Controllers\InstancesController.cs" line-rate="0.9836" branch-rate="0.5" complexity="9">
          <methods>
            <method name="GetInstanceAudit" signature="(System.String)" line-rate="0.9821" branch-rate="0.5" complexity="8">
              <lines>
                <line number="74" hits="2" branch="False" />
                <line number="75" hits="2" branch="True" condition-coverage="50% (1/2)">
                  <conditions>
                    <condition number="127" type="jump" coverage="50%" />
                  </conditions>
                </line>
                <line number="77" hits="0" branch="False" />
                <line number="80" hits="2" branch="False" />
                <line number="81" hits="2" branch="False" />
                <line number="82" hits="2" branch="False" />
                <line number="83" hits="2" branch="False" />
                <line number="84" hits="2" branch="False" />
                <line number="86" hits="2" branch="False" />
                <line number="87" hits="2" branch="False" />
                <line number="88" hits="2" branch="False" />
                <line number="89" hits="2" branch="False" />
                <line number="91" hits="2" branch="True" condition-coverage="50% (3/6)">
                  <conditions>
                    <condition number="740" type="jump" coverage="50%" />
                    <condition number="752" type="jump" coverage="50%" />
                    <condition number="764" type="jump" coverage="50%" />
                  </conditions>
                </line>
                <line number="92" hits="2" branch="False" />
                <line number="93" hits="2" branch="False" />
                <line number="94" hits="2" branch="False" />
                <line number="95" hits="2" branch="False" />
                <line number="96" hits="2" branch="False" />
                <line number="97" hits="2" branch="False" />
                <line number="98" hits="2" branch="False" />
                <line number="99" hits="2" branch="False" />
                <line number="100" hits="2" branch="False" />
                <line number="101" hits="2" branch="False" />
                <line number="102" hits="2" branch="False" />
                <line number="103" hits="2" branch="False" />
                <line number="104" hits="2" branch="False" />
                <line number="105" hits="2" branch="False" />
                <line number="106" hits="2" branch="False" />
                <line number="107" hits="2" branch="False" />
                <line number="108" hits="2" branch="False" />
                <line number="109" hits="2" branch="False" />
                <line number="110" hits="2" branch="False" />
                <line number="111" hits="2" branch="False" />
                <line number="112" hits="2" branch="False" />
                <line number="113" hits="2" branch="False" />
                <line number="114" hits="2" branch="False" />
                <line number="115" hits="2" branch="False" />
                <line number="116" hits="2" branch="False" />
                <line number="117" hits="2" branch="False" />
                <line number="118" hits="2" branch="False" />
                <line number="119" hits="2" branch="False" />
                <line number="120" hits="2" branch="False" />
                <line number="121" hits="4" branch="False" />
                <line number="122" hits="4" branch="False" />
                <line number="123" hits="4" branch="False" />
                <line number="124" hits="4" branch="False" />
                <line number="125" hits="4" branch="False" />
                <line number="126" hits="4" branch="False" />
                <line number="127" hits="4" branch="False" />
                <line number="128" hits="4" branch="False" />
                <line number="129" hits="4" branch="False" />
                <line number="130" hits="4" branch="False" />
                <line number="131" hits="4" branch="False" />
                <line number="132" hits="4" branch="False" />
                <line number="133" hits="4" branch="False" />
                <line number="134" hits="2" branch="False" />
              </lines>
            </method>
            <method name=".ctor" signature="(Approval.Application.Common.Interfaces.IApprovalDbContext,Approval.Application.Common.Interfaces.IWorkflowEngine,Approval.Application.Common.Interfaces.ITraceContext)" line-rate="1" branch-rate="1" complexity="1">
              <lines>
                <line number="17" hits="4" branch="False" />
                <line number="19" hits="4" branch="False" />
                <line number="20" hits="4" branch="False" />
                <line number="21" hits="4" branch="False" />
                <line number="22" hits="4" branch="False" />
              </lines>
            </method>
          </methods>
          <lines>
            <line number="74" hits="2" branch="False" />
            <line number="75" hits="2" branch="True" condition-coverage="50% (1/2)">
              <conditions>
                <condition number="127" type="jump" coverage="50%" />
              </conditions>
            </line>
            <line number="77" hits="0" branch="False" />
            <line number="80" hits="2" branch="False" />
            <line number="81" hits="2" branch="False" />
            <line number="82" hits="2" branch="False" />
            <line number="83" hits="2" branch="False" />
            <line number="84" hits="2" branch="False" />
            <line number="86" hits="2" branch="False" />
            <line number="87" hits="2" branch="False" />
            <line number="88" hits="2" branch="False" />
            <line number="89" hits="2" branch="False" />
            <line number="91" hits="2" branch="True" condition-coverage="50% (3/6)">
              <conditions>
                <condition number="740" type="jump" coverage="50%" />
                <condition number="752" type="jump" coverage="50%" />
                <condition number="764" type="jump" coverage="50%" />
              </conditions>
            </line>
            <line number="92" hits="2" branch="False" />
            <line number="93" hits="2" branch="False" />
            <line number="94" hits="2" branch="False" />
            <line number="95" hits="2" branch="False" />
            <line number="96" hits="2" branch="False" />
            <line number="97" hits="2" branch="False" />
            <line number="98" hits="2" branch="False" />
            <line number="99" hits="2" branch="False" />
            <line number="100" hits="2" branch="False" />
            <line number="101" hits="2" branch="False" />
            <line number="102" hits="2" branch="False" />
            <line number="103" hits="2" branch="False" />
            <line number="104" hits="2" branch="False" />
            <line number="105" hits="2" branch="False" />
            <line number="106" hits="2" branch="False" />
            <line number="107" hits="2" branch="False" />
            <line number="108" hits="2" branch="False" />
            <line number="109" hits="2" branch="False" />
            <line number="110" hits="2" branch="False" />
            <line number="111" hits="2" branch="False" />
            <line number="112" hits="2" branch="False" />
            <line number="113" hits="2" branch="False" />
            <line number="114" hits="2" branch="False" />
            <line number="115" hits="2" branch="False" />
            <line number="116" hits="2" branch="False" />
            <line number="117" hits="2" branch="False" />
            <line number="118" hits="2" branch="False" />
            <line number="119" hits="2" branch="False" />
            <line number="120" hits="2" branch="False" />
            <line number="121" hits="4" branch="False" />
            <line number="122" hits="4" branch="False" />
            <line number="123" hits="4" branch="False" />
            <line number="124" hits="4" branch="False" />
            <line number="125" hits="4" branch="False" />
            <line number="126" hits="4" branch="False" />
            <line number="127" hits="4" branch="False" />
            <line number="128" hits="4" branch="False" />
            <line number="129" hits="4" branch="False" />
            <line number="130" hits="4" branch="False" />
            <line number="131" hits="4" branch="False" />
            <line number="132" hits="4" branch="False" />
            <line number="133" hits="4" branch="False" />
            <line number="134" hits="2" branch="False" />
            <line number="17" hits="4" branch="False" />
            <line number="19" hits="4" branch="False" />
            <line number="20" hits="4" branch="False" />
            <line number="21" hits="4" branch="False" />
            <line number="22" hits="4" branch="False" />
          </lines>
        </class>
        <class name="Approval.Api.Controllers.InstancesController/&lt;RevokeInstance&gt;d__4" filename="Approval.Api\Controllers\InstancesController.cs" line-rate="0.92" branch-rate="0.45" complexity="20">
          <methods>
            <method name="MoveNext" signature="()" line-rate="0.92" branch-rate="0.45" complexity="20">
              <lines>
                <line number="33" hits="2" branch="True" condition-coverage="41.66% (5/12)">
                  <conditions>
                    <condition number="37" type="jump" coverage="50%" />
                    <condition number="49" type="jump" coverage="50%" />
                    <condition number="84" type="jump" coverage="50%" />
                    <condition number="99" type="jump" coverage="50%" />
                    <condition number="114" type="jump" coverage="0%" />
                    <condition number="126" type="jump" coverage="50%" />
                  </conditions>
                </line>
                <line number="34" hits="2" branch="False" />
                <line number="35" hits="2" branch="False" />
                <line number="36" hits="2" branch="False" />
                <line number="37" hits="2" branch="False" />
                <line number="38" hits="2" branch="True" condition-coverage="50% (3/6)">
                  <conditions>
                    <condition number="152" type="jump" coverage="50%" />
                    <condition number="164" type="jump" coverage="50%" />
                    <condition number="199" type="jump" coverage="50%" />
                  </conditions>
                </line>
                <line number="39" hits="2" branch="False" />
                <line number="40" hits="2" branch="False" />
                <line number="44" hits="2" branch="True" condition-coverage="50% (1/2)">
                  <conditions>
                    <condition number="231" type="jump" coverage="50%" />
                  </conditions>
                </line>
                <line number="45" hits="2" branch="False" />
                <line number="46" hits="2" branch="False" />
                <line number="47" hits="2" branch="False" />
                <line number="48" hits="2" branch="False" />
                <line number="49" hits="2" branch="False" />
                <line number="51" hits="1" branch="False" />
                <line number="52" hits="1" branch="False" />
                <line number="53" hits="1" branch="False" />
                <line number="54" hits="1" branch="False" />
                <line number="55" hits="1" branch="False" />
                <line number="56" hits="1" branch="False" />
                <line number="58" hits="0" branch="False" />
                <line number="60" hits="0" branch="False" />
                <line number="62" hits="1" branch="False" />
                <line number="64" hits="1" branch="False" />
                <line number="66" hits="2" branch="False" />
              </lines>
            </method>
          </methods>
          <lines>
            <line number="33" hits="2" branch="True" condition-coverage="41.66% (5/12)">
              <conditions>
                <condition number="37" type="jump" coverage="50%" />
                <condition number="49" type="jump" coverage="50%" />
                <condition number="84" type="jump" coverage="50%" />
                <condition number="99" type="jump" coverage="50%" />
                <condition number="114" type="jump" coverage="0%" />
                <condition number="126" type="jump" coverage="50%" />
              </conditions>
            </line>
            <line number="34" hits="2" branch="False" />
            <line number="35" hits="2" branch="False" />
            <line number="36" hits="2" branch="False" />
            <line number="37" hits="2" branch="False" />
            <line number="38" hits="2" branch="True" condition-coverage="50% (3/6)">
              <conditions>
                <condition number="152" type="jump" coverage="50%" />
                <condition number="164" type="jump" coverage="50%" />
                <condition number="199" type="jump" coverage="50%" />
              </conditions>
            </line>
            <line number="39" hits="2" branch="False" />
            <line number="40" hits="2" branch="False" />
            <line number="44" hits="2" branch="True" condition-coverage="50% (1/2)">
              <conditions>
                <condition number="231" type="jump" coverage="50%" />
              </conditions>
            </line>
            <line number="45" hits="2" branch="False" />
            <line number="46" hits="2" branch="False" />
            <line number="47" hits="2" branch="False" />
            <line number="48" hits="2" branch="False" />
            <line number="49" hits="2" branch="False" />
            <line number="51" hits="1" branch="False" />
            <line number="52" hits="1" branch="False" />
            <line number="53" hits="1" branch="False" />
            <line number="54" hits="1" branch="False" />
            <line number="55" hits="1" branch="False" />
            <line number="56" hits="1" branch="False" />
            <line number="58" hits="0" branch="False" />
            <line number="60" hits="0" branch="False" />
            <line number="62" hits="1" branch="False" />
            <line number="64" hits="1" branch="False" />
            <line number="66" hits="2" branch="False" />
          </lines>
        </class>
        <class name="Approval.Api.Controllers.DefinitionsController" filename="Approval.Api\Controllers\InstancesController.cs" line-rate="0" branch-rate="0" complexity="8">
          <methods>
            <method name="GetDefinitions" signature="()" line-rate="0" branch-rate="1" complexity="1">
              <lines>
                <line number="158" hits="0" branch="False" />
                <line number="159" hits="0" branch="False" />
                <line number="160" hits="0" branch="False" />
                <line number="161" hits="0" branch="False" />
                <line number="162" hits="0" branch="False" />
                <line number="163" hits="0" branch="False" />
                <line number="164" hits="0" branch="False" />
                <line number="165" hits="0" branch="False" />
                <line number="166" hits="0" branch="False" />
                <line number="167" hits="0" branch="False" />
                <line number="168" hits="0" branch="False" />
                <line number="169" hits="0" branch="False" />
                <line number="170" hits="0" branch="False" />
                <line number="171" hits="0" branch="False" />
                <line number="172" hits="0" branch="False" />
                <line number="173" hits="0" branch="False" />
                <line number="174" hits="0" branch="False" />
                <line number="175" hits="0" branch="False" />
                <line number="176" hits="0" branch="False" />
                <line number="177" hits="0" branch="False" />
                <line number="178" hits="0" branch="False" />
                <line number="179" hits="0" branch="False" />
                <line number="180" hits="0" branch="False" />
                <line number="181" hits="0" branch="False" />
                <line number="182" hits="0" branch="False" />
                <line number="183" hits="0" branch="False" />
                <line number="184" hits="0" branch="False" />
                <line number="185" hits="0" branch="False" />
                <line number="186" hits="0" branch="False" />
                <line number="187" hits="0" branch="False" />
                <line number="188" hits="0" branch="False" />
                <line number="190" hits="0" branch="False" />
              </lines>
            </method>
            <method name="GetDefinitionDetail" signature="(System.String)" line-rate="0" branch-rate="0" complexity="4">
              <lines>
                <line number="199" hits="0" branch="False" />
                <line number="200" hits="0" branch="True" condition-coverage="0% (0/2)">
                  <conditions>
                    <condition number="127" type="jump" coverage="0%" />
                  </conditions>
                </line>
                <line number="201" hits="0" branch="False" />
                <line number="203" hits="0" branch="False" />
                <line number="204" hits="0" branch="False" />
                <line number="206" hits="0" branch="True" condition-coverage="0% (0/2)">
                  <conditions>
                    <condition number="400" type="jump" coverage="0%" />
                  </conditions>
                </line>
                <line number="207" hits="0" branch="False" />
                <line number="208" hits="0" branch="False" />
                <line number="209" hits="0" branch="False" />
                <line number="210" hits="0" branch="False" />
                <line number="211" hits="0" branch="False" />
                <line number="212" hits="0" branch="False" />
                <line number="213" hits="0" branch="False" />
                <line number="214" hits="0" branch="False" />
                <line number="215" hits="0" branch="False" />
                <line number="216" hits="0" branch="False" />
                <line number="217" hits="0" branch="False" />
                <line number="218" hits="0" branch="False" />
                <line number="219" hits="0" branch="False" />
                <line number="220" hits="0" branch="False" />
                <line number="221" hits="0" branch="False" />
                <line number="222" hits="0" branch="False" />
                <line number="223" hits="0" branch="False" />
                <line number="224" hits="0" branch="False" />
                <line number="225" hits="0" branch="False" />
                <line number="226" hits="0" branch="False" />
                <line number="227" hits="0" branch="False" />
                <line number="228" hits="0" branch="False" />
              </lines>
            </method>
            <method name=".ctor" signature="(Approval.Application.Common.Interfaces.IApprovalDbContext,Approval.Application.Common.Interfaces.ITraceContext)" line-rate="0" branch-rate="1" complexity="1">
              <lines>
                <line number="146" hits="0" branch="False" />
                <line number="148" hits="0" branch="False" />
                <line number="149" hits="0" branch="False" />
                <line number="150" hits="0" branch="False" />
              </lines>
            </method>
          </methods>
          <lines>
            <line number="158" hits="0" branch="False" />
            <line number="159" hits="0" branch="False" />
            <line number="160" hits="0" branch="False" />
            <line number="161" hits="0" branch="False" />
            <line number="162" hits="0" branch="False" />
            <line number="163" hits="0" branch="False" />
            <line number="164" hits="0" branch="False" />
            <line number="165" hits="0" branch="False" />
            <line number="166" hits="0" branch="False" />
            <line number="167" hits="0" branch="False" />
            <line number="168" hits="0" branch="False" />
            <line number="169" hits="0" branch="False" />
            <line number="170" hits="0" branch="False" />
            <line number="171" hits="0" branch="False" />
            <line number="172" hits="0" branch="False" />
            <line number="173" hits="0" branch="False" />
            <line number="174" hits="0" branch="False" />
            <line number="175" hits="0" branch="False" />
            <line number="176" hits="0" branch="False" />
            <line number="177" hits="0" branch="False" />
            <line number="178" hits="0" branch="False" />
            <line number="179" hits="0" branch="False" />
            <line number="180" hits="0" branch="False" />
            <line number="181" hits="0" branch="False" />
            <line number="182" hits="0" branch="False" />
            <line number="183" hits="0" branch="False" />
            <line number="184" hits="0" branch="False" />
            <line number="185" hits="0" branch="False" />
            <line number="186" hits="0" branch="False" />
            <line number="187" hits="0" branch="False" />
            <line number="188" hits="0" branch="False" />
            <line number="190" hits="0" branch="False" />
            <line number="199" hits="0" branch="False" />
            <line number="200" hits="0" branch="True" condition-coverage="0% (0/2)">
              <conditions>
                <condition number="127" type="jump" coverage="0%" />
              </conditions>
            </line>
            <line number="201" hits="0" branch="False" />
            <line number="203" hits="0" branch="False" />
            <line number="204" hits="0" branch="False" />
            <line number="206" hits="0" branch="True" condition-coverage="0% (0/2)">
              <conditions>
                <condition number="400" type="jump" coverage="0%" />
              </conditions>
            </line>
            <line number="207" hits="0" branch="False" />
            <line number="208" hits="0" branch="False" />
            <line number="209" hits="0" branch="False" />
            <line number="210" hits="0" branch="False" />
            <line number="211" hits="0" branch="False" />
            <line number="212" hits="0" branch="False" />
            <line number="213" hits="0" branch="False" />
            <line number="214" hits="0" branch="False" />
            <line number="215" hits="0" branch="False" />
            <line number="216" hits="0" branch="False" />
            <line number="217" hits="0" branch="False" />
            <line number="218" hits="0" branch="False" />
            <line number="219" hits="0" branch="False" />
            <line number="220" hits="0" branch="False" />
            <line number="221" hits="0" branch="False" />
            <line number="222" hits="0" branch="False" />
            <line number="223" hits="0" branch="False" />
            <line number="224" hits="0" branch="False" />
            <line number="225" hits="0" branch="False" />
            <line number="226" hits="0" branch="False" />
            <line number="227" hits="0" branch="False" />
            <line number="228" hits="0" branch="False" />
            <line number="146" hits="0" branch="False" />
            <line number="148" hits="0" branch="False" />
            <line number="149" hits="0" branch="False" />
            <line number="150" hits="0" branch="False" />
          </lines>
        </class>
        <class name="Approval.Api.Controllers.DefinitionsController/&lt;CreateDefinition&gt;d__5" filename="Approval.Api\Controllers\InstancesController.cs" line-rate="0" branch-rate="0" complexity="12">
          <methods>
            <method name="MoveNext" signature="()" line-rate="0" branch-rate="0" complexity="12">
              <lines>
                <line number="237" hits="0" branch="True" condition-coverage="0% (0/2)">
                  <conditions>
                    <condition number="48" type="jump" coverage="0%" />
                  </conditions>
                </line>
                <line number="238" hits="0" branch="False" />
                <line number="240" hits="0" branch="True" condition-coverage="0% (0/2)">
                  <conditions>
                    <condition number="109" type="jump" coverage="0%" />
                  </conditions>
                </line>
                <line number="241" hits="0" branch="True" condition-coverage="0% (0/2)">
                  <conditions>
                    <condition number="235" type="jump" coverage="0%" />
                  </conditions>
                </line>
                <line number="242" hits="0" branch="False" />
                <line number="243" hits="0" branch="False" />
                <line number="244" hits="0" branch="False" />
                <line number="245" hits="0" branch="False" />
                <line number="246" hits="0" branch="False" />
                <line number="247" hits="0" branch="False" />
                <line number="248" hits="0" branch="False" />
                <line number="249" hits="0" branch="False" />
                <line number="250" hits="0" branch="False" />
                <line number="252" hits="0" branch="True" condition-coverage="0% (0/6)">
                  <conditions>
                    <condition number="390" type="jump" coverage="0%" />
                    <condition number="455" type="jump" coverage="0%" />
                    <condition number="467" type="jump" coverage="0%" />
                  </conditions>
                </line>
                <line number="253" hits="0" branch="False" />
                <line number="254" hits="0" branch="False" />
                <line number="255" hits="0" branch="False" />
                <line number="256" hits="0" branch="False" />
                <line number="257" hits="0" branch="False" />
                <line number="258" hits="0" branch="False" />
                <line number="259" hits="0" branch="False" />
                <line number="260" hits="0" branch="False" />
                <line number="261" hits="0" branch="False" />
                <line number="262" hits="0" branch="False" />
                <line number="264" hits="0" branch="False" />
                <line number="265" hits="0" branch="False" />
                <line number="266" hits="0" branch="False" />
                <line number="268" hits="0" branch="False" />
                <line number="269" hits="0" branch="False" />
              </lines>
            </method>
          </methods>
          <lines>
            <line number="237" hits="0" branch="True" condition-coverage="0% (0/2)">
              <conditions>
                <condition number="48" type="jump" coverage="0%" />
              </conditions>
            </line>
            <line number="238" hits="0" branch="False" />
            <line number="240" hits="0" branch="True" condition-coverage="0% (0/2)">
              <conditions>
                <condition number="109" type="jump" coverage="0%" />
              </conditions>
            </line>
            <line number="241" hits="0" branch="True" condition-coverage="0% (0/2)">
              <conditions>
                <condition number="235" type="jump" coverage="0%" />
              </conditions>
            </line>
            <line number="242" hits="0" branch="False" />
            <line number="243" hits="0" branch="False" />
            <line number="244" hits="0" branch="False" />
            <line number="245" hits="0" branch="False" />
            <line number="246" hits="0" branch="False" />
            <line number="247" hits="0" branch="False" />
            <line number="248" hits="0" branch="False" />
            <line number="249" hits="0" branch="False" />
            <line number="250" hits="0" branch="False" />
            <line number="252" hits="0" branch="True" condition-coverage="0% (0/6)">
              <conditions>
                <condition number="390" type="jump" coverage="0%" />
                <condition number="455" type="jump" coverage="0%" />
                <condition number="467" type="jump" coverage="0%" />
              </conditions>
            </line>
            <line number="253" hits="0" branch="False" />
            <line number="254" hits="0" branch="False" />
            <line number="255" hits="0" branch="False" />
            <line number="256" hits="0" branch="False" />
            <line number="257" hits="0" branch="False" />
            <line number="258" hits="0" branch="False" />
            <line number="259" hits="0" branch="False" />
            <line number="260" hits="0" branch="False" />
            <line number="261" hits="0" branch="False" />
            <line number="262" hits="0" branch="False" />
            <line number="264" hits="0" branch="False" />
            <line number="265" hits="0" branch="False" />
            <line number="266" hits="0" branch="False" />
            <line number="268" hits="0" branch="False" />
            <line number="269" hits="0" branch="False" />
          </lines>
        </class>
        <class name="Approval.Api.Controllers.DefinitionsController/&lt;PublishNewVersion&gt;d__6" filename="Approval.Api\Controllers\InstancesController.cs" line-rate="0" branch-rate="0" complexity="6">
          <methods>
            <method name="MoveNext" signature="()" line-rate="0" branch-rate="0" complexity="6">
              <lines>
                <line number="277" hits="0" branch="False" />
                <line number="278" hits="0" branch="True" condition-coverage="0% (0/2)">
                  <conditions>
                    <condition number="169" type="jump" coverage="0%" />
                  </conditions>
                </line>
                <line number="279" hits="0" branch="False" />
                <line number="281" hits="0" branch="False" />
                <line number="282" hits="0" branch="False" />
                <line number="284" hits="0" branch="True" condition-coverage="0% (0/4)">
                  <conditions>
                    <condition number="600" type="jump" coverage="0%" />
                    <condition number="612" type="jump" coverage="0%" />
                  </conditions>
                </line>
                <line number="285" hits="0" branch="False" />
                <line number="286" hits="0" branch="False" />
                <line number="287" hits="0" branch="False" />
                <line number="288" hits="0" branch="False" />
                <line number="289" hits="0" branch="False" />
                <line number="290" hits="0" branch="False" />
                <line number="291" hits="0" branch="False" />
                <line number="292" hits="0" branch="False" />
                <line number="293" hits="0" branch="False" />
                <line number="294" hits="0" branch="False" />
                <line number="296" hits="0" branch="False" />
                <line number="297" hits="0" branch="False" />
                <line number="299" hits="0" branch="False" />
                <line number="300" hits="0" branch="False" />
              </lines>
            </method>
          </methods>
          <lines>
            <line number="277" hits="0" branch="False" />
            <line number="278" hits="0" branch="True" condition-coverage="0% (0/2)">
              <conditions>
                <condition number="169" type="jump" coverage="0%" />
              </conditions>
            </line>
            <line number="279" hits="0" branch="False" />
            <line number="281" hits="0" branch="False" />
            <line number="282" hits="0" branch="False" />
            <line number="284" hits="0" branch="True" condition-coverage="0% (0/4)">
              <conditions>
                <condition number="600" type="jump" coverage="0%" />
                <condition number="612" type="jump" coverage="0%" />
              </conditions>
            </line>
            <line number="285" hits="0" branch="False" />
            <line number="286" hits="0" branch="False" />
            <line number="287" hits="0" branch="False" />
            <line number="288" hits="0" branch="False" />
            <line number="289" hits="0" branch="False" />
            <line number="290" hits="0" branch="False" />
            <line number="291" hits="0" branch="False" />
            <line number="292" hits="0" branch="False" />
            <line number="293" hits="0" branch="False" />
            <line number="294" hits="0" branch="False" />
            <line number="296" hits="0" branch="False" />
            <line number="297" hits="0" branch="False" />
            <line number="299" hits="0" branch="False" />
            <line number="300" hits="0" branch="False" />
          </lines>
        </class>
        <class name="Approval.Api.Controllers.CreateDefinitionDto" filename="Approval.Api\Controllers\InstancesController.cs" line-rate="0" branch-rate="1" complexity="1">
          <methods>
            <method name="get_Id" signature="()" line-rate="0" branch-rate="1" complexity="1">
              <lines>
                <line number="303" hits="0" branch="False" />
              </lines>
            </method>
          </methods>
          <lines>
            <line number="303" hits="0" branch="False" />
          </lines>
        </class>
        <class name="Approval.Api.Controllers.PublishVersionDto" filename="Approval.Api\Controllers\InstancesController.cs" line-rate="0" branch-rate="1" complexity="1">
          <methods>
            <method name="get_GraphJson" signature="()" line-rate="0" branch-rate="1" complexity="1">
              <lines>
                <line number="304" hits="0" branch="False" />
              </lines>
            </method>
          </methods>
          <lines>
            <line number="304" hits="0" branch="False" />
          </lines>
        </class>
        <class name="Approval.Api.Controllers.RevokeRequestDto" filename="Approval.Api\Controllers\InstancesController.cs" line-rate="1" branch-rate="1" complexity="1">
          <methods>
            <method name="get_Reason" signature="()" line-rate="1" branch-rate="1" complexity="1">
              <lines>
                <line number="305" hits="4" branch="False" />
              </lines>
            </method>
          </methods>
          <lines>
            <line number="305" hits="4" branch="False" />
          </lines>
        </class>
        <class name="Approval.Api.Controllers.MetadataController" filename="Approval.Api\Controllers\MetadataController.cs" line-rate="0" branch-rate="1" complexity="1">
          <methods>
            <method name=".ctor" signature="(Approval.Application.Common.Interfaces.ISapMetadataService,Approval.Application.Common.Interfaces.ITraceContext)" line-rate="0" branch-rate="1" complexity="1">
              <lines>
                <line number="14" hits="0" branch="False" />
                <line number="16" hits="0" branch="False" />
                <line number="17" hits="0" branch="False" />
                <line number="18" hits="0" branch="False" />
              </lines>
            </method>
          </methods>
          <lines>
            <line number="14" hits="0" branch="False" />
            <line number="16" hits="0" branch="False" />
            <line number="17" hits="0" branch="False" />
            <line number="18" hits="0" branch="False" />
          </lines>
        </class>
        <class name="Approval.Api.Controllers.MetadataController/&lt;GetCompanyInfo&gt;d__3" filename="Approval.Api\Controllers\MetadataController.cs" line-rate="0" branch-rate="1" complexity="1">
          <methods>
            <method name="MoveNext" signature="()" line-rate="0" branch-rate="1" complexity="1">
              <lines>
                <line number="28" hits="0" branch="False" />
                <line number="29" hits="0" branch="False" />
                <line number="30" hits="0" branch="False" />
              </lines>
            </method>
          </methods>
          <lines>
            <line number="28" hits="0" branch="False" />
            <line number="29" hits="0" branch="False" />
            <line number="30" hits="0" branch="False" />
          </lines>
        </class>
        <class name="Approval.Api.Controllers.MetadataController/&lt;GetObjectMetadata&gt;d__4" filename="Approval.Api\Controllers\MetadataController.cs" line-rate="0" branch-rate="1" complexity="1">
          <methods>
            <method name="MoveNext" signature="()" line-rate="0" branch-rate="1" complexity="1">
              <lines>
                <line number="42" hits="0" branch="False" />
                <line number="43" hits="0" branch="False" />
                <line number="44" hits="0" branch="False" />
              </lines>
            </method>
          </methods>
          <lines>
            <line number="42" hits="0" branch="False" />
            <line number="43" hits="0" branch="False" />
            <line number="44" hits="0" branch="False" />
          </lines>
        </class>
        <class name="Approval.Api.Controllers.MetadataController/&lt;RefreshAllMetadata&gt;d__5" filename="Approval.Api\Controllers\MetadataController.cs" line-rate="0" branch-rate="1" complexity="1">
          <methods>
            <method name="MoveNext" signature="()" line-rate="0" branch-rate="1" complexity="1">
              <lines>
                <line number="54" hits="0" branch="False" />
                <line number="55" hits="0" branch="False" />
                <line number="56" hits="0" branch="False" />
              </lines>
            </method>
          </methods>
          <lines>
            <line number="54" hits="0" branch="False" />
            <line number="55" hits="0" branch="False" />
            <line number="56" hits="0" branch="False" />
          </lines>
        </class>
        <class name="Approval.Api.Controllers.NotificationsController" filename="Approval.Api\Controllers\NotificationsController.cs" line-rate="1" branch-rate="1" complexity="1">
          <methods>
            <method name=".ctor" signature="(Approval.Application.Common.Interfaces.IApprovalDbContext,Approval.Application.Common.Interfaces.ITraceContext)" line-rate="1" branch-rate="1" complexity="1">
              <lines>
                <line number="17" hits="2" branch="False" />
                <line number="19" hits="2" branch="False" />
                <line number="20" hits="2" branch="False" />
                <line number="21" hits="2" branch="False" />
              </lines>
            </method>
          </methods>
          <lines>
            <line number="17" hits="2" branch="False" />
            <line number="19" hits="2" branch="False" />
            <line number="20" hits="2" branch="False" />
            <line number="21" hits="2" branch="False" />
          </lines>
        </class>
        <class name="Approval.Api.Controllers.NotificationsController/&lt;GetNotifications&gt;d__3" filename="Approval.Api\Controllers\NotificationsController.cs" line-rate="0.9729000000000001" branch-rate="0.4285" complexity="14">
          <methods>
            <method name="MoveNext" signature="()" line-rate="0.9729000000000001" branch-rate="0.4285" complexity="14">
              <lines>
                <line number="32" hits="2" branch="True" condition-coverage="41.66% (5/12)">
                  <conditions>
                    <condition number="51" type="jump" coverage="50%" />
                    <condition number="63" type="jump" coverage="50%" />
                    <condition number="98" type="jump" coverage="50%" />
                    <condition number="113" type="jump" coverage="50%" />
                    <condition number="128" type="jump" coverage="0%" />
                    <condition number="140" type="jump" coverage="50%" />
                  </conditions>
                </line>
                <line number="33" hits="2" branch="False" />
                <line number="34" hits="2" branch="False" />
                <line number="35" hits="2" branch="False" />
                <line number="36" hits="2" branch="False" />
                <line number="38" hits="2" branch="False" />
                <line number="39" hits="2" branch="False" />
                <line number="40" hits="2" branch="False" />
                <line number="42" hits="2" branch="False" />
                <line number="43" hits="2" branch="False" />
                <line number="45" hits="2" branch="True" condition-coverage="50% (1/2)">
                  <conditions>
                    <condition number="535" type="jump" coverage="50%" />
                  </conditions>
                </line>
                <line number="47" hits="0" branch="False" />
                <line number="50" hits="2" branch="False" />
                <line number="51" hits="2" branch="False" />
                <line number="52" hits="2" branch="False" />
                <line number="53" hits="2" branch="False" />
                <line number="54" hits="2" branch="False" />
                <line number="55" hits="2" branch="False" />
                <line number="56" hits="2" branch="False" />
                <line number="57" hits="2" branch="False" />
                <line number="58" hits="2" branch="False" />
                <line number="59" hits="2" branch="False" />
                <line number="60" hits="2" branch="False" />
                <line number="61" hits="2" branch="False" />
                <line number="62" hits="2" branch="False" />
                <line number="63" hits="2" branch="False" />
                <line number="64" hits="2" branch="False" />
                <line number="65" hits="2" branch="False" />
                <line number="66" hits="2" branch="False" />
                <line number="67" hits="2" branch="False" />
                <line number="68" hits="2" branch="False" />
                <line number="70" hits="2" branch="False" />
                <line number="71" hits="2" branch="False" />
                <line number="72" hits="2" branch="False" />
                <line number="73" hits="2" branch="False" />
                <line number="74" hits="2" branch="False" />
                <line number="75" hits="2" branch="False" />
              </lines>
            </method>
          </methods>
          <lines>
            <line number="32" hits="2" branch="True" condition-coverage="41.66% (5/12)">
              <conditions>
                <condition number="51" type="jump" coverage="50%" />
                <condition number="63" type="jump" coverage="50%" />
                <condition number="98" type="jump" coverage="50%" />
                <condition number="113" type="jump" coverage="50%" />
                <condition number="128" type="jump" coverage="0%" />
                <condition number="140" type="jump" coverage="50%" />
              </conditions>
            </line>
            <line number="33" hits="2" branch="False" />
            <line number="34" hits="2" branch="False" />
            <line number="35" hits="2" branch="False" />
            <line number="36" hits="2" branch="False" />
            <line number="38" hits="2" branch="False" />
            <line number="39" hits="2" branch="False" />
            <line number="40" hits="2" branch="False" />
            <line number="42" hits="2" branch="False" />
            <line number="43" hits="2" branch="False" />
            <line number="45" hits="2" branch="True" condition-coverage="50% (1/2)">
              <conditions>
                <condition number="535" type="jump" coverage="50%" />
              </conditions>
            </line>
            <line number="47" hits="0" branch="False" />
            <line number="50" hits="2" branch="False" />
            <line number="51" hits="2" branch="False" />
            <line number="52" hits="2" branch="False" />
            <line number="53" hits="2" branch="False" />
            <line number="54" hits="2" branch="False" />
            <line number="55" hits="2" branch="False" />
            <line number="56" hits="2" branch="False" />
            <line number="57" hits="2" branch="False" />
            <line number="58" hits="2" branch="False" />
            <line number="59" hits="2" branch="False" />
            <line number="60" hits="2" branch="False" />
            <line number="61" hits="2" branch="False" />
            <line number="62" hits="2" branch="False" />
            <line number="63" hits="2" branch="False" />
            <line number="64" hits="2" branch="False" />
            <line number="65" hits="2" branch="False" />
            <line number="66" hits="2" branch="False" />
            <line number="67" hits="2" branch="False" />
            <line number="68" hits="2" branch="False" />
            <line number="70" hits="2" branch="False" />
            <line number="71" hits="2" branch="False" />
            <line number="72" hits="2" branch="False" />
            <line number="73" hits="2" branch="False" />
            <line number="74" hits="2" branch="False" />
            <line number="75" hits="2" branch="False" />
          </lines>
        </class>
        <class name="Approval.Api.Controllers.NotificationsController/&lt;MarkAllAsRead&gt;d__5" filename="Approval.Api\Controllers\NotificationsController.cs" line-rate="0" branch-rate="0" complexity="14">
          <methods>
            <method name="MoveNext" signature="()" line-rate="0" branch-rate="0" complexity="14">
              <lines>
                <line number="110" hits="0" branch="True" condition-coverage="0% (0/12)">
                  <conditions>
                    <condition number="51" type="jump" coverage="0%" />
                    <condition number="63" type="jump" coverage="0%" />
                    <condition number="98" type="jump" coverage="0%" />
                    <condition number="113" type="jump" coverage="0%" />
                    <condition number="128" type="jump" coverage="0%" />
                    <condition number="140" type="jump" coverage="0%" />
                  </conditions>
                </line>
                <line number="111" hits="0" branch="False" />
                <line number="112" hits="0" branch="False" />
                <line number="113" hits="0" branch="False" />
                <line number="114" hits="0" branch="False" />
                <line number="116" hits="0" branch="False" />
                <line number="117" hits="0" branch="False" />
                <line number="118" hits="0" branch="False" />
                <line number="120" hits="0" branch="False" />
                <line number="121" hits="0" branch="True" condition-coverage="0% (0/2)">
                  <conditions>
                    <condition number="466" type="jump" coverage="0%" />
                  </conditions>
                </line>
                <line number="123" hits="0" branch="False" />
                <line number="124" hits="0" branch="False" />
                <line number="127" hits="0" branch="False" />
                <line number="128" hits="0" branch="False" />
                <line number="129" hits="0" branch="False" />
              </lines>
            </method>
          </methods>
          <lines>
            <line number="110" hits="0" branch="True" condition-coverage="0% (0/12)">
              <conditions>
                <condition number="51" type="jump" coverage="0%" />
                <condition number="63" type="jump" coverage="0%" />
                <condition number="98" type="jump" coverage="0%" />
                <condition number="113" type="jump" coverage="0%" />
                <condition number="128" type="jump" coverage="0%" />
                <condition number="140" type="jump" coverage="0%" />
              </conditions>
            </line>
            <line number="111" hits="0" branch="False" />
            <line number="112" hits="0" branch="False" />
            <line number="113" hits="0" branch="False" />
            <line number="114" hits="0" branch="False" />
            <line number="116" hits="0" branch="False" />
            <line number="117" hits="0" branch="False" />
            <line number="118" hits="0" branch="False" />
            <line number="120" hits="0" branch="False" />
            <line number="121" hits="0" branch="True" condition-coverage="0% (0/2)">
              <conditions>
                <condition number="466" type="jump" coverage="0%" />
              </conditions>
            </line>
            <line number="123" hits="0" branch="False" />
            <line number="124" hits="0" branch="False" />
            <line number="127" hits="0" branch="False" />
            <line number="128" hits="0" branch="False" />
            <line number="129" hits="0" branch="False" />
          </lines>
        </class>
        <class name="Approval.Api.Controllers.NotificationsController/&lt;MarkAsRead&gt;d__4" filename="Approval.Api\Controllers\NotificationsController.cs" line-rate="0" branch-rate="0" complexity="16">
          <methods>
            <method name="MoveNext" signature="()" line-rate="0" branch-rate="0" complexity="16">
              <lines>
                <line number="83" hits="0" branch="True" condition-coverage="0% (0/12)">
                  <conditions>
                    <condition number="78" type="jump" coverage="0%" />
                    <condition number="90" type="jump" coverage="0%" />
                    <condition number="125" type="jump" coverage="0%" />
                    <condition number="140" type="jump" coverage="0%" />
                    <condition number="155" type="jump" coverage="0%" />
                    <condition number="167" type="jump" coverage="0%" />
                  </conditions>
                </line>
                <line number="84" hits="0" branch="False" />
                <line number="85" hits="0" branch="False" />
                <line number="86" hits="0" branch="False" />
                <line number="87" hits="0" branch="False" />
                <line number="89" hits="0" branch="False" />
                <line number="91" hits="0" branch="True" condition-coverage="0% (0/2)">
                  <conditions>
                    <condition number="465" type="jump" coverage="0%" />
                  </conditions>
                </line>
                <line number="92" hits="0" branch="False" />
                <line number="94" hits="0" branch="True" condition-coverage="0% (0/2)">
                  <conditions>
                    <condition number="532" type="jump" coverage="0%" />
                  </conditions>
                </line>
                <line number="96" hits="0" branch="False" />
                <line number="97" hits="0" branch="False" />
                <line number="98" hits="0" branch="False" />
                <line number="101" hits="0" branch="False" />
                <line number="102" hits="0" branch="False" />
              </lines>
            </method>
          </methods>
          <lines>
            <line number="83" hits="0" branch="True" condition-coverage="0% (0/12)">
              <conditions>
                <condition number="78" type="jump" coverage="0%" />
                <condition number="90" type="jump" coverage="0%" />
                <condition number="125" type="jump" coverage="0%" />
                <condition number="140" type="jump" coverage="0%" />
                <condition number="155" type="jump" coverage="0%" />
                <condition number="167" type="jump" coverage="0%" />
              </conditions>
            </line>
            <line number="84" hits="0" branch="False" />
            <line number="85" hits="0" branch="False" />
            <line number="86" hits="0" branch="False" />
            <line number="87" hits="0" branch="False" />
            <line number="89" hits="0" branch="False" />
            <line number="91" hits="0" branch="True" condition-coverage="0% (0/2)">
              <conditions>
                <condition number="465" type="jump" coverage="0%" />
              </conditions>
            </line>
            <line number="92" hits="0" branch="False" />
            <line number="94" hits="0" branch="True" condition-coverage="0% (0/2)">
              <conditions>
                <condition number="532" type="jump" coverage="0%" />
              </conditions>
            </line>
            <line number="96" hits="0" branch="False" />
            <line number="97" hits="0" branch="False" />
            <line number="98" hits="0" branch="False" />
            <line number="101" hits="0" branch="False" />
            <line number="102" hits="0" branch="False" />
          </lines>
        </class>
        <class name="Approval.Api.Controllers.RuleDto" filename="Approval.Api\Controllers\RulesController.cs" line-rate="0" branch-rate="1" complexity="17">
          <methods>
            <method name="get_Id" signature="()" line-rate="0" branch-rate="1" complexity="1">
              <lines>
                <line number="14" hits="0" branch="False" />
              </lines>
            </method>
            <method name="get_CompanyId" signature="()" line-rate="0" branch-rate="1" complexity="1">
              <lines>
                <line number="15" hits="0" branch="False" />
              </lines>
            </method>
            <method name="get_ObjectCode" signature="()" line-rate="0" branch-rate="1" complexity="1">
              <lines>
                <line number="16" hits="0" branch="False" />
              </lines>
            </method>
            <method name="get_ObjectType" signature="()" line-rate="0" branch-rate="1" complexity="1">
              <lines>
                <line number="17" hits="0" branch="False" />
              </lines>
            </method>
            <method name="get_RuleName" signature="()" line-rate="0" branch-rate="1" complexity="1">
              <lines>
                <line number="18" hits="0" branch="False" />
              </lines>
            </method>
            <method name="get_Description" signature="()" line-rate="0" branch-rate="1" complexity="1">
              <lines>
                <line number="19" hits="0" branch="False" />
              </lines>
            </method>
            <method name="get_TriggerMode" signature="()" line-rate="0" branch-rate="1" complexity="1">
              <lines>
                <line number="20" hits="0" branch="False" />
              </lines>
            </method>
            <method name="get_TriggerFieldName" signature="()" line-rate="0" branch-rate="1" complexity="1">
              <lines>
                <line number="21" hits="0" branch="False" />
              </lines>
            </method>
            <method name="get_UserScopeMode" signature="()" line-rate="0" branch-rate="1" complexity="1">
              <lines>
                <line number="22" hits="0" branch="False" />
              </lines>
            </method>
            <method name="get_UserScopeList" signature="()" line-rate="0" branch-rate="1" complexity="1">
              <lines>
                <line number="23" hits="0" branch="False" />
              </lines>
            </method>
            <method name="get_DeptScopeList" signature="()" line-rate="0" branch-rate="1" complexity="1">
              <lines>
                <line number="24" hits="0" branch="False" />
              </lines>
            </method>
            <method name="get_ConditionExpr" signature="()" line-rate="0" branch-rate="1" complexity="1">
              <lines>
                <line number="25" hits="0" branch="False" />
              </lines>
            </method>
            <method name="get_TargetDefinitionId" signature="()" line-rate="0" branch-rate="1" complexity="1">
              <lines>
                <line number="26" hits="0" branch="False" />
              </lines>
            </method>
            <method name="get_TargetVersionId" signature="()" line-rate="0" branch-rate="1" complexity="1">
              <lines>
                <line number="27" hits="0" branch="False" />
              </lines>
            </method>
            <method name="get_Priority" signature="()" line-rate="0" branch-rate="1" complexity="1">
              <lines>
                <line number="28" hits="0" branch="False" />
              </lines>
            </method>
            <method name="get_IsActive" signature="()" line-rate="0" branch-rate="1" complexity="1">
              <lines>
                <line number="29" hits="0" branch="False" />
              </lines>
            </method>
            <method name=".ctor" signature="(System.String,System.String,System.String,System.String,System.String,System.String,System.String,System.String,Approval.Domain.Enums.UserScopeMode,System.Collections.Generic.List`1&lt;System.String&gt;,System.Collections.Generic.List`1&lt;System.String&gt;,System.String,System.String,System.String,System.Int32,System.Boolean)" line-rate="0" branch-rate="1" complexity="1">
              <lines>
                <line number="13" hits="0" branch="False" />
                <line number="30" hits="0" branch="False" />
              </lines>
            </method>
          </methods>
[...]
                <line number="53" hits="19" branch="False" />
                <line number="54" hits="19" branch="False" />
                <line number="55" hits="19" branch="False" />
                <line number="56" hits="19" branch="False" />
                <line number="57" hits="19" branch="False" />
                <line number="58" hits="19" branch="False" />
                <line number="59" hits="19" branch="False" />
                <line number="60" hits="19" branch="False" />
                <line number="61" hits="19" branch="False" />
                <line number="62" hits="19" branch="False" />
                <line number="63" hits="19" branch="False" />
                <line number="64" hits="19" branch="False" />
                <line number="65" hits="19" branch="False" />
                <line number="66" hits="19" branch="False" />
                <line number="67" hits="19" branch="False" />
                <line number="68" hits="19" branch="False" />
                <line number="69" hits="19" branch="False" />
                <line number="70" hits="19" branch="False" />
                <line number="71" hits="19" branch="False" />
                <line number="72" hits="19" branch="False" />
                <line number="74" hits="19" branch="False" />
              </lines>
            </method>
            <method name="WriteApprovalMirrorAsync" signature="(System.String,System.String,System.String,System.String,System.String,System.Threading.CancellationToken)" line-rate="0" branch-rate="1" complexity="1">
              <lines>
                <line number="85" hits="0" branch="False" />
                <line number="86" hits="0" branch="False" />
                <line number="87" hits="0" branch="False" />
              </lines>
            </method>
            <method name=".ctor" signature="(System.String)" line-rate="1" branch-rate="1" complexity="1">
              <lines>
                <line number="15" hits="14" branch="False" />
                <line number="17" hits="14" branch="False" />
                <line number="18" hits="14" branch="False" />
              </lines>
            </method>
            <method name=".cctor" signature="()" line-rate="0" branch-rate="1" complexity="1">
              <lines>
                <line number="13" hits="0" branch="False" />
              </lines>
            </method>
          </methods>
          <lines>
            <line number="20" hits="21" branch="False" />
            <line number="25" hits="19" branch="True" condition-coverage="100% (2/2)">
              <conditions>
                <condition number="8" type="jump" coverage="100%" />
              </conditions>
            </line>
            <line number="26" hits="19" branch="False" />
            <line number="27" hits="19" branch="False" />
            <line number="28" hits="19" branch="False" />
            <line number="29" hits="19" branch="False" />
            <line number="30" hits="19" branch="False" />
            <line number="31" hits="19" branch="False" />
            <line number="32" hits="19" branch="False" />
            <line number="33" hits="19" branch="False" />
            <line number="34" hits="19" branch="False" />
            <line number="35" hits="19" branch="False" />
            <line number="36" hits="19" branch="False" />
            <line number="37" hits="19" branch="False" />
            <line number="38" hits="19" branch="False" />
            <line number="39" hits="19" branch="False" />
            <line number="40" hits="19" branch="False" />
            <line number="41" hits="19" branch="False" />
            <line number="42" hits="19" branch="False" />
            <line number="43" hits="19" branch="False" />
            <line number="44" hits="19" branch="False" />
            <line number="46" hits="19" branch="False" />
            <line number="48" hits="19" branch="False" />
            <line number="49" hits="19" branch="False" />
            <line number="50" hits="19" branch="False" />
            <line number="51" hits="19" branch="False" />
            <line number="52" hits="19" branch="False" />
            <line number="53" hits="19" branch="False" />
            <line number="54" hits="19" branch="False" />
            <line number="55" hits="19" branch="False" />
            <line number="56" hits="19" branch="False" />
            <line number="57" hits="19" branch="False" />
            <line number="58" hits="19" branch="False" />
            <line number="59" hits="19" branch="False" />
            <line number="60" hits="19" branch="False" />
            <line number="61" hits="19" branch="False" />
            <line number="62" hits="19" branch="False" />
            <line number="63" hits="19" branch="False" />
            <line number="64" hits="19" branch="False" />
            <line number="65" hits="19" branch="False" />
            <line number="66" hits="19" branch="False" />
            <line number="67" hits="19" branch="False" />
            <line number="68" hits="19" branch="False" />
            <line number="69" hits="19" branch="False" />
            <line number="70" hits="19" branch="False" />
            <line number="71" hits="19" branch="False" />
            <line number="72" hits="19" branch="False" />
            <line number="74" hits="19" branch="False" />
            <line number="85" hits="0" branch="False" />
            <line number="86" hits="0" branch="False" />
            <line number="87" hits="0" branch="False" />
            <line number="15" hits="14" branch="False" />
            <line number="17" hits="14" branch="False" />
            <line number="18" hits="14" branch="False" />
            <line number="13" hits="0" branch="False" />
          </lines>
        </class>
        <class name="Approval.SapAdapter.Adapters.ServiceLayerObjectAdapter" filename="Approval.SapAdapter\Adapters\ServiceLayerObjectAdapter.cs" line-rate="0" branch-rate="0" complexity="16">
          <methods>
            <method name="get_SupportedObjectCode" signature="()" line-rate="0" branch-rate="1" complexity="1">
              <lines>
                <line number="19" hits="0" branch="False" />
              </lines>
            </method>
            <method name="EnsureCompany" signature="(System.String)" line-rate="0" branch-rate="0" complexity="2">
              <lines>
                <line number="72" hits="0" branch="True" condition-coverage="0% (0/2)">
                  <conditions>
                    <condition number="18" type="jump" coverage="0%" />
                  </conditions>
                </line>
                <line number="73" hits="0" branch="False" />
                <line number="74" hits="0" branch="False" />
              </lines>
            </method>
            <method name="ReadText" signature="(System.Text.Json.JsonElement,System.String)" line-rate="0" branch-rate="0" complexity="4">
              <lines>
                <line number="77" hits="0" branch="True" condition-coverage="0% (0/4)">
                  <conditions>
                    <condition number="6" type="jump" coverage="0%" />
                    <condition number="17" type="jump" coverage="0%" />
                  </conditions>
                </line>
              </lines>
            </method>
            <method name="ReadDecimal" signature="(System.Text.Json.JsonElement,System.String)" line-rate="0" branch-rate="0" complexity="4">
              <lines>
                <line number="80" hits="0" branch="True" condition-coverage="0% (0/4)">
                  <conditions>
                    <condition number="9" type="jump" coverage="0%" />
                    <condition number="20" type="jump" coverage="0%" />
                  </conditions>
                </line>
              </lines>
            </method>
            <method name="TryGetProperty" signature="(System.Text.Json.JsonElement,System.String,System.Text.Json.JsonElement&amp;)" line-rate="0" branch-rate="0" complexity="4">
              <lines>
                <line number="84" hits="0" branch="True" condition-coverage="0% (0/2)">
                  <conditions>
                    <condition number="66" type="jump" coverage="0%" />
                  </conditions>
                </line>
                <line number="85" hits="0" branch="True" condition-coverage="0% (0/2)">
                  <conditions>
                    <condition number="40" type="jump" coverage="0%" />
                  </conditions>
                </line>
                <line number="87" hits="0" branch="False" />
                <line number="88" hits="0" branch="False" />
                <line number="90" hits="0" branch="False" />
                <line number="91" hits="0" branch="False" />
                <line number="92" hits="0" branch="False" />
              </lines>
            </method>
            <method name=".ctor" signature="(Approval.SapAdapter.ServiceLayer.ServiceLayerClient,Approval.SapAdapter.ServiceLayer.ServiceLayerObjectOptions)" line-rate="0" branch-rate="1" complexity="1">
              <lines>
                <line number="13" hits="0" branch="False" />
                <line number="15" hits="0" branch="False" />
                <line number="16" hits="0" branch="False" />
                <line number="17" hits="0" branch="False" />
              </lines>
            </method>
          </methods>
          <lines>
            <line number="19" hits="0" branch="False" />
            <line number="72" hits="0" branch="True" condition-coverage="0% (0/2)">
              <conditions>
                <condition number="18" type="jump" coverage="0%" />
              </conditions>
            </line>
            <line number="73" hits="0" branch="False" />
            <line number="74" hits="0" branch="False" />
            <line number="77" hits="0" branch="True" condition-coverage="0% (0/4)">
              <conditions>
                <condition number="6" type="jump" coverage="0%" />
                <condition number="17" type="jump" coverage="0%" />
              </conditions>
            </line>
            <line number="80" hits="0" branch="True" condition-coverage="0% (0/4)">
              <conditions>
                <condition number="9" type="jump" coverage="0%" />
                <condition number="20" type="jump" coverage="0%" />
              </conditions>
            </line>
            <line number="84" hits="0" branch="True" condition-coverage="0% (0/2)">
              <conditions>
                <condition number="66" type="jump" coverage="0%" />
              </conditions>
            </line>
            <line number="85" hits="0" branch="True" condition-coverage="0% (0/2)">
              <conditions>
                <condition number="40" type="jump" coverage="0%" />
              </conditions>
            </line>
            <line number="87" hits="0" branch="False" />
            <line number="88" hits="0" branch="False" />
            <line number="90" hits="0" branch="False" />
            <line number="91" hits="0" branch="False" />
            <line number="92" hits="0" branch="False" />
            <line number="13" hits="0" branch="False" />
            <line number="15" hits="0" branch="False" />
            <line number="16" hits="0" branch="False" />
            <line number="17" hits="0" branch="False" />
          </lines>
        </class>
        <class name="Approval.SapAdapter.Adapters.ServiceLayerObjectAdapter/&lt;FetchObjectAsync&gt;d__5" filename="Approval.SapAdapter\Adapters\ServiceLayerObjectAdapter.cs" line-rate="0" branch-rate="0" complexity="26">
          <methods>
            <method name="MoveNext" signature="()" line-rate="0" branch-rate="0" complexity="26">
              <lines>
                <line number="23" hits="0" branch="False" />
                <line number="24" hits="0" branch="False" />
                <line number="25" hits="0" branch="False" />
                <line number="26" hits="0" branch="False" />
                <line number="27" hits="0" branch="False" />
                <line number="28" hits="0" branch="True" condition-coverage="0% (0/2)">
                  <conditions>
                    <condition number="290" type="jump" coverage="0%" />
                  </conditions>
                </line>
                <line number="29" hits="0" branch="True" condition-coverage="0% (0/4)">
                  <conditions>
                    <condition number="233" type="jump" coverage="0%" />
                    <condition number="245" type="jump" coverage="0%" />
                  </conditions>
                </line>
                <line number="30" hits="0" branch="False" />
                <line number="32" hits="0" branch="False" />
                <line number="33" hits="0" branch="True" condition-coverage="0% (0/6)">
                  <conditions>
                    <condition number="335" type="jump" coverage="0%" />
                    <condition number="360" type="jump" coverage="0%" />
                    <condition number="373" type="jump" coverage="0%" />
                  </conditions>
                </line>
                <line number="34" hits="0" branch="False" />
                <line number="36" hits="0" branch="True" condition-coverage="0% (0/2)">
                  <conditions>
                    <condition number="564" type="jump" coverage="0%" />
                  </conditions>
                </line>
                <line number="38" hits="0" branch="False" />
                <line number="39" hits="0" branch="True" condition-coverage="0% (0/2)">
                  <conditions>
                    <condition number="526" type="jump" coverage="0%" />
                  </conditions>
                </line>
                <line number="40" hits="0" branch="True" condition-coverage="0% (0/4)">
                  <conditions>
                    <condition number="469" type="jump" coverage="0%" />
                    <condition number="481" type="jump" coverage="0%" />
                  </conditions>
                </line>
                <line number="41" hits="0" branch="False" />
                <line number="42" hits="0" branch="False" />
                <line number="46" hits="0" branch="True" condition-coverage="0% (0/6)">
                  <conditions>
                    <condition number="650" type="jump" coverage="0%" />
                    <condition number="700" type="jump" coverage="0%" />
                    <condition number="730" type="jump" coverage="0%" />
                  </conditions>
                </line>
                <line number="47" hits="0" branch="False" />
                <line number="48" hits="0" branch="False" />
                <line number="49" hits="0" branch="False" />
                <line number="50" hits="0" branch="False" />
                <line number="51" hits="0" branch="False" />
                <line number="52" hits="0" branch="False" />
                <line number="53" hits="0" branch="False" />
                <line number="54" hits="0" branch="False" />
                <line number="55" hits="0" branch="False" />
                <line number="56" hits="0" branch="False" />
                <line number="57" hits="0" branch="False" />
                <line number="58" hits="0" branch="False" />
                <line number="59" hits="0" branch="False" />
              </lines>
            </method>
          </methods>
          <lines>
            <line number="23" hits="0" branch="False" />
            <line number="24" hits="0" branch="False" />
            <line number="25" hits="0" branch="False" />
            <line number="26" hits="0" branch="False" />
            <line number="27" hits="0" branch="False" />
            <line number="28" hits="0" branch="True" condition-coverage="0% (0/2)">
              <conditions>
                <condition number="290" type="jump" coverage="0%" />
              </conditions>
            </line>
            <line number="29" hits="0" branch="True" condition-coverage="0% (0/4)">
              <conditions>
                <condition number="233" type="jump" coverage="0%" />
                <condition number="245" type="jump" coverage="0%" />
              </conditions>
            </line>
            <line number="30" hits="0" branch="False" />
            <line number="32" hits="0" branch="False" />
            <line number="33" hits="0" branch="True" condition-coverage="0% (0/6)">
              <conditions>
                <condition number="335" type="jump" coverage="0%" />
                <condition number="360" type="jump" coverage="0%" />
                <condition number="373" type="jump" coverage="0%" />
              </conditions>
            </line>
            <line number="34" hits="0" branch="False" />
            <line number="36" hits="0" branch="True" condition-coverage="0% (0/2)">
              <conditions>
                <condition number="564" type="jump" coverage="0%" />
              </conditions>
            </line>
            <line number="38" hits="0" branch="False" />
            <line number="39" hits="0" branch="True" condition-coverage="0% (0/2)">
              <conditions>
                <condition number="526" type="jump" coverage="0%" />
              </conditions>
            </line>
            <line number="40" hits="0" branch="True" condition-coverage="0% (0/4)">
              <conditions>
                <condition number="469" type="jump" coverage="0%" />
                <condition number="481" type="jump" coverage="0%" />
              </conditions>
            </line>
            <line number="41" hits="0" branch="False" />
            <line number="42" hits="0" branch="False" />
            <line number="46" hits="0" branch="True" condition-coverage="0% (0/6)">
              <conditions>
                <condition number="650" type="jump" coverage="0%" />
                <condition number="700" type="jump" coverage="0%" />
                <condition number="730" type="jump" coverage="0%" />
              </conditions>
            </line>
            <line number="47" hits="0" branch="False" />
            <line number="48" hits="0" branch="False" />
            <line number="49" hits="0" branch="False" />
            <line number="50" hits="0" branch="False" />
            <line number="51" hits="0" branch="False" />
            <line number="52" hits="0" branch="False" />
            <line number="53" hits="0" branch="False" />
            <line number="54" hits="0" branch="False" />
            <line number="55" hits="0" branch="False" />
            <line number="56" hits="0" branch="False" />
            <line number="57" hits="0" branch="False" />
            <line number="58" hits="0" branch="False" />
            <line number="59" hits="0" branch="False" />
          </lines>
        </class>
        <class name="Approval.SapAdapter.Adapters.ServiceLayerObjectAdapter/&lt;WriteApprovalMirrorAsync&gt;d__6" filename="Approval.SapAdapter\Adapters\ServiceLayerObjectAdapter.cs" line-rate="0" branch-rate="1" complexity="1">
          <methods>
            <method name="MoveNext" signature="()" line-rate="0" branch-rate="1" complexity="1">
              <lines>
                <line number="65" hits="0" branch="False" />
                <line number="66" hits="0" branch="False" />
                <line number="67" hits="0" branch="False" />
                <line number="68" hits="0" branch="False" />
              </lines>
            </method>
          </methods>
          <lines>
            <line number="65" hits="0" branch="False" />
            <line number="66" hits="0" branch="False" />
            <line number="67" hits="0" branch="False" />
            <line number="68" hits="0" branch="False" />
          </lines>
        </class>
      </classes>
    </package>
  </packages>
</coverage>